Making output directory...
Running Sphinx v1.2.2
Warning: ignoring unsupported tag `ALLOW_UNICODE_NAMES    =' at line 79, file vendor/erebot/buildenv/Doxyfile
Warning: Tag `CLANG_ASSISTED_PARSING' at line 998 of file vendor/erebot/buildenv/Doxyfile belongs to an option that was not enabled at compile time.
To avoid this warning please remove this line from your configuration file, upgrade it using "doxygen -u", or recompile doxygen with this feature enabled.
Warning: Tag `CLANG_OPTIONS' at line 1006 of file vendor/erebot/buildenv/Doxyfile belongs to an option that was not enabled at compile time.
To avoid this warning please remove this line from your configuration file, upgrade it using "doxygen -u", or recompile doxygen with this feature enabled.
Warning: ignoring unsupported tag `MAN_SUBDIR             =' at line 1814, file vendor/erebot/buildenv/Doxyfile
Warning: ignoring unsupported tag `DOCBOOK_PROGRAMLISTING =' at line 1877, file vendor/erebot/buildenv/Doxyfile
Warning: ignoring unsupported tag `PLANTUML_JAR_PATH      =' at line 2302, file vendor/erebot/buildenv/Doxyfile
Searching for include files...
Searching for example files...
Searching for images...
Searching for dot files...
Searching for msc files...
Searching for dia files...
Searching for files to exclude
Searching for files to process...
Searching for files in directory /home/travis/build/Erebot/erebot.github.io/tmp/clone/src
Searching for files in directory /home/travis/build/Erebot/erebot.github.io/tmp/clone/src/Uno
Searching for files in directory /home/travis/build/Erebot/erebot.github.io/tmp/clone/src/Uno/Deck
Reading and parsing tag files
Parsing files
Reading /home/travis/build/Erebot/erebot.github.io/tmp/clone/src/Uno/AbstractDeck.php...
Parsing file /home/travis/build/Erebot/erebot.github.io/tmp/clone/src/Uno/AbstractDeck.php...
Reading /home/travis/build/Erebot/erebot.github.io/tmp/clone/src/Uno/AlreadyDrewException.php...
Parsing file /home/travis/build/Erebot/erebot.github.io/tmp/clone/src/Uno/AlreadyDrewException.php...
Reading /home/travis/build/Erebot/erebot.github.io/tmp/clone/src/Uno/Deck/Official.php...
Parsing file /home/travis/build/Erebot/erebot.github.io/tmp/clone/src/Uno/Deck/Official.php...
Reading /home/travis/build/Erebot/erebot.github.io/tmp/clone/src/Uno/Deck/Unlimited.php...
Parsing file /home/travis/build/Erebot/erebot.github.io/tmp/clone/src/Uno/Deck/Unlimited.php...
Reading /home/travis/build/Erebot/erebot.github.io/tmp/clone/src/Uno/EmptyDeckException.php...
Parsing file /home/travis/build/Erebot/erebot.github.io/tmp/clone/src/Uno/EmptyDeckException.php...
Reading /home/travis/build/Erebot/erebot.github.io/tmp/clone/src/Uno/Exception.php...
Parsing file /home/travis/build/Erebot/erebot.github.io/tmp/clone/src/Uno/Exception.php...
Reading /home/travis/build/Erebot/erebot.github.io/tmp/clone/src/Uno/Game.php...
Parsing file /home/travis/build/Erebot/erebot.github.io/tmp/clone/src/Uno/Game.php...
Reading /home/travis/build/Erebot/erebot.github.io/tmp/clone/src/Uno/Hand.php...
Parsing file /home/travis/build/Erebot/erebot.github.io/tmp/clone/src/Uno/Hand.php...
Reading /home/travis/build/Erebot/erebot.github.io/tmp/clone/src/Uno/InternalErrorException.php...
Parsing file /home/travis/build/Erebot/erebot.github.io/tmp/clone/src/Uno/InternalErrorException.php...
Reading /home/travis/build/Erebot/erebot.github.io/tmp/clone/src/Uno/InvalidMoveException.php...
Parsing file /home/travis/build/Erebot/erebot.github.io/tmp/clone/src/Uno/InvalidMoveException.php...
Reading /home/travis/build/Erebot/erebot.github.io/tmp/clone/src/Uno/MissingCardsException.php...
Parsing file /home/travis/build/Erebot/erebot.github.io/tmp/clone/src/Uno/MissingCardsException.php...
Reading /home/travis/build/Erebot/erebot.github.io/tmp/clone/src/Uno/MoveNotAllowedException.php...
Parsing file /home/travis/build/Erebot/erebot.github.io/tmp/clone/src/Uno/MoveNotAllowedException.php...
Reading /home/travis/build/Erebot/erebot.github.io/tmp/clone/src/Uno/MustDrawBeforePassException.php...
Parsing file /home/travis/build/Erebot/erebot.github.io/tmp/clone/src/Uno/MustDrawBeforePassException.php...
Reading /home/travis/build/Erebot/erebot.github.io/tmp/clone/src/Uno/UnchallengeableException.php...
Parsing file /home/travis/build/Erebot/erebot.github.io/tmp/clone/src/Uno/UnchallengeableException.php...
Reading /home/travis/build/Erebot/erebot.github.io/tmp/clone/src/Uno/WaitingForColorException.php...
Parsing file /home/travis/build/Erebot/erebot.github.io/tmp/clone/src/Uno/WaitingForColorException.php...
Reading /home/travis/build/Erebot/erebot.github.io/tmp/clone/src/Uno.php...
Parsing file /home/travis/build/Erebot/erebot.github.io/tmp/clone/src/Uno.php...
Building group list...
Building directory list...
Building namespace list...
Building file list...
Building class list...
Associating documentation with classes...
Computing nesting relations for classes...
Building example list...
Searching for enumerations...
Searching for documented typedefs...
Searching for members imported via using declarations...
Searching for included using directives...
Searching for documented variables...
Building interface member list...
Building membe/home/travis/build/Erebot/erebot.github.io/tmp/clone/src/Uno.php:22: warning: Compound Erebot::Module::Uno is not documented.
/home/travis/build/Erebot/erebot.github.io/tmp/clone/src/Uno/Deck/Unlimited.php:22: warning: Compound Erebot::Module::Uno::Deck::Unlimited is not documented.
/home/travis/build/Erebot/erebot.github.io/tmp/clone/src/Uno/MoveNotAllowedException.php:22: warning: Compound Erebot::Module::Uno::MoveNotAllowedException is not documented.
/home/travis/build/Erebot/erebot.github.io/tmp/clone/src/Uno/AbstractDeck.php:22: warning: Compound Erebot::Module::Uno::AbstractDeck is not documented.
/home/travis/build/Erebot/erebot.github.io/tmp/clone/src/Uno/Deck/Official.php:22: warning: Compound Erebot::Module::Uno::Deck::Official is not documented.
/home/travis/build/Erebot/erebot.github.io/tmp/clone/src/Uno/Hand.php:22: warning: Compound Erebot::Module::Uno::Hand is not documented.
/home/travis/build/Erebot/erebot.github.io/tmp/clone/src/Uno/Game.php:22: warning: Compound Erebot::Module::Uno::Game is not documented.
/home/travis/build/Erebot/erebot.github.io/tmp/clone/src/Uno.php:728: warning: Member handleChallenge(\Erebot\Interfaces\EventHandler $handler,\Erebot\Interfaces\Event\ChanText $event) (function) of class Erebot::Module::Uno is not documented.
/home/travis/build/Erebot/erebot.github.io/tmp/clone/src/Uno.php:852: warning: Member handleChoose(\Erebot\Interfaces\EventHandler $handler,\Erebot\Interfaces\Event\ChanText $event) (function) of class Erebot::Module::Uno is not documented.
/home/travis/build/Erebot/erebot.github.io/tmp/clone/src/Uno.php:500: warning: Member handleCreate(\Erebot\Interfaces\EventHandler $handler,\Erebot\Interfaces\Event\ChanText $event) (function) of class Erebot::Module::Uno is not documented.
/home/travis/build/Erebot/erebot.github.io/tmp/clone/src/Uno.php:890: warning: Member handleDraw(\Erebot\Interfaces\EventHandler $handler,\Erebot\Interfaces\Event\ChanText $event) (function) of class Erebot::Module::Uno is not documented.
/home/travis/build/Erebot/erebot.github.io/tmp/clone/src/Uno.php:980: warning: Member handleJoin(\Erebot\Interfaces\EventHandler $handler,\Erebot\Interfaces\Event\ChanText $event) (function) of class Erebot::Module::Uno is not documented.
/home/travis/build/Erebot/erebot.github.io/tmp/clone/src/Uno.php:1089: warning: Member handlePass(\Erebot\Interfaces\EventHandler $handler,\Erebot\Interfaces\Event\ChanText $event) (function) of class Erebot::Module::Uno is not documented.
/home/travis/build/Erebot/erebot.github.io/tmp/clone/src/Uno.php:1179: warning: Member handlePlay(\Erebot\Interfaces\EventHandler $handler,\Erebot\Interfaces\Event\ChanText $event) (function) of class Erebot::Module::Uno is not documented.
/home/travis/build/Erebot/erebot.github.io/tmp/clone/src/Uno.php:1456: warning: Member handleShowCardsCount(\Erebot\Interfaces\EventHandler $handler,\Erebot\Interfaces\Event\ChanText $event) (function) of class Erebot::Module::Uno is not documented.
/home/travis/build/Erebot/erebot.github.io/tmp/clone/src/Uno.php:1510: warning: Member handleShowDiscard(\Erebot\Interfaces\EventHandler $handler,\Erebot\Interfaces\Event\ChanText $event) (function) of class Erebot::Module::Uno is not documented.
/home/travis/build/Erebot/erebot.github.io/tmp/clone/src/Uno.php:1567: warning: Member handleShowOrder(\Erebot\Interfaces\EventHandler $handler,\Erebot\Interfaces\Event\ChanText $event) (function) of class Erebot::Module::Uno is not documented.
/home/travis/build/Erebot/erebot.github.io/tmp/clone/src/Uno.php:1598: warning: Member handleShowTime(\Erebot\Interfaces\EventHandler $handler,\Erebot\Interfaces\Event\ChanText $event) (function) of class Erebot::Module::Uno is not documented.
/home/travis/build/Erebot/erebot.github.io/tmp/clone/src/Uno.php:1624: warning: Member handleShowTurn(\Erebot\Interfaces\EventHandler $handler,\Erebot\Interfaces\Event\ChanText $event) (function) of class Erebot::Module::Uno is not documented.
/home/travis/build/Erebot/erebot.github.io/tmp/clone/src/Uno.php:32: warning: Member install() (function) of class Erebot::Module::Uno is not documented.
/home/travis/build/Erebot/erebot.github.io/tmp/clone/src/Uno.php:57: warning: Member reload($flags) (function) of class Erebot::Module::Uno is not documented.
/home/travis/build/Erebot/erebot.github.io/tmp/clone/src/Uno.php:49: warning: Member uninstall() (function) of class Erebot::Module::Uno is not documented.
/home/travis/build/Erebot/erebot.github.io/tmp/clone/src/Uno.php:425: warning: Member labelsToRules($labels) (function) of class Erebot::Module::Uno is not documented.
/home/travis/build/Erebot/erebot.github.io/tmp/clone/src/Uno.php:456: warning: Member rulesToLabels($rules) (function) of class Erebot::Module::Uno is not documented.
/home/travis/build/Erebot/erebot.github.io/tmp/clone/src/Uno.php:29: warning: Member COLOR_BLUE (variable) of class Erebot::Module::Uno is not documented.
/home/travis/build/Erebot/erebot.github.io/tmp/clone/src/Uno.php:28: warning: Member COLOR_GREEN (variable) of class Erebot::Module::Uno is not documented.
/home/travis/build/Erebot/erebot.github.io/tmp/clone/src/Uno.php:27: warning: Member COLOR_RED (variable) of class Erebot::Module::Uno is not documented.
/home/travis/build/Erebot/erebot.github.io/tmp/clone/src/Uno.php:30: warning: Member COLOR_YELLOW (variable) of class Erebot::Module::Uno is not documented.
/home/travis/build/Erebot/erebot.github.io/tmp/clone/src/Uno.php:380: warning: Member getCardText($card) (function) of class Erebot::Module::Uno is not documented.
/home/travis/build/Erebot/erebot.github.io/tmp/clone/src/Uno.php:335: warning: Member getColoredCard($color, $text) (function) of class Erebot::Module::Uno is not documented.
/home/travis/build/Erebot/erebot.github.io/tmp/clone/src/Uno.php:414: warning: Member getCurrentPlayer($chan) (function) of class Erebot::Module::Uno is not documented.
/home/travis/build/Erebot/erebot.github.io/tmp/clone/src/Uno.php:324: warning: Member getLogo() (function) of class Erebot::Module::Uno is not documented.
/home/travis/build/Erebot/erebot.github.io/tmp/clone/src/Uno.php:487: warning: Member showTurn(\Erebot\Interfaces\EventHandler $handler,\Erebot\Interfaces\Event\ChanText $event) (function) of class Erebot::Module::Uno is not documented.
/home/travis/build/Erebot/erebot.github.io/tmp/clone/src/Uno.php:357: warning: Member wildify($text) (function) of class Erebot::Module::Uno is not documented.
/home/travis/build/Erebot/erebot.github.io/tmp/clone/src/Uno.php:23: warning: Member $chans (variable) of class Erebot::Module::Uno is not documented.
/home/travis/build/Erebot/erebot.github.io/tmp/clone/src/Uno.php:25: warning: Member $creator (variable) of class Erebot::Module::Uno is not documented.
/home/travis/build/Erebot/erebot.github.io/tmp/clone/src/Uno.php:24: warning: Member $db (variable) of class Erebot::Module::Uno is not documented.
/home/travis/build/Erebot/erebot.github.io/tmp/clone/src/Uno/AbstractDeck.php:63: warning: Member chooseColor($color) (function) of class Erebot::Module::Uno::AbstractDeck is not documented.
/home/travis/build/Erebot/erebot.github.io/tmp/clone/src/Uno/AbstractDeck.php:82: warning: Member discard($card) (function) of class Erebot::Module::Uno::AbstractDeck is not documented.
/home/travis/build/Erebot/erebot.github.io/tmp/clone/src/Uno/AbstractDeck.php:58: warning: Member draw() (function) of class Erebot::Module::Uno::AbstractDeck is not documented.
/home/travis/build/Erebot/erebot.github.io/tmp/clone/src/Uno/AbstractDeck.php:26: warning: Member extractCard($card) (function) of class Erebot::Module::Uno::AbstractDeck is not documented.
/home/travis/build/Erebot/erebot.github.io/tmp/clone/src/Uno/AbstractDeck.php:41: warning: Member getFirstCard() (function) of class Erebot::Module::Uno::AbstractDeck is not documented.
/home/travis/build/Erebot/erebot.github.io/tmp/clone/src/Uno/AbstractDeck.php:60: warning: Member getLastDiscardedCard() (function) of class Erebot::Module::Uno::AbstractDeck is not documented.
/home/travis/build/Erebot/erebot.github.io/tmp/clone/src/Uno/AbstractDeck.php:61: warning: Member getRemainingCardsCount() (function) of class Erebot::Module::Uno::AbstractDeck is not documented.
/home/travis/build/Erebot/erebot.github.io/tmp/clone/src/Uno/AbstractDeck.php:46: warning: Member isValidColor($color) (function) of class Erebot::Module::Uno::AbstractDeck is not documented.
/home/travis/build/Erebot/erebot.github.io/tmp/clone/src/Uno/AbstractDeck.php:51: warning: Member isWaitingForColor() (function) of class Erebot::Module::Uno::AbstractDeck is not documented.
/home/travis/build/Erebot/erebot.github.io/tmp/clone/src/Uno/AbstractDeck.php:59: warning: Member shuffle() (function) of class Erebot::Module::Uno::AbstractDeck is not documented.
/home/travis/build/Erebot/erebot.github.io/tmp/clone/src/Uno/AbstractDeck.php:56: warning: Member chooseFirstCard() (function) of class Erebot::Module::Uno::AbstractDeck is not documented.
/home/travis/build/Erebot/erebot.github.io/tmp/clone/src/Uno/AbstractDeck.php:23: warning: Member $firstCard (variable) of class Erebot::Module::Uno::AbstractDeck is not documented.
/home/travis/build/Erebot/erebot.github.io/tmp/clone/src/Uno/AbstractDeck.php:24: warning: Member $waitingForColor (variable) of class Erebot::Module::Uno::AbstractDeck is not documented.
/home/travis/build/Erebot/erebot.github.io/tmp/clone/src/Uno/Game.php:45: warning: Member __construct($creator, $rules=0,\Erebot\Module\Uno\AbstractDeck $deck=null) (function) of class Erebot::Module::Uno::Game is not documented.
/home/travis/build/Erebot/erebot.github.io/tmp/clone/src/Uno/Game.php:405: warning: Member challenge() (function) of class Erebot::Module::Uno::Game is not documented.
/home/travis/build/Erebot/erebot.github.io/tmp/clone/src/Uno/Game.php:345: warning: Member chooseColor($color) (function) of class Erebot::Module::Uno::Game is not documented.
/home/travis/build/Erebot/erebot.github.io/tmp/clone/src/Uno/Game.php:351: warning: Member draw() (function) of class Erebot::Module::Uno::Game is not documented.
/home/travis/build/Erebot/erebot.github.io/tmp/clone/src/Uno/Game.php:468: warning: Member getCreator() (function) of class Erebot::Module::Uno::Game is not documented.
/home/travis/build/Erebot/erebot.github.io/tmp/clone/src/Uno/Game.php:450: warning: Member getCurrentPlayer() (function) of class Erebot::Module::Uno::Game is not documented.
/home/travis/build/Erebot/erebot.github.io/tmp/clone/src/Uno/Game.php:473: warning: Member getElapsedTime() (function) of class Erebot::Module::Uno::Game is not documented.
/home/travis/build/Erebot/erebot.github.io/tmp/clone/src/Uno/Game.php:496: warning: Member getFirstCard() (function) of class Erebot::Module::Uno::Game is not documented.
/home/travis/build/Erebot/erebot.github.io/tmp/clone/src/Uno/Game.php:486: warning: Member getLastPlayedCard() (function) of class Erebot::Module::Uno::Game is not documented.
/home/travis/build/Erebot/erebot.github.io/tmp/clone/src/Uno/Game.php:455: warning: Member getLastPlayer() (function) of class Erebot::Module::Uno::Game is not documented.
/home/travis/build/Erebot/erebot.github.io/tmp/clone/src/Uno/Game.php:481: warning: Member getPenalty() (function) of class Erebot::Module::Uno::Game is not documented.
/home/travis/build/Erebot/erebot.github.io/tmp/clone/src/Uno/Game.php:491: warning: Member getPlayers() (function) of class Erebot::Module::Uno::Game is not documented.
/home/travis/build/Erebot/erebot.github.io/tmp/clone/src/Uno/Game.php:501: warning: Member getRemainingCardsCount() (function) of class Erebot::Module::Uno::Game is not documented.
/home/travis/build/Erebot/erebot.github.io/tmp/clone/src/Uno/Game.php:463: warning: Member getRules() (function) of class Erebot::Module::Uno::Game is not documented.
/home/travis/build/Erebot/erebot.github.io/tmp/clone/src/Uno/Game.php:72: warning: Member join($token) (function) of class Erebot::Module::Uno::Game is not documented.
/home/travis/build/Erebot/erebot.github.io/tmp/clone/src/Uno/Game.php:373: warning: Member pass() (function) of class Erebot::Module::Uno::Game is not documented.
/home/travis/build/Erebot/erebot.github.io/tmp/clone/src/Uno/Game.php:142: warning: Member play($card) (function) of class Erebot::Module::Uno::Game is not documented.
/home/travis/build/Erebot/erebot.github.io/tmp/clone/src/Uno/Game.php:101: warning: Member extractCard($card, $withColor) (function) of class Erebot::Module::Uno::Game is not documented.
/home/travis/build/Erebot/erebot.github.io/tmp/clone/src/Uno/Game.php:27: warning: Member RULES_CANCELABLE_PENALTIES (variable) of class Erebot::Module::Uno::Game is not documented.
/home/travis/build/Erebot/erebot.github.io/tmp/clone/src/Uno/Game.php:24: warning: Member RULES_CHAINABLE_PENALTIES (variable) of class Erebot::Module::Uno::Game is not documented.
/home/travis/build/Erebot/erebot.github.io/tmp/clone/src/Uno/Game.php:23: warning: Member RULES_LOOSE_DRAW (variable) of class Erebot::Module::Uno::Game is not documented.
/home/travis/build/Erebot/erebot.github.io/tmp/clone/src/Uno/Game.php:29: warning: Member RULES_MULTIPLE_CARDS (variable) of class Erebot::Module::Uno::Game is not documented.
/home/travis/build/Erebot/erebot.github.io/tmp/clone/src/Uno/Game.php:31: warning: Member RULES_PENALTIES_MASK (variable) of class Erebot::Module::Uno::Game is not documented.
/home/travis/build/Erebot/erebot.github.io/tmp/clone/src/Uno/Game.php:25: warning: Member RULES_REVERSIBLE_PENALTIES (variable) of class Erebot::Module::Uno::Game is not documented.
/home/travis/build/Erebot/erebot.github.io/tmp/clone/src/Uno/Game.php:26: warning: Member RULES_SKIPPABLE_PENALTIES (variable) of class Erebot::Module::Uno::Game is not documented.
/home/travis/build/Erebot/erebot.github.io/tmp/clone/src/Uno/Game.php:28: warning: Member RULES_UNLIMITED_DECK (variable) of class Erebot::Module::Uno::Game is not documented.
/home/travis/build/Erebot/erebot.github.io/tmp/clone/src/Uno/Game.php:395: warning: Member endTurn($changePlayer) (function) of class Erebot::Module::Uno::Game is not documented.
/home/travis/build/Erebot/erebot.github.io/tmp/clone/src/Uno/Game.php:438: warning: Member isLegalMove($color, $cards) (function) of class Erebot::Module::Uno::Game is not documented.
/home/travis/build/Erebot/erebot.github.io/tmp/clone/src/Uno/Game.php:41: warning: Member $challengeable (variable) of class Erebot::Module::Uno::Game is not documented.
/home/travis/build/Erebot/erebot.github.io/tmp/clone/src/Uno/Game.php:40: warning: Member $creator (variable) of class Erebot::Module::Uno::Game is not documented.
/home/travis/build/Erebot/erebot.github.io/tmp/clone/src/Uno/Game.php:36: warning: Member $deck (variable) of class Erebot::Module::Uno::Game is not documented.
/home/travis/build/Erebot/erebot.github.io/tmp/clone/src/Uno/Game.php:43: warning: Member $drawnCard (variable) of class Erebot::Module::Uno::Game is not documented.
/home/travis/build/Erebot/erebot.github.io/tmp/clone/src/Uno/Game.php:34: warning: Member $lastPenaltyCard (variable) of class Erebot::Module::Uno::Game is not documented.
/home/travis/build/Erebot/erebot.github.io/tmp/clone/src/Uno/Game.php:42: warning: Member $legalMove (variable) of class Erebot::Module::Uno::Game is not documented.
/home/travis/build/Erebot/erebot.github.io/tmp/clone/src/Uno/Game.php:37: warning: Member $order (variable) of class Erebot::Module::Uno::Game is not documented.
/home/travis/build/Erebot/erebot.github.io/tmp/clone/src/Uno/Game.php:33: warning: Member $penalty (variable) of class Erebot::Module::Uno::Game is not documented.
/home/travis/build/Erebot/erebot.github.io/tmp/clone/src/Uno/Game.php:38: warning: Member $players (variable) of class Erebot::Module::Uno::Game is not documented.
/home/travis/build/Erebot/erebot.github.io/tmp/clone/src/Uno/Game.php:35: warning: Member $rules (variable) of class Erebot::Module::Uno::Game is not documented.
/home/travis/build/Erebot/erebot.github.io/tmp/clone/src/Uno/Game.php:39: warning: Member $startTime (variable) of class Erebot::Module::Uno::Game is not documented.
/home/travis/build/Erebot/erebot.github.io/tmp/clone/src/Uno/Hand.php:27: warning: Member __construct(&$player, &$deck, $cardsCount=7) (function) of class Erebot::Module::Uno::Hand is not documented.
/home/travis/build/Erebot/erebot.github.io/tmp/clone/src/Uno/Hand.php:60: warning: Member discard($card) (function) of class Erebot::Module::Uno::Hand is not documented.
/home/travis/build/Erebot/erebot.github.io/tmp/clone/src/Uno/Hand.php:53: warning: Member draw() (function) of class Erebot::Module::Uno::Hand is not documented.
/home/travis/build/Erebot/erebot.github.io/tmp/clone/src/Uno/Hand.php:43: warning: Member getCards() (function) of class Erebot::Module::Uno::Hand is not documented.
/home/travis/build/Erebot/erebot.github.io/tmp/clone/src/Uno/Hand.php:48: warning: Member getCardsCount() (function) of class Erebot::Module::Uno::Hand is not documented.
/home/travis/build/Erebot/erebot.github.io/tmp/clone/src/Uno/Hand.php:38: warning: Member getPlayer() (function) of class Erebot::Module::Uno::Hand is not documented.
/home/travis/build/Erebot/erebot.github.io/tmp/clone/src/Uno/Hand.php:85: warning: Member getScore() (function) of class Erebot::Module::Uno::Hand is not documented.
/home/travis/build/Erebot/erebot.github.io/tmp/clone/src/Uno/Hand.php:72: warning: Member hasCard($card, $count) (function) of class Erebot::Module::Uno::Hand is not documented.
/home/travis/build/Erebot/erebot.github.io/tmp/clone/src/Uno/Hand.php:24: warning: Member $cards (variable) of class Erebot::Module::Uno::Hand is not documented.
/home/travis/build/Erebot/erebot.github.io/tmp/clone/src/Uno/Hand.php:25: warning: Member $deck (variable) of class Erebot::Module::Uno::Hand is not documented.
/home/travis/build/Erebot/erebot.github.io/tmp/clone/src/Uno/Hand.php:23: warning: Member $player (variable) of class Erebot::Module::Uno::Hand is not documented.
/home/travis/build/Erebot/erebot.github.io/tmp/clone/src/Uno/MoveNotAllowedException.php:31: warning: Member __construct($message, $code, $allowed=null) (function) of class Erebot::Module::Uno::MoveNotAllowedException is not documented.
/home/travis/build/Erebot/erebot.github.io/tmp/clone/src/Uno/MoveNotAllowedException.php:37: warning: Member getAllowedCards() (function) of class Erebot::Module::Uno::MoveNotAllowedException is not documented.
/home/travis/build/Erebot/erebot.github.io/tmp/clone/src/Uno/MoveNotAllowedException.php:24: warning: Member MULTIPLE_1VS1 (variable) of class Erebot::Module::Uno::MoveNotAllowedException is not documented.
/home/travis/build/Erebot/erebot.github.io/tmp/clone/src/Uno/MoveNotAllowedException.php:25: warning: Member MULTIPLE_CARDS (variable) of class Erebot::Module::Uno::MoveNotAllowedException is not documented.
/home/travis/build/Erebot/erebot.github.io/tmp/clone/src/Uno/MoveNotAllowedException.php:23: warning: Member NOT_ALLOWED (variable) of class Erebot::Module::Uno::MoveNotAllowedException is not documented.
/home/travis/build/Erebot/erebot.github.io/tmp/clone/src/Uno/MoveNotAllowedException.php:27: warning: Member NOT_PLAYABLE (variable) of class Erebot::Module::Uno::MoveNotAllowedException is not documented.
/home/travis/build/Erebot/erebot.github.io/tmp/clone/src/Uno/MoveNotAllowedException.php:26: warning: Member ONLY_DRAWN (variable) of class Erebot::Module::Uno::MoveNotAllowedException is not documented.
/home/travis/build/Erebot/erebot.github.io/tmp/clone/src/Uno/MoveNotAllowedException.php:29: warning: Member $allowed (variable) of class Erebot::Module::Uno::MoveNotAllowedException is not documented.
/home/travis/build/Erebot/erebot.github.io/tmp/clone/src/Uno/Deck/Official.php:111: warning: Member chooseColor($color) (function) of class Erebot::Module::Uno::Deck::Official is not documented.
/home/travis/build/Erebot/erebot.github.io/tmp/clone/src/Uno/Deck/Official.php:76: warning: Member discard($card) (function) of class Erebot::Module::Uno::Deck::Official is not documented.
/home/travis/build/Erebot/erebot.github.io/tmp/clone/src/Uno/Deck/Official.php:68: warning: Member draw() (function) of class Erebot::Module::Uno::Deck::Official is not documented.
/home/travis/build/Erebot/erebot.github.io/tmp/clone/src/Uno/Deck/Official.php:98: warning: Member getLastDiscardedCard() (function) of class Erebot::Module::Uno::Deck::Official is not documented.
/home/travis/build/Erebot/erebot.github.io/tmp/clone/src/Uno/Deck/Official.php:106: warning: Member getRemainingCardsCount() (function) of class Erebot::Module::Uno::Deck::Official is not documented.
/home/travis/build/Erebot/erebot.github.io/tmp/clone/src/Uno/Deck/Official.php:82: warning: Member shuffle() (function) of class Erebot::Module::Uno::Deck::Official is not documented.
/home/travis/build/Erebot/erebot.github.io/tmp/clone/src/Uno/AbstractDeck.php:63: warning: Member chooseColor($color) (function) of class Erebot::Module::Uno::AbstractDeck is not documented.
/home/travis/build/Erebot/erebot.github.io/tmp/clone/src/Uno/AbstractDeck.php:82: warning: Member discard($card) (function) of class Erebot::Module::Uno::AbstractDeck is not documented.
/home/travis/build/Erebot/erebot.github.io/tmp/clone/src/Uno/AbstractDeck.php:58: warning: Member draw() (function) of class Erebot::Module::Uno::AbstractDeck is not documented.
/home/travis/build/Erebot/erebot.github.io/tmp/clone/src/Uno/AbstractDeck.php:26: warning: Member extractCard($card) (function) of class Erebot::Module::Uno::AbstractDeck is not documented.
/home/travis/build/Erebot/erebot.github.io/tmp/clone/src/Uno/AbstractDeck.php:41: warning: Member getFirstCard() (function) of class Erebot::Module::Uno::AbstractDeck is not documented.
/home/travis/build/Erebot/erebot.github.io/tmp/clone/src/Uno/AbstractDeck.php:60: warning: Member getLastDiscardedCard() (function) of class Erebot::Module::Uno::AbstractDeck is not documented.
/home/travis/build/Erebot/erebot.github.io/tmp/clone/src/Uno/AbstractDeck.php:61: warning: Member getRemainingCardsCount() (function) of class Erebot::Module::Uno::AbstractDeck is not documented.
/home/travis/build/Erebot/erebot.github.io/tmp/clone/src/Uno/AbstractDeck.php:46: warning: Member isValidColor($color) (function) of class Erebot::Module::Uno::AbstractDeck is not documented.
/home/travis/build/Erebot/erebot.github.io/tmp/clone/src/Uno/AbstractDeck.php:51: warning: Member isWaitingForColor() (function) of class Erebot::Module::Uno::AbstractDeck is not documented.
/home/travis/build/Erebot/erebot.github.io/tmp/clone/src/Uno/AbstractDeck.php:59: warning: Member shuffle() (function) of class Erebot::Module::Uno::AbstractDeck is not documented.
/home/travis/build/Erebot/erebot.github.io/tmp/clone/src/Uno/Deck/Official.php:58: warning: Member chooseFirstCard() (function) of class Erebot::Module::Uno::Deck::Official is not documented.
/home/travis/build/Erebot/erebot.github.io/tmp/clone/src/Uno/AbstractDeck.php:56: warning: Member chooseFirstCard() (function) of class Erebot::Module::Uno::AbstractDeck is not documented.
/home/travis/build/Erebot/erebot.github.io/tmp/clone/src/Uno/Deck/Official.php:23: warning: Member $cards (variable) of class Erebot::Module::Uno::Deck::Official is not documented.
/home/travis/build/Erebot/erebot.github.io/tmp/clone/src/Uno/Deck/Official.php:24: warning: Member $discarded (variable) of class Erebot::Module::Uno::Deck::Official is not documented.
/home/travis/build/Erebot/erebot.github.io/tmp/clone/src/Uno/Deck/Official.php:25: warning: Member $firstCard (variable) of class Erebot::Module::Uno::Deck::Official is not documented.
/home/travis/build/Erebot/erebot.github.io/tmp/clone/src/Uno/AbstractDeck.php:23: warning: Member $firstCard (variable) of class Erebot::Module::Uno::AbstractDeck is not documented.
/home/travis/build/Erebot/erebot.github.io/tmp/clone/src/Uno/AbstractDeck.php:24: warning: Member $waitingForColor (variable) of class Erebot::Module::Uno::AbstractDeck is not documented.
/home/travis/build/Erebot/erebot.github.io/tmp/clone/src/Uno/Deck/Unlimited.php:100: warning: Member chooseColor($color) (function) of class Erebot::Module::Uno::Deck::Unlimited is not documented.
/home/travis/build/Erebot/erebot.github.io/tmp/clone/src/Uno/Deck/Unlimited.php:79: warning: Member discard($card) (function) of class Erebot::Module::Uno::Deck::Unlimited is not documented.
/home/travis/build/Erebot/erebot.github.io/tmp/clone/src/Uno/Deck/Unlimited.php:40: warning: Member draw() (function) of class Erebot::Module::Uno::Deck::Unlimited is not documented.
/home/travis/build/Erebot/erebot.github.io/tmp/clone/src/Uno/Deck/Unlimited.php:90: warning: Member getLastDiscardedCard() (function) of class Erebot::Module::Uno::Deck::Unlimited is not documented.
/home/travis/build/Erebot/erebot.github.io/tmp/clone/src/Uno/Deck/Unlimited.php:95: warning: Member getRemainingCardsCount() (function) of class Erebot::Module::Uno::Deck::Unlimited is not documented.
/home/travis/build/Erebot/erebot.github.io/tmp/clone/src/Uno/Deck/Unlimited.php:85: warning: Member shuffle() (function) of class Erebot::Module::Uno::Deck::Unlimited is not documented.
/home/travis/build/Erebot/erebot.github.io/tmp/clone/src/Uno/AbstractDeck.php:63: warning: Member chooseColor($color) (function) of class Erebot::Module::Uno::AbstractDeck is not documented.
/home/travis/build/Erebot/erebot.github.io/tmp/clone/src/Uno/AbstractDeck.php:82: warning: Member discard($card) (function) of class Erebot::Module::Uno::AbstractDeck is not documented.
/home/travis/build/Erebot/erebot.github.io/tmp/clone/src/Uno/AbstractDeck.php:58: warning: Member draw() (function) of class Erebot::Module::Uno::AbstractDeck is not documented.
/home/travis/build/Erebot/erebot.github.io/tmp/clone/src/Uno/AbstractDeck.php:26: warning: Member extractCard($card) (function) of class Erebot::Module::Uno::AbstractDeck is not documented.
/home/travis/build/Erebot/erebot.github.io/tmp/clone/src/Uno/AbstractDeck.php:41: warning: Member getFirstCard() (function) of class Erebot::Module::Uno::AbstractDeck is not documented.
/home/travis/build/Erebot/erebot.github.io/tmp/clone/src/Uno/AbstractDeck.php:60: warning: Member getLastDiscardedCard() (function) of class Erebot::Module::Uno::AbstractDeck is not documented.
/home/travis/build/Erebot/erebot.github.io/tmp/clone/src/Uno/AbstractDeck.php:61: warning: Member getRemainingCardsCount() (function) of class Erebot::Module::Uno::AbstractDeck is not documented.
/home/travis/build/Erebot/erebot.github.io/tmp/clone/src/Uno/AbstractDeck.php:46: warning: Member isValidColor($color) (function) of class Erebot::Module::Uno::AbstractDeck is not documented.
/home/travis/build/Erebot/erebot.github.io/tmp/clone/src/Uno/AbstractDeck.php:51: warning: Member isWaitingForColor() (function) of class Erebot::Module::Uno::AbstractDeck is not documented.
/home/travis/build/Erebot/erebot.github.io/tmp/clone/src/Uno/AbstractDeck.php:59: warning: Member shuffle() (function) of class Erebot::Module::Uno::AbstractDeck is not documented.
/home/travis/build/Erebot/erebot.github.io/tmp/clone/src/Uno/Deck/Unlimited.php:32: warning: Member chooseFirstCard() (function) of class Erebot::Module::Uno::Deck::Unlimited is not documented.
/home/travis/build/Erebot/erebot.github.io/tmp/clone/src/Uno/AbstractDeck.php:56: warning: Member chooseFirstCard() (function) of class Erebot::Module::Uno::AbstractDeck is not documented.
/home/travis/build/Erebot/erebot.github.io/tmp/clone/src/Uno/Deck/Unlimited.php:23: warning: Member $discarded (variable) of class Erebot::Module::Uno::Deck::Unlimited is not documented.
/home/travis/build/Erebot/erebot.github.io/tmp/clone/src/Uno/Deck/Unlimited.php:24: warning: Member $firstCard (variable) of class Erebot::Module::Uno::Deck::Unlimited is not documented.
/home/travis/build/Erebot/erebot.github.io/tmp/clone/src/Uno/AbstractDeck.php:23: warning: Member $firstCard (variable) of class Erebot::Module::Uno::AbstractDeck is not documented.
/home/travis/build/Erebot/erebot.github.io/tmp/clone/src/Uno/AbstractDeck.php:24: warning: Member $waitingForColor (variable) of class Erebot::Module::Uno::AbstractDeck is not documented.
r list...
Searching for friends...
Searching for documented defines...
Computing class inheritance relations...
Computing class usage relations...
Flushing cached template relations that have become invalid...
Creating members for template instances...
Computing class relations...
Add enum values to enums...
Searching for member function documentation...
Building page list...
Search for main page...
Computing page relations...
Determining the scope of groups...
Sorting lists...
Freeing entry tree
Determining which enums are documented
Computing member relations...
Building full member lists recursively...
Adding members to member groups.
Computing member references...
Inheriting documentation...
Generating disk names...
Adding source references...
Adding xrefitems...
Sorting member lists...
Computing dependencies between directories...
Generating citations page...
Counting data structures...
Resolving user defined references...
Finding anchors and sections in the documentation...
Transferring function references...
Combining using relations...
Adding members to index pages...
Generating style sheet...
Generating example documentation...
Generating file sources...
Generating code for file src/Uno.php...
Generating code for file src/Uno/AbstractDeck.php...
Generating code for file src/Uno/AlreadyDrewException.php...
Generating code for file src/Uno/Deck/Official.php...
Generating code for file src/Uno/Deck/Unlimited.php...
Generating code for file src/Uno/EmptyDeckException.php...
Generating code for file src/Uno/Exception.php...
Generating code for file src/Uno/Game.php...
Generating code for file src/Uno/Hand.php...
Generating code for file src/Uno/InternalErrorException.php...
Generating code for file src/Uno/InvalidMoveException.php...
Generating code for file src/Uno/MissingCardsException.php...
Generating code for file src/Uno/MoveNotAllowedException.php...
Generating code for file src/Uno/MustDrawBeforePassException.php...
Generating code for file src/Uno/UnchallengeableException.php...
Generating code for file src/Uno/WaitingForColorException.php...
Generating file documentation...
Generating page documentation...
Generating group documentation...
Generating class documentation...
Generating namespace index...
Generating docs for compound Erebot::Module::Uno...
Generating docs for compound Erebot::Module::Uno::AbstractDeck...
Generating docs for compound Erebot::Module::Uno::AlreadyDrewException...
Generating docs for compound Erebot::Module::Uno::EmptyDeckException...
Generating docs for compound Erebot::Module::Uno::Exception...
Generating docs for compound Erebot::Module::Uno::Game...
Generating docs for compound Erebot::Module::Uno::Hand...
Generating docs for compound Erebot::Module::Uno::InternalErrorException...
Generating docs for compound Erebot::Module::Uno::InvalidMoveException...
Generating docs for compound Erebot::Module::Uno::MissingCardsException...
Generating docs for compound Erebot::Module::Uno::MoveNotAllowedException...
Generating docs for compound Erebot::Module::Uno::MustDrawBeforePassException...
Generating docs for compound Erebot::Module::Uno::UnchallengeableException...
Generating docs for compound Erebot::Module::Uno::WaitingForColorException...
Generating docs for compound Erebot::Module::Uno::Deck::Official...
Generating docs for compound Erebot::Module::Uno::Deck::Unlimited...
Generating graph info page...
Generating directory documentation...
Generating dependency graph for directory src/Uno/Deck
Generating dependency graph for directory src
Generating dependency graph for directory src/Uno
Generating index page...
Generating page index...
Generating module index...
Generating namespace index...
Generating namespace member index...
Generating annotated compound index...
Generating alphabetical compound index...
Generating hierarchical class index...
Generating graphical class hierarchy...
Generating member index...
Generating file index...
Generating file member index...
Generating example index...
finalizing index lists...
Generating XML output...
Generating XML output for class Erebot::Module::Uno::AbstractDeck
Generating XML output for class Erebot::Module::Uno::AlreadyDrewException
Generating XML output for class Erebot::Module::Uno::EmptyDeckException
Generating XML output for class Erebot::Module::Uno::Exception
Generating XML output for class Erebot::Module::Uno::Game
Generating XML output for class Erebot::Module::Uno::Hand
Generating XML output for class Erebot::Module::Uno::InternalErrorException
Generating XML output for class Erebot::Module::Uno::InvalidMoveException
Generating XML output for class Erebot::Module::Uno::MissingCardsException
Generating XML output for class Erebot::Module::Uno::MoveNotAllowedException
Generating XML output for class Erebot::Module::Uno::MustDrawBeforePassException
Generating XML output for class Erebot::Module::Uno::Deck::Official
Generating XML output for class Erebot::Module::Uno::UnchallengeableException
Generating XML output for class Erebot::Module::Uno::Deck::Unlimited
Generating XML output for class Erebot::Module::Uno
Generating XML output for class Erebot::Module::Uno::WaitingForColorException
Generating XML output for namespace Erebot
Generating XML output for namespace Erebot::Module
Generating XML output for namespace Erebot::Module::Uno
Generating XML output for namespace Erebot::Module::Uno::Deck
Generating XML output for file Uno.php
Generating XML output for file AbstractDeck.php
Generating XML output for file AlreadyDrewException.php
Generating XML output for file Official.php
Generating XML output for file Unlimited.php
Generating XML output for file EmptyDeckException.php
Generating XML output for file Exception.php
Generating XML output for file Game.php
Generating XML output for file Hand.php
Generating XML output for file InternalErrorException.php
Generating XML output for file InvalidMoveException.php
Generating XML output for file MissingCardsException.php
Generating XML output for file MoveNotAllowedException.php
Generating XML output for file MustDrawBeforePassException.php
Generating XML output for file UnchallengeableException.php
Generating XML output for file WaitingForColorException.php
Generate XML output for dir /home/travis/build/Erebot/erebot.github.io/tmp/clone/src/Uno/Deck/
Generate XML output for dir /home/travis/build/Erebot/erebot.github.io/tmp/clone/src/
Generate XML output for dir /home/travis/build/Erebot/erebot.github.io/tmp/clone/src/Uno/
Running dot...
Generating dot graphs using 4 parallel threads...
Running dot for graph 1/23
Running dot for graph 2/23
Running dot for graph 3/23
Running dot for graph 4/23
Running dot for graph 5/23
Running dot for graph 6/23
Running dot for graph 7/23
Running dot for graph 8/23
Running dot for graph 9/23
Running dot for graph 10/23
Running dot for graph 11/23
Running dot for graph 12/23
Running dot for graph 13/23
Running dot for graph 14/23
Running dot for graph 15/23
Running dot for graph 16/23
Running dot for graph 17/23
Running dot for graph 18/23
Running dot for graph 19/23
Running dot for graph 20/23
Running dot for graph 21/23
Running dot for graph 22/23
Running dot for graph 23/23
Patching output file 1/18
Patching output file 2/18
Patching output file 3/18
Patching output file 4/18
Patching output file 5/18
Patching output file 6/18
Patching output file 7/18
Patching output file 8/18
Patching output file 9/18
Patching output file 10/18
Patching output file 11/18
Patching output file 12/18
Patching output file 13/18
Patching output file 14/18
Patching output file 15/18
Patching output file 16/18
Patching output file 17/18
Patching output file 18/18
lookup cache used 271/65536 hits=3015 misses=274
finished...
Building version clone for erebot.github.io in /home/travis/build/Erebot/erebot.github.io/tmp/clone [builder: html]
Including real configuration file (/home/travis/build/Erebot/erebot.github.io/tmp/clone/docs/src/real_conf.py)...
loading translations [fr]... done
building [html]: targets for 4 source files that are out of date
updating environment: 4 added, 0 changed, 0 removed
reading sources... [ 25%] Configuration
reading sources... [ 50%] Prerequisites
reading sources... [ 75%] Usage
reading sources... [100%] index

/home/travis/build/Erebot/erebot.github.io/tmp/clone/docs/src/Configuration.rst:0: ERROR: Undefined substitution referenced: "project".
/home/travis/build/Erebot/erebot.github.io/tmp/clone/docs/src/Configuration.rst:81: ERROR: Undefined substitution referenced: "project".
/home/travis/build/Erebot/erebot.github.io/tmp/clone/docs/src/Usage.rst:0: ERROR: Undefined substitution referenced: "project".
/home/travis/build/Erebot/erebot.github.io/tmp/clone/docs/src/Usage.rst:0: ERROR: Undefined substitution referenced: "project".
/home/travis/build/Erebot/erebot.github.io/tmp/clone/docs/src/index.rst:13: WARNING: toctree contains reference to nonexisting document u'generic/Installation'
/home/travis/build/Erebot/erebot.github.io/tmp/clone/docs/src/index.rst:22: WARNING: nonlocal image URI found: https://secure.travis-ci.org/Erebot/Erebot_Module_Uno.png
/home/travis/build/Erebot/erebot.github.io/tmp/clone/docs/src/index.rst:24: WARNING: nonlocal image URI found: https://secure.travis-ci.org/Erebot/Erebot_Module_Uno.png
looking for now-outdated files... none found
pickling environment... done
checking consistency... done
preparing documents... done
writing output... [ 25%] Configuration
writing output... [ 50%] Prerequisites
writing output... [ 75%] Usage
writing output... [100%] index

writing additional files... search
copying static files... done
copying extra files... done
dumping search index... done
dumping object inventory... done
build succeeded, 7 warnings.
