Making output directory...
Running Sphinx v1.2.2
Warning: ignoring unsupported tag `ALLOW_UNICODE_NAMES    =' at line 79, file vendor/erebot/buildenv/Doxyfile
Warning: Tag `CLANG_ASSISTED_PARSING' at line 998 of file vendor/erebot/buildenv/Doxyfile belongs to an option that was not enabled at compile time.
To avoid this warning please remove this line from your configuration file, upgrade it using "doxygen -u", or recompile doxygen with this feature enabled.
Warning: Tag `CLANG_OPTIONS' at line 1006 of file vendor/erebot/buildenv/Doxyfile belongs to an option that was not enabled at compile time.
To avoid this warning please remove this line from your configuration file, upgrade it using "doxygen -u", or recompile doxygen with this feature enabled.
Warning: ignoring unsupported tag `MAN_SUBDIR             =' at line 1814, file vendor/erebot/buildenv/Doxyfile
Warning: ignoring unsupported tag `DOCBOOK_PROGRAMLISTING =' at line 1877, file vendor/erebot/buildenv/Doxyfile
Warning: ignoring unsupported tag `PLANTUML_JAR_PATH      =' at line 2302, file vendor/erebot/buildenv/Doxyfile
Warning: tag INPUT: input source `vendor/fpoirotte/natives4doxygen/docs/' does not exist
warning: source docs/example/ is not a readable file or directory... skipping.
warning: source vendor/fpoirotte/natives4doxygen/docs is not a readable file or directory... skipping.
Searching for include files...
Searching for example files...
Searching for images...
Searching for dot files...
Searching for msc files...
Searching for dia files...
Searching for files to exclude
Searching for files to process...
Searching for files in directory /home/travis/build/Erebot/erebot.github.io/tmp/clone/src
Searching for files in directory /home/travis/build/Erebot/erebot.github.io/tmp/clone/docs/src
Reading and parsing tag files
Parsing files
Reading /home/travis/build/Erebot/erebot.github.io/tmp/clone/src/ServerCapabilities.php...
Parsing file /home/travis/build/Erebot/erebot.github.io/tmp/clone/src/ServerCapabilities.php...
Building group list...
Building directory list...
Building namespace list...
Building file list...
Building class list...
Associating documentation with classes...
Computing nesting relations for classes...
Building example list...
Searching for enumerations...
Searching for documented typedefs...
Searching for members imported via using declarations...
Searching for included using directives...
Searching for documented variables...
Building interface member list...
Building member list...
Searching for friends...
Searching for documented defines...
Computing class inheritance relations...
Computing class usage relations...
Flushing cached template relations that have become invalid...
Creating members for template instances...
Computing class relations...
Add enum values to enums...
Searching for member function documentation...
Building page list...
Search for main page...
Computing page relations...
Determining the scope of groups...
Sorting lists...
Freeing entry tree
Determining which enums are documented
Computing member relations...
Building full member lists recursively...
Adding members to member groups.
Computing member references...
Inheriting documentation...
Generating disk names...
Adding source references...
Adding xrefitems...
Sorting member lists...
Computing dependencies between directories...
Generating citations page...
Counting data structures...
Resolving user defined references...
Finding anchors and sections in the documentation...
Transferring function references...
Combining using relations...
Adding members to index pages...
Generating style sheet...
Generating example documentation...
Generating file sources...
Generating code for file src/ServerCapabilities.php...
Generating file documentation...
Generating page documentation...
Generating group documentation...
Generating class documentation...
Generating namespace index...
Generating docs for compound Erebot::Module::ServerCapabilities...
Generating graph info page...
Generating directory documentation...
Generating dependency graph for directory src
Generating index page...
Generating page index...
Generating module index...
Generating namespace index...
Generating namespace member index...
Generating annotated compound index...
Generating alphabetical compound index...
Generating hierarchical class index...
Generating graphical class hierarchy...
Generating member index...
Generating file index...
Generating file member index...
Generating example index...
finalizing index lists...
Generating XML output...
Generating XML output for class Erebot::Module::ServerCapabilities
Generating XML output for namespace Erebot
Generating XML output for namespace Erebot::Module
Generating XML output for file ServerCapabilities.php
Generate XML output for dir /home/travis/build/Erebot/erebot.github.io/tmp/clone/src/
Running dot...
Generating dot graphs using 4 parallel threads...
Running dot for graph 1/4
Running dot for graph 2/4
Running dot for graph 3/4
Running dot for graph 4/4
Patching output file 1/3
Patching output file 2/3
Patching output file 3/3
lookup cache used 78/65536 hits=244 misses=78
finished...
Including real configuration file (/home/travis/build/Erebot/erebot.github.io/tmp/clone/docs/src/real_conf.py)...
loading translations [fr]... done
building [html]: targets for 5 source files that are out of date
updating environment: 5 added, 0 changed, 0 removed
reading sources... [ 20%] Configuration
reading sources... [ 40%] Description
reading sources... [ 60%] Prerequisites
reading sources... [ 80%] Usage
reading sources... [100%] index

/home/travis/build/Erebot/erebot.github.io/tmp/clone/docs/src/Configuration.rst:21: ERROR: Undefined substitution referenced: "project".
/home/travis/build/Erebot/erebot.github.io/tmp/clone/docs/src/index.rst:22: WARNING: nonlocal image URI found: https://secure.travis-ci.org/Erebot/Erebot_Module_ServerCapabilities.png
/home/travis/build/Erebot/erebot.github.io/tmp/clone/docs/src/index.rst:24: WARNING: nonlocal image URI found: https://secure.travis-ci.org/Erebot/Erebot_Module_ServerCapabilities.png
looking for now-outdated files... none found
pickling environment... done
checking consistency... done
preparing documents... done
writing output... [ 20%] Configuration
writing output... [ 40%] Description
writing output... [ 60%] Prerequisites
writing output... [ 80%] Usage
writing output... [100%] index

writing additional files... search
copying static files... done
copying extra files... done
dumping search index... done
dumping object inventory... done
build succeeded, 3 warnings.
