Making output directory...
Running Sphinx v1.2.2
Warning: ignoring unsupported tag `ALLOW_UNICODE_NAMES    =' at line 79, file vendor/erebot/buildenv/Doxyfile
Warning: Tag `CLANG_ASSISTED_PARSING' at line 998 of file vendor/erebot/buildenv/Doxyfile belongs to an option that was not enabled at compile time.
To avoid this warning please remove this line from your configuration file, upgrade it using "doxygen -u", or recompile doxygen with this feature enabled.
Warning: Tag `CLANG_OPTIONS' at line 1006 of file vendor/erebot/buildenv/Doxyfile belongs to an option that was not enabled at compile time.
To avoid this warning please remove this line from your configuration file, upgrade it using "doxygen -u", or recompile doxygen with this feature enabled.
Warning: ignoring unsupported tag `MAN_SUBDIR             =' at line 1814, file vendor/erebot/buildenv/Doxyfile
Warning: ignoring unsupported tag `DOCBOOK_PROGRAMLISTING =' at line 1877, file vendor/erebot/buildenv/Doxyfile
Warning: ignoring unsupported tag `PLANTUML_JAR_PATH      =' at line 2302, file vendor/erebot/buildenv/Doxyfile
Warning: tag INPUT: input source `vendor/fpoirotte/natives4doxygen/docs/' does not exist
warning: source docs/example/ is not a readable file or directory... skipping.
warning: source vendor/fpoirotte/natives4doxygen/docs is not a readable file or directory... skipping.
Searching for include files...
Searching for example files...
Searching for images...
Searching for dot files...
Searching for msc files...
Searching for dia files...
Searching for files to exclude
Searching for files to process...
Searching for files in directory /home/travis/build/Erebot/erebot.github.io/tmp/clone/src
Searching for files in directory /home/travis/build/Erebot/erebot.github.io/tmp/clone/src/GoF
Searching for files in directory /home/travis/build/Erebot/erebot.github.io/tmp/clone/src/GoF/Deck
Searching for files in directory /home/travis/build/Erebot/erebot.github.io/tmp/clone/docs/src
Reading and parsing tag files
Parsing files
Reading /home/travis/build/Erebot/erebot.github.io/tmp/clone/src/GoF/Card.php...
Parsing file /home/travis/build/Erebot/erebot.github.io/tmp/clone/src/GoF/Card.php...
Reading /home/travis/build/Erebot/erebot.github.io/tmp/clone/src/GoF/Combo.php...
Parsing file /home/travis/build/Erebot/erebot.github.io/tmp/clone/src/GoF/Combo.php...
Reading /home/travis/build/Erebot/erebot.github.io/tmp/clone/src/GoF/Deck/Official.php...
Parsing file /home/travis/build/Erebot/erebot.github.io/tmp/clone/src/GoF/Deck/Official.php...
Reading /home/travis/build/Erebot/erebot.github.io/tmp/clone/src/GoF/DeckInterface.php...
Parsing file /home/travis/build/Erebot/erebot.github.io/tmp/clone/src/GoF/DeckInterface.php...
Reading /home/travis/build/Erebot/erebot.github.io/tmp/clone/src/GoF/EnoughPlayersException.php...
Parsing file /home/travis/build/Erebot/erebot.github.io/tmp/clone/src/GoF/EnoughPlayersException.php...
Reading /home/travis/build/Erebot/erebot.github.io/tmp/clone/src/GoF/Exception.php...
Parsing file /home/travis/build/Erebot/erebot.github.io/tmp/clone/src/GoF/Exception.php...
Reading /home/travis/build/Erebot/erebot.github.io/tmp/clone/src/GoF/Game.php...
Parsing file /home/travis/build/Erebot/erebot.github.io/tmp/clone/src/GoF/Game.php...
Reading /home/travis/build/Erebot/erebot.github.io/tmp/clone/src/GoF/Hand.php...
Parsing file /home/travis/build/Erebot/erebot.github.io/tmp/clone/src/GoF/Hand.php...
Reading /home/travis/build/Erebot/erebot.github.io/tmp/clone/src/GoF/InferiorComboException.php...
Parsing file /home/travis/build/Erebot/erebot.github.io/tmp/clone/src/GoF/InferiorComboException.php...
Reading /home/travis/build/Erebot/erebot.github.io/tmp/clone/src/GoF/InternalErrorException.php...
Parsing file /home/travis/build/Erebot/erebot.github.io/tmp/clone/src/GoF/InternalErrorException.php...
Reading /home/travis/build/Erebot/erebot.github.io/tmp/clone/src/GoF/InvalidCardException.php...
Parsing file /home/travis/build/Erebot/erebot.github.io/tmp/clone/src/GoF/InvalidCardException.php...
Reading /home/travis/build/Erebot/erebot.github.io/tmp/clone/src/GoF/InvalidComboException.php...
Parsing file /home/travis/build/Erebot/erebot.github.io/tmp/clone/src/GoF/InvalidComboException.php...
Reading /home/travis/build/Erebot/erebot.github.io/tmp/clone/src/GoF/NoSuchCardException.php...
Parsing file /home/travis/build/Erebot/erebot.github.io/tmp/clone/src/GoF/NoSuchCardException.php...
Reading /home/travis/build/Erebot/erebot.github.io/tmp/clone/src/GoF/NotComparableException.php...
Parsing file /home/travis/build/Erebot/erebot.github.io/tmp/clone/src/GoF/NotComparableException.php...
Reading /home/travis/build/Erebot/erebot.github.io/tmp/clone/src/GoF/Player.php...
Parsing file /home/travis/build/Erebot/erebot.github.io/tmp/clone/src/GoF/Player.php...
Reading /home/travis/build/Erebot/erebot.github.io/tmp/clone/src/GoF/StartWithMulti1Exception.php...
Parsing file /home/travis/build/Erebot/erebot.github.io/tmp/clone/src/GoF/StartWithMulti1Exception.php...
Reading /home/travis/build/Erebot/erebot.github.io/tmp/clone/src/GoF/WaitingForCardException.php...
Parsing file /home/travis/build/Erebot/erebot.github.io/tmp/clone/src/GoF/WaitingForCardException.php...
Reading /home/travis/build/Erebot/erebot.github.io/tmp/clone/src/GoF.php...
Parsing file /home/travis/build/Erebot/erebot.github.io/tmp/clone/src/GoF.php...
Building group list...
Building directory list...
Building namespace list.../home/travis/build/Erebot/erebot.github.io/tmp/clone/src/GoF/Deck/Official.php:22: warning: Compound Erebot::Module::GoF::Deck::Official is not documented.
/home/travis/build/Erebot/erebot.github.io/tmp/clone/src/GoF/Hand.php:22: warning: Compound Erebot::Module::GoF::Hand is not documented.
/home/travis/build/Erebot/erebot.github.io/tmp/clone/src/GoF.php:22: warning: Compound Erebot::Module::GoF is not documented.
/home/travis/build/Erebot/erebot.github.io/tmp/clone/src/GoF/Combo.php:22: warning: Compound Erebot::Module::GoF::Combo is not documented.
/home/travis/build/Erebot/erebot.github.io/tmp/clone/src/GoF/Game.php:22: warning: Compound Erebot::Module::GoF::Game is not documented.
/home/travis/build/Erebot/erebot.github.io/tmp/clone/src/GoF/Card.php:22: warning: Compound Erebot::Module::GoF::Card is not documented.
/home/travis/build/Erebot/erebot.github.io/tmp/clone/src/GoF/Player.php:22: warning: Compound Erebot::Module::GoF::Player is not documented.
/home/travis/build/Erebot/erebot.github.io/tmp/clone/src/GoF/DeckInterface.php:22: warning: Compound Erebot::Module::GoF::DeckInterface is not documented.
/home/travis/build/Erebot/erebot.github.io/tmp/clone/src/GoF.php:584: warning: Member handleChoose(\Erebot\Interfaces\EventHandler $handler,\Erebot\Interfaces\Event\ChanText $event) (function) of class Erebot::Module::GoF is not documented.
/home/travis/build/Erebot/erebot.github.io/tmp/clone/src/GoF.php:204: warning: Member handleCreate(\Erebot\Interfaces\EventHandler $handler,\Erebot\Interfaces\Event\ChanText $event) (function) of class Erebot::Module::GoF is not documented.
/home/travis/build/Erebot/erebot.github.io/tmp/clone/src/GoF.php:668: warning: Member handleJoin(\Erebot\Interfaces\EventHandler $handler,\Erebot\Interfaces\Event\ChanText $event) (function) of class Erebot::Module::GoF is not documented.
/home/travis/build/Erebot/erebot.github.io/tmp/clone/src/GoF.php:747: warning: Member handlePass(\Erebot\Interfaces\EventHandler $handler,\Erebot\Interfaces\Event\ChanText $event) (function) of class Erebot::Module::GoF is not documented.
/home/travis/build/Erebot/erebot.github.io/tmp/clone/src/GoF.php:805: warning: Member handlePlay(\Erebot\Interfaces\EventHandler $handler,\Erebot\Interfaces\Event\ChanText $event) (function) of class Erebot::Module::GoF is not documented.
/home/travis/build/Erebot/erebot.github.io/tmp/clone/src/GoF.php:1100: warning: Member handleShowCardsCount(\Erebot\Interfaces\EventHandler $handler,\Erebot\Interfaces\Event\ChanText $event) (function) of class Erebot::Module::GoF is not documented.
/home/travis/build/Erebot/erebot.github.io/tmp/clone/src/GoF.php:1139: warning: Member handleShowDiscard(\Erebot\Interfaces\EventHandler $handler,\Erebot\Interfaces\Event\ChanText $event) (function) of class Erebot::Module::GoF is not documented.
/home/travis/build/Erebot/erebot.github.io/tmp/clone/src/GoF.php:1196: warning: Member handleShowOrder(\Erebot\Interfaces\EventHandler $handler,\Erebot\Interfaces\Event\ChanText $event) (function) of class Erebot::Module::GoF is not documented.
/home/travis/build/Erebot/erebot.github.io/tmp/clone/src/GoF.php:1253: warning: Member handleShowScores(\Erebot\Interfaces\EventHandler $handler,\Erebot\Interfaces\Event\ChanText $event) (function) of class Erebot::Module::GoF is not documented.
/home/travis/build/Erebot/erebot.github.io/tmp/clone/src/GoF.php:1265: warning: Member handleShowTime(\Erebot\Interfaces\EventHandler $handler,\Erebot\Interfaces\Event\ChanText $event) (function) of class Erebot::Module::GoF is not documented.
/home/travis/build/Erebot/erebot.github.io/tmp/clone/src/GoF.php:1361: warning: Member handleShowTurn(\Erebot\Interfaces\EventHandler $handler,\Erebot\Interfaces\Event\ChanText $event) (function) of class Erebot::Module::GoF is not documented.
/home/travis/build/Erebot/erebot.github.io/tmp/clone/src/GoF.php:443: warning: Member handleStop(\Erebot\Interfaces\EventHandler $handler,\Erebot\Interfaces\Event\ChanText $event) (function) of class Erebot::Module::GoF is not documented.
/home/travis/build/Erebot/erebot.github.io/tmp/clone/src/GoF.php:30: warning: Member reload($flags) (function) of class Erebot::Module::GoF is not documented.
/home/travis/build/Erebot/erebot.github.io/tmp/clone/src/GoF.php:521: warning: Member startGame(\Erebot\TimerInterface $timer, $chan) (function) of class Erebot::Module::GoF is not documented.
/home/travis/build/Erebot/erebot.github.io/tmp/clone/src/GoF.php:27: warning: Member COLOR_GREEN (variable) of class Erebot::Module::GoF is not documented.
/home/travis/build/Erebot/erebot.github.io/tmp/clone/src/GoF.php:26: warning: Member COLOR_RED (variable) of class Erebot::Module::GoF is not documented.
/home/travis/build/Erebot/erebot.github.io/tmp/clone/src/GoF.php:28: warning: Member COLOR_YELLOW (variable) of class Erebot::Module::GoF is not documented.
/home/travis/build/Erebot/erebot.github.io/tmp/clone/src/GoF.php:1388: warning: Member checkStarted($chan) (function) of class Erebot::Module::GoF is not documented.
/home/travis/build/Erebot/erebot.github.io/tmp/clone/src/GoF.php:140: warning: Member cleanup($chan) (function) of class Erebot::Module::GoF is not documented.
/home/travis/build/Erebot/erebot.github.io/tmp/clone/src/GoF.php:500: warning: Member compareCards($a, $b) (function) of class Erebot::Module::GoF is not documented.
/home/travis/build/Erebot/erebot.github.io/tmp/clone/src/GoF.php:161: warning: Member getCardText($card) (function) of class Erebot::Module::GoF is not documented.
/home/travis/build/Erebot/erebot.github.io/tmp/clone/src/GoF.php:121: warning: Member getColoredCard($color, $text) (function) of class Erebot::Module::GoF is not documented.
/home/travis/build/Erebot/erebot.github.io/tmp/clone/src/GoF.php:100: warning: Member getLogo() (function) of class Erebot::Module::GoF is not documented.
/home/travis/build/Erebot/erebot.github.io/tmp/clone/src/GoF.php:1058: warning: Member qualify($chan,\Erebot\Module\GoF\Combo &$combo) (function) of class Erebot::Module::GoF is not documented.
/home/travis/build/Erebot/erebot.github.io/tmp/clone/src/GoF.php:1373: warning: Member sendCards($chan,\Erebot\Module\GoF\Player &$player) (function) of class Erebot::Module::GoF is not documented.
/home/travis/build/Erebot/erebot.github.io/tmp/clone/src/GoF.php:110: warning: Member sendMessage($targets, $message, $type=self::MSG_TYPE_PRIVMSG) (function) of class Erebot::Module::GoF is not documented.
/home/travis/build/Erebot/erebot.github.io/tmp/clone/src/GoF.php:1228: warning: Member showScores($chan) (function) of class Erebot::Module::GoF is not documented.
/home/travis/build/Erebot/erebot.github.io/tmp/clone/src/GoF.php:1292: warning: Member showTurn($chan, $from) (function) of class Erebot::Module::GoF is not documented.
/home/travis/build/Erebot/erebot.github.io/tmp/clone/src/GoF.php:91: warning: Member unload() (function) of class Erebot::Module::GoF is not documented.
/home/travis/build/Erebot/erebot.github.io/tmp/clone/src/GoF.php:23: warning: Member $chans (variable) of class Erebot::Module::GoF is not documented.
/home/travis/build/Erebot/erebot.github.io/tmp/clone/src/GoF.php:24: warning: Member $creator (variable) of class Erebot::Module::GoF is not documented.
/home/travis/build/Erebot/erebot.github.io/tmp/clone/src/GoF/Card.php:44: warning: Member __construct($color, $value) (function) of class Erebot::Module::GoF::Card is not documented.
/home/travis/build/Erebot/erebot.github.io/tmp/clone/src/GoF/Card.php:146: warning: Member __toString() (function) of class Erebot::Module::GoF::Card is not documented.
/home/travis/build/Erebot/erebot.github.io/tmp/clone/src/GoF/Card.php:136: warning: Member getColor() (function) of class Erebot::Module::GoF::Card is not documented.
/home/travis/build/Erebot/erebot.github.io/tmp/clone/src/GoF/Card.php:131: warning: Member getLabel() (function) of class Erebot::Module::GoF::Card is not documented.
/home/travis/build/Erebot/erebot.github.io/tmp/clone/src/GoF/Card.php:141: warning: Member getValue() (function) of class Erebot::Module::GoF::Card is not documented.
/home/travis/build/Erebot/erebot.github.io/tmp/clone/src/GoF/Card.php:157: warning: Member compareCards(\Erebot\Module\GoF\Card $cardA,\Erebot\Module\GoF\Card $cardB) (function) of class Erebot::Module::GoF::Card is not documented.
/home/travis/build/Erebot/erebot.github.io/tmp/clone/src/GoF/Card.php:151: warning: Member fromLabel($card) (function) of class Erebot::Module::GoF::Card is not documented.
/home/travis/build/Erebot/erebot.github.io/tmp/clone/src/GoF/Card.php:39: warning: Member COLOR_GREEN (variable) of class Erebot::Module::GoF::Card is not documented.
/home/travis/build/Erebot/erebot.github.io/tmp/clone/src/GoF/Card.php:42: warning: Member COLOR_MULTI (variable) of class Erebot::Module::GoF::Card is not documented.
/home/travis/build/Erebot/erebot.github.io/tmp/clone/src/GoF/Card.php:41: warning: Member COLOR_RED (variable) of class Erebot::Module::GoF::Card is not documented.
/home/travis/build/Erebot/erebot.github.io/tmp/clone/src/GoF/Card.php:40: warning: Member COLOR_YELLOW (variable) of class Erebot::Module::GoF::Card is not documented.
/home/travis/build/Erebot/erebot.github.io/tmp/clone/src/GoF/Card.php:26: warning: Member VALUE_1 (variable) of class Erebot::Module::GoF::Card is not documented.
/home/travis/build/Erebot/erebot.github.io/tmp/clone/src/GoF/Card.php:35: warning: Member VALUE_10 (variable) of class Erebot::Module::GoF::Card is not documented.
/home/travis/build/Erebot/erebot.github.io/tmp/clone/src/GoF/Card.php:27: warning: Member VALUE_2 (variable) of class Erebot::Module::GoF::Card is not documented.
/home/travis/build/Erebot/erebot.github.io/tmp/clone/src/GoF/Card.php:28: warning: Member VALUE_3 (variable) of class Erebot::Module::GoF::Card is not documented.
/home/travis/build/Erebot/erebot.github.io/tmp/clone/src/GoF/Card.php:29: warning: Member VALUE_4 (variable) of class Erebot::Module::GoF::Card is not documented.
/home/travis/build/Erebot/erebot.github.io/tmp/clone/src/GoF/Card.php:30: warning: Member VALUE_5 (variable) of class Erebot::Module::GoF::Card is not documented.
/home/travis/build/Erebot/erebot.github.io/tmp/clone/src/GoF/Card.php:31: warning: Member VALUE_6 (variable) of class Erebot::Module::GoF::Card is not documented.
/home/travis/build/Erebot/erebot.github.io/tmp/clone/src/GoF/Card.php:32: warning: Member VALUE_7 (variable) of class Erebot::Module::GoF::Card is not documented.
/home/travis/build/Erebot/erebot.github.io/tmp/clone/src/GoF/Card.php:33: warning: Member VALUE_8 (variable) of class Erebot::Module::GoF::Card is not documented.
/home/travis/build/Erebot/erebot.github.io/tmp/clone/src/GoF/Card.php:34: warning: Member VALUE_9 (variable) of class Erebot::Module::GoF::Card is not documented.
/home/travis/build/Erebot/erebot.github.io/tmp/clone/src/GoF/Card.php:37: warning: Member VALUE_DRAGON (variable) of class Erebot::Module::GoF::Card is not documented.
/home/travis/build/Erebot/erebot.github.io/tmp/clone/src/GoF/Card.php:36: warning: Member VALUE_PHOENIX (variable) of class Erebot::Module::GoF::Card is not documented.
/home/travis/build/Erebot/erebot.github.io/tmp/clone/src/GoF/Card.php:92: warning: Member parseCard($card) (function) of class Erebot::Module::GoF::Card is not documented.
/home/travis/build/Erebot/erebot.github.io/tmp/clone/src/GoF/Card.php:24: warning: Member $color (variable) of class Erebot::Module::GoF::Card is not documented.
/home/travis/build/Erebot/erebot.github.io/tmp/clone/src/GoF/Card.php:23: warning: Member $value (variable) of class Erebot::Module::GoF::Card is not documented.
/home/travis/build/Erebot/erebot.github.io/tmp/clone/src/GoF/Combo.php:36: warning: Member __construct(\Erebot\Module\GoF\Card $card) (function) of class Erebot::Module::GoF::Combo is not documented.
/home/travis/build/Erebot/erebot.github.io/tmp/clone/src/GoF/Combo.php:259: warning: Member count() (function) of class Erebot::Module::GoF::Combo is not documented.
/home/travis/build/Erebot/erebot.github.io/tmp/clone/src/GoF/Combo.php:233: warning: Member current() (function) of class Erebot::Module::GoF::Combo is not documented.
/home/travis/build/Erebot/erebot.github.io/tmp/clone/src/GoF/Combo.php:159: warning: Member getType() (function) of class Erebot::Module::GoF::Combo is not documented.
/home/travis/build/Erebot/erebot.github.io/tmp/clone/src/GoF/Combo.php:238: warning: Member key() (function) of class Erebot::Module::GoF::Combo is not documented.
/home/travis/build/Erebot/erebot.github.io/tmp/clone/src/GoF/Combo.php:243: warning: Member next() (function) of class Erebot::Module::GoF::Combo is not documented.
/home/travis/build/Erebot/erebot.github.io/tmp/clone/src/GoF/Combo.php:207: warning: Member offsetExists($offset) (function) of class Erebot::Module::GoF::Combo is not documented.
/home/travis/build/Erebot/erebot.github.io/tmp/clone/src/GoF/Combo.php:212: warning: Member offsetGet($offset) (function) of class Erebot::Module::GoF::Combo is not documented.
/home/travis/build/Erebot/erebot.github.io/tmp/clone/src/GoF/Combo.php:217: warning: Member offsetSet($offset, $value) (function) of class Erebot::Module::GoF::Combo is not documented.
/home/travis/build/Erebot/erebot.github.io/tmp/clone/src/GoF/Combo.php:222: warning: Member offsetUnset($offset) (function) of class Erebot::Module::GoF::Combo is not documented.
/home/travis/build/Erebot/erebot.github.io/tmp/clone/src/GoF/Combo.php:248: warning: Member rewind() (function) of class Erebot::Module::GoF::Combo is not documented.
/home/travis/build/Erebot/erebot.github.io/tmp/clone/src/GoF/Combo.php:228: warning: Member seek($position) (function) of class Erebot::Module::GoF::Combo is not documented.
/home/travis/build/Erebot/erebot.github.io/tmp/clone/src/GoF/Combo.php:253: warning: Member valid() (function) of class Erebot::Module::GoF::Combo is not documented.
/home/travis/build/Erebot/erebot.github.io/tmp/clone/src/GoF/Combo.php:164: warning: Member compareCombos(\Erebot\Module\GoF\Combo $comboA,\Erebot\Module\GoF\Combo $comboB) (function) of class Erebot::Module::GoF::Combo is not documented.
/home/travis/build/Erebot/erebot.github.io/tmp/clone/src/GoF/Combo.php:27: warning: Member COMBO_FLUSH (variable) of class Erebot::Module::GoF::Combo is not documented.
/home/travis/build/Erebot/erebot.github.io/tmp/clone/src/GoF/Combo.php:28: warning: Member COMBO_FULL_HOUSE (variable) of class Erebot::Module::GoF::Combo is not documented.
/home/travis/build/Erebot/erebot.github.io/tmp/clone/src/GoF/Combo.php:30: warning: Member COMBO_GANG (variable) of class Erebot::Module::GoF::Combo is not documented.
/home/travis/build/Erebot/erebot.github.io/tmp/clone/src/GoF/Combo.php:24: warning: Member COMBO_PAIR (variable) of class Erebot::Module::GoF::Combo is not documented.
/home/travis/build/Erebot/erebot.github.io/tmp/clone/src/GoF/Combo.php:23: warning: Member COMBO_SINGLE (variable) of class Erebot::Module::GoF::Combo is not documented.
/home/travis/build/Erebot/erebot.github.io/tmp/clone/src/GoF/Combo.php:26: warning: Member COMBO_STRAIGHT (variable) of class Erebot::Module::GoF::Combo is not documented.
/home/travis/build/Erebot/erebot.github.io/tmp/clone/src/GoF/Combo.php:29: warning: Member COMBO_STRAIGHT_FLUSH (variable) of class Erebot::Module::GoF::Combo is not documented.
/home/travis/build/Erebot/erebot.github.io/tmp/clone/src/GoF/Combo.php:25: warning: Member COMBO_TRIO (variable) of class Erebot::Module::GoF::Combo is not documented.
/home/travis/build/Erebot/erebot.github.io/tmp/clone/src/GoF/Combo.php:33: warning: Member $cards (variable) of class Erebot::Module::GoF::Combo is not documented.
/home/travis/build/Erebot/erebot.github.io/tmp/clone/src/GoF/Combo.php:34: warning: Member $type (variable) of class Erebot::Module::GoF::Combo is not documented.
/home/travis/build/Erebot/erebot.github.io/tmp/clone/src/GoF/Combo.php:32: warning: Member $position (variable) of class Erebot::Module::GoF::Combo is not documented.
/home/travis/build/Erebot/erebot.github.io/tmp/clone/src/GoF/DeckInterface.php:26: warning: Member discard(\Erebot\Module\GoF\Player $player,\Erebot\Module\GoF\Combo $card) (function) of class Erebot::Module::GoF::DeckInterface is not documented.
/home/travis/build/Erebot/erebot.github.io/tmp/clone/src/GoF/DeckInterface.php:23: warning: Member draw() (function) of class Erebot::Module::GoF::DeckInterface is not documented.
/home/travis/build/Erebot/erebot.github.io/tmp/clone/src/GoF/DeckInterface.php:25: warning: Member getLastDiscard() (function) of class Erebot::Module::GoF::DeckInterface is not documented.
/home/travis/build/Erebot/erebot.github.io/tmp/clone/src/GoF/DeckInterface.php:24: warning: Member shuffle() (function) of class Erebot::Module::GoF::DeckInterface is not documented.
/home/travis/build/Erebot/erebot.github.io/tmp/clone/src/GoF/Game.php:35: warning: Member __construct($creator,\Erebot\Module\GoF\DeckInterface &$deck) (function) of class Erebot::Module::GoF::Game is not documented.
/home/travis/build/Erebot/erebot.github.io/tmp/clone/src/GoF/Game.php:207: warning: Member chooseCard(\Erebot\Module\GoF\Card $card) (function) of class Erebot::Module::GoF::Game is not documented.
/home/travis/build/Erebot/erebot.github.io/tmp/clone/src/GoF/Game.php:251: warning: Member count() (function) of class Erebot::Module::GoF::Game is not documented.
/home/travis/build/Erebot/erebot.github.io/tmp/clone/src/GoF/Game.php:237: warning: Member getCreator() (function) of class Erebot::Module::GoF::Game is not documented.
/home/travis/build/Erebot/erebot.github.io/tmp/clone/src/GoF/Game.php:227: warning: Member getCurrentPlayer() (function) of class Erebot::Module::GoF::Game is not documented.
/home/travis/build/Erebot/erebot.github.io/tmp/clone/src/GoF/Game.php:271: warning: Member getDeck() (function) of class Erebot::Module::GoF::Game is not documented.
/home/travis/build/Erebot/erebot.github.io/tmp/clone/src/GoF/Game.php:266: warning: Member getDirection() (function) of class Erebot::Module::GoF::Game is not documented.
/home/travis/build/Erebot/erebot.github.io/tmp/clone/src/GoF/Game.php:242: warning: Member getElapsedTime() (function) of class Erebot::Module::GoF::Game is not documented.
/home/travis/build/Erebot/erebot.github.io/tmp/clone/src/GoF/Game.php:232: warning: Member getLastLoser() (function) of class Erebot::Module::GoF::Game is not documented.
/home/travis/build/Erebot/erebot.github.io/tmp/clone/src/GoF/Game.php:261: warning: Member getNbRounds() (function) of class Erebot::Module::GoF::Game is not documented.
/home/travis/build/Erebot/erebot.github.io/tmp/clone/src/GoF/Game.php:256: warning: Member getPlayers() (function) of class Erebot::Module::GoF::Game is not documented.
/home/travis/build/Erebot/erebot.github.io/tmp/clone/src/GoF/Game.php:47: warning: Member join($token) (function) of class Erebot::Module::GoF::Game is not documented.
/home/travis/build/Erebot/erebot.github.io/tmp/clone/src/GoF/Game.php:180: warning: Member pass() (function) of class Erebot::Module::GoF::Game is not documented.
/home/travis/build/Erebot/erebot.github.io/tmp/clone/src/GoF/Game.php:86: warning: Member play(\Erebot\Module\GoF\Combo $combo) (function) of class Erebot::Module::GoF::Game is not documented.
/home/travis/build/Erebot/erebot.github.io/tmp/clone/src/GoF/Game.php:59: warning: Member start() (function) of class Erebot::Module::GoF::Game is not documented.
/home/travis/build/Erebot/erebot.github.io/tmp/clone/src/GoF/Game.php:33: warning: Member DIR_CLOCKWISE (variable) of class Erebot::Module::GoF::Game is not documented.
/home/travis/build/Erebot/erebot.github.io/tmp/clone/src/GoF/Game.php:32: warning: Member DIR_COUNTERCLOCKWISE (variable) of class Erebot::Module::GoF::Game is not documented.
/home/travis/build/Erebot/erebot.github.io/tmp/clone/src/GoF/Game.php:201: warning: Member shiftPlayer() (function) of class Erebot::Module::GoF::Game is not documented.
/home/travis/build/Erebot/erebot.github.io/tmp/clone/src/GoF/Game.php:81: warning: Member shuffle() (function) of class Erebot::Module::GoF::Game is not documented.
/home/travis/build/Erebot/erebot.github.io/tmp/clone/src/GoF/Game.php:175: warning: Member getScore(&$v, $k, $p) (function) of class Erebot::Module::GoF::Game is not documented.
/home/travis/build/Erebot/erebot.github.io/tmp/clone/src/GoF/Game.php:27: warning: Member $creator (variable) of class Erebot::Module::GoF::Game is not documented.
/home/travis/build/Erebot/erebot.github.io/tmp/clone/src/GoF/Game.php:23: warning: Member $deck (variable) of class Erebot::Module::GoF::Game is not documented.
/home/travis/build/Erebot/erebot.github.io/tmp/clone/src/GoF/Game.php:29: warning: Member $lastLoser (variable) of class Erebot::Module::GoF::Game is not documented.
/home/travis/build/Erebot/erebot.github.io/tmp/clone/src/GoF/Game.php:28: warning: Member $leader (variable) of class Erebot::Module::GoF::Game is not documented.
/home/travis/build/Erebot/erebot.github.io/tmp/clone/src/GoF/Game.php:30: warning: Member $nbRounds (variable) of class Erebot::Module::GoF::Game is not documented.
/home/travis/build/Erebot/erebot.github.io/tmp/clone/src/GoF/Game.php:24: warning: Member $order (variable) of class Erebot::Module::GoF::Game is not documented.
/home/travis/build/Erebot/erebot.github.io/tmp/clone/src/GoF/Game.php:25: warning: Member $players (variable) of class Erebot::Module::GoF::Game is not documented.
/home/travis/build/Erebot/erebot.github.io/tmp/clone/src/GoF/Game.php:26: warning: Member $startTime (variable) of class Erebot::Module::GoF::Game is not documented.
/home/travis/build/Erebot/erebot.github.io/tmp/clone/src/GoF/Hand.php:27: warning: Member __construct(\Erebot\Module\GoF\DeckInterface $deck,\Erebot\Module\GoF\Player $player) (function) of class Erebot::Module::GoF::Hand is not documented.
/home/travis/build/Erebot/erebot.github.io/tmp/clone/src/GoF/Hand.php:56: warning: Member addCard(\Erebot\Module\GoF\Card $card) (function) of class Erebot::Module::GoF::Hand is not documented.
/home/travis/build/Erebot/erebot.github.io/tmp/clone/src/GoF/Hand.php:46: warning: Member count() (function) of class Erebot::Module::GoF::Hand is not documented.
/home/travis/build/Erebot/erebot.github.io/tmp/clone/src/GoF/Hand.php:88: warning: Member discardCombo(\Erebot\Module\GoF\Combo $combo) (function) of class Erebot::Module::GoF::Hand is not documented.
/home/travis/build/Erebot/erebot.github.io/tmp/clone/src/GoF/Hand.php:126: warning: Member getBestCard() (function) of class Erebot::Module::GoF::Hand is not documented.
/home/travis/build/Erebot/erebot.github.io/tmp/clone/src/GoF/Hand.php:51: warning: Member getCards() (function) of class Erebot::Module::GoF::Hand is not documented.
/home/travis/build/Erebot/erebot.github.io/tmp/clone/src/GoF/Hand.php:41: warning: Member getPlayer() (function) of class Erebot::Module::GoF::Hand is not documented.
/home/travis/build/Erebot/erebot.github.io/tmp/clone/src/GoF/Hand.php:108: warning: Member getScore() (function) of class Erebot::Module::GoF::Hand is not documented.
/home/travis/build/Erebot/erebot.github.io/tmp/clone/src/GoF/Hand.php:63: warning: Member hasCard(\Erebot\Module\GoF\Card $card) (function) of class Erebot::Module::GoF::Hand is not documented.
/home/travis/build/Erebot/erebot.github.io/tmp/clone/src/GoF/Hand.php:75: warning: Member removeCard(\Erebot\Module\GoF\Card $card) (function) of class Erebot::Module::GoF::Hand is not documented.
/home/travis/build/Erebot/erebot.github.io/tmp/clone/src/GoF/Hand.php:23: warning: Member $cards (variable) of class Erebot::Module::GoF::Hand is not documented.
/home/travis/build/Erebot/erebot.github.io/tmp/clone/src/GoF/Hand.php:24: warning: Member $deck (variable) of class Erebot::Module::GoF::Hand is not documented.
/home/travis/build/Erebot/erebot.github.io/tmp/clone/src/GoF/Hand.php:25: warning: Member $player (variable) of class Erebot::Module::GoF::Hand is not documented.
/home/travis/build/Erebot/erebot.github.io/tmp/clone/src/GoF/InferiorComboException.php:32: warning: Member __construct($message=null, $code=0, $allowed=null) (function) of class Erebot::Module::GoF::InferiorComboException is not documented.
/home/travis/build/Erebot/erebot.github.io/tmp/clone/src/GoF/Player.php:27: warning: Member __construct(&$token) (function) of class Erebot::Module::GoF::Player is not documented.
/home/travis/build/Erebot/erebot.github.io/tmp/clone/src/GoF/Player.php:53: warning: Member computeScore() (function) of class Erebot::Module::GoF::Player is not documented.
/home/travis/build/Erebot/erebot.github.io/tmp/clone/src/GoF/Player.php:43: warning: Member getHand() (function) of class Erebot::Module::GoF::Player is not documented.
/home/travis/build/Erebot/erebot.github.io/tmp/clone/src/GoF/Player.php:48: warning: Member getScore() (function) of class Erebot::Module::GoF::Player is not documented.
/home/travis/build/Erebot/erebot.github.io/tmp/clone/src/GoF/Player.php:33: warning: Member getToken() (function) of class Erebot::Module::GoF::Player is not documented.
/home/travis/build/Erebot/erebot.github.io/tmp/clone/src/GoF/Player.php:38: warning: Member setHand(\Erebot\Module\GoF\Hand $hand) (function) of class Erebot::Module::GoF::Player is not documented.
/home/travis/build/Erebot/erebot.github.io/tmp/clone/src/GoF/Player.php:24: warning: Member $hand (variable) of class Erebot::Module::GoF::Player is not documented.
/home/travis/build/Erebot/erebot.github.io/tmp/clone/src/GoF/Player.php:25: warning: Member $score (variable) of class Erebot::Module::GoF::Player is not documented.
/home/travis/build/Erebot/erebot.github.io/tmp/clone/src/GoF/Player.php:23: warning: Member $token (variable) of class Erebot::Module::GoF::Player is not documented.
/home/travis/build/Erebot/erebot.github.io/tmp/clone/src/GoF/Deck/Official.php:40: warning: Member discard(\Erebot\Module\GoF\Player $player,\Erebot\Module\GoF\Combo $combo) (function) of class Erebot::Module::GoF::Deck::Official is not documented.
/home/travis/build/Erebot/erebot.github.io/tmp/clone/src/GoF/Deck/Official.php:32: warning: Member draw() (function) of class Erebot::Module::GoF::Deck::Official is not documented.
/home/travis/build/Erebot/erebot.github.io/tmp/clone/src/GoF/Deck/Official.php:74: warning: Member getLastDiscard() (function) of class Erebot::Module::GoF::Deck::Official is not documented.
/home/travis/build/Erebot/erebot.github.io/tmp/clone/src/GoF/Deck/Official.php:50: warning: Member shuffle() (function) of class Erebot::Module::GoF::Deck::Official is not documented.
/home/travis/build/Erebot/erebot.github.io/tmp/clone/src/GoF/Deck/Official.php:23: warning: Member $cards (variable) of class Erebot::Module::GoF::Deck::Official is not documented.
/home/travis/build/Erebot/erebot.github.io/tmp/clone/src/GoF/Deck/Official.php:24: warning: Member $discarded (variable) of class Erebot::Module::GoF::Deck::Official is not documented.

Building file list...
Building class list...
Associating documentation with classes...
Computing nesting relations for classes...
Building example list...
Searching for enumerations...
Searching for documented typedefs...
Searching for members imported via using declarations...
Searching for included using directives...
Searching for documented variables...
Building interface member list...
Building member list...
Searching for friends...
Searching for documented defines...
Computing class inheritance relations...
Computing class usage relations...
Flushing cached template relations that have become invalid...
Creating members for template instances...
Computing class relations...
Add enum values to enums...
Searching for member function documentation...
Building page list...
Search for main page...
Computing page relations...
Determining the scope of groups...
Sorting lists...
Freeing entry tree
Determining which enums are documented
Computing member relations...
Building full member lists recursively...
Adding members to member groups.
Computing member references...
Inheriting documentation...
Generating disk names...
Adding source references...
Adding xrefitems...
Sorting member lists...
Computing dependencies between directories...
Generating citations page...
Counting data structures...
Resolving user defined references...
Finding anchors and sections in the documentation...
Transferring function references...
Combining using relations...
Adding members to index pages...
Generating style sheet...
Generating example documentation...
Generating file sources...
Generating code for file src/GoF.php...
Generating code for file src/GoF/Card.php...
Generating code for file src/GoF/Combo.php...
Generating code for file src/GoF/Deck/Official.php...
Generating code for file src/GoF/DeckInterface.php...
Generating code for file src/GoF/EnoughPlayersException.php...
Generating code for file src/GoF/Exception.php...
Generating code for file src/GoF/Game.php...
Generating code for file src/GoF/Hand.php...
Generating code for file src/GoF/InferiorComboException.php...
Generating code for file src/GoF/InternalErrorException.php...
Generating code for file src/GoF/InvalidCardException.php...
Generating code for file src/GoF/InvalidComboException.php...
Generating code for file src/GoF/NoSuchCardException.php...
Generating code for file src/GoF/NotComparableException.php...
Generating code for file src/GoF/Player.php...
Generating code for file src/GoF/StartWithMulti1Exception.php...
Generating code for file src/GoF/WaitingForCardException.php...
Generating file documentation...
Generating page documentation...
Generating group documentation...
Generating class documentation...
Generating namespace index...
Generating docs for compound Erebot::Module::GoF...
Generating docs for compound Erebot::Module::GoF::Card...
Generating docs for compound Erebot::Module::GoF::Combo...
Generating docs for compound Erebot::Module::GoF::DeckInterface...
Generating docs for compound Erebot::Module::GoF::EnoughPlayersException...
Generating docs for compound Erebot::Module::GoF::Exception...
Generating docs for compound Erebot::Module::GoF::Game...
Generating docs for compound Erebot::Module::GoF::Hand...
Generating docs for compound Erebot::Module::GoF::InferiorComboException...
Generating docs for compound Erebot::Module::GoF::InternalErrorException...
Generating docs for compound Erebot::Module::GoF::InvalidCardException...
Generating docs for compound Erebot::Module::GoF::InvalidComboException...
Generating docs for compound Erebot::Module::GoF::NoSuchCardException...
Generating docs for compound Erebot::Module::GoF::NotComparableException...
Generating docs for compound Erebot::Module::GoF::Player...
Generating docs for compound Erebot::Module::GoF::StartWithMulti1Exception...
Generating docs for compound Erebot::Module::GoF::WaitingForCardException...
Generating docs for compound Erebot::Module::GoF::Deck::Official...
Generating graph info page...
Generating directory documentation...
Generating dependency graph for directory src/GoF/Deck
Generating dependency graph for directory src/GoF
Generating dependency graph for directory src
Generating index page...
Generating page index...
Generating module index...
Generating namespace index...
Generating namespace member index...
Generating annotated compound index...
Generating alphabetical compound index...
Generating hierarchical class index...
Generating graphical class hierarchy...
Generating member index...
Generating file index...
Generating file member index...
Generating example index...
finalizing index lists...
Generating XML output...
Generating XML output for class Erebot::Module::GoF::Card
Generating XML output for class Erebot::Module::GoF::Combo
Generating XML output for class Erebot::Module::GoF::DeckInterface
Generating XML output for class Erebot::Module::GoF::EnoughPlayersException
Generating XML output for class Erebot::Module::GoF::Exception
Generating XML output for class Erebot::Module::GoF::Game
Generating XML output for class Erebot::Module::GoF
Generating XML output for class Erebot::Module::GoF::Hand
Generating XML output for class Erebot::Module::GoF::InferiorComboException
Generating XML output for class Erebot::Module::GoF::InternalErrorException
Generating XML output for class Erebot::Module::GoF::InvalidCardException
Generating XML output for class Erebot::Module::GoF::InvalidComboException
Generating XML output for class Erebot::Module::GoF::NoSuchCardException
Generating XML output for class Erebot::Module::GoF::NotComparableException
Generating XML output for class Erebot::Module::GoF::Deck::Official
Generating XML output for class Erebot::Module::GoF::Player
Generating XML output for class Erebot::Module::GoF::StartWithMulti1Exception
Generating XML output for class Erebot::Module::GoF::WaitingForCardException
Generating XML output for namespace Erebot
Generating XML output for namespace Erebot::Module
Generating XML output for namespace Erebot::Module::GoF
Generating XML output for namespace Erebot::Module::GoF::Deck
Generating XML output for file GoF.php
Generating XML output for file Card.php
Generating XML output for file Combo.php
Generating XML output for file Official.php
Generating XML output for file DeckInterface.php
Generating XML output for file EnoughPlayersException.php
Generating XML output for file Exception.php
Generating XML output for file Game.php
Generating XML output for file Hand.php
Generating XML output for file InferiorComboException.php
Generating XML output for file InternalErrorException.php
Generating XML output for file InvalidCardException.php
Generating XML output for file InvalidComboException.php
Generating XML output for file NoSuchCardException.php
Generating XML output for file NotComparableException.php
Generating XML output for file Player.php
Generating XML output for file StartWithMulti1Exception.php
Generating XML output for file WaitingForCardException.php
Generate XML output for dir /home/travis/build/Erebot/erebot.github.io/tmp/clone/src/GoF/Deck/
Generate XML output for dir /home/travis/build/Erebot/erebot.github.io/tmp/clone/src/GoF/
Generate XML output for dir /home/travis/build/Erebot/erebot.github.io/tmp/clone/src/
Running dot...
Generating dot graphs using 4 parallel threads...
Running dot for graph 1/26
Running dot for graph 2/26
Running dot for graph 3/26
Running dot for graph 4/26
Running dot for graph 5/26
Running dot for graph 6/26
Running dot for graph 7/26
Running dot for graph 8/26
Running dot for graph 9/26
Running dot for graph 10/26
Running dot for graph 11/26
Running dot for graph 12/26
Running dot for graph 13/26
Running dot for graph 14/26
Running dot for graph 15/26
Running dot for graph 16/26
Running dot for graph 17/26
Running dot for graph 18/26
Running dot for graph 19/26
Running dot for graph 20/26
Running dot for graph 21/26
Running dot for graph 22/26
Running dot for graph 23/26
Running dot for graph 24/26
Running dot for graph 25/26
Running dot for graph 26/26
Patching output file 1/20
Patching output file 2/20
Patching output file 3/20
Patching output file 4/20
Patching output file 5/20
Patching output file 6/20
Patching output file 7/20
Patching output file 8/20
Patching output file 9/20
Patching output file 10/20
Patching output file 11/20
Patching output file 12/20
Patching output file 13/20
Patching output file 14/20
Patching output file 15/20
Patching output file 16/20
Patching output file 17/20
Patching output file 18/20
Patching output file 19/20
Patching output file 20/20
lookup cache used 351/65536 hits=3963 misses=354
finished...
Including real configuration file (/home/travis/build/Erebot/erebot.github.io/tmp/clone/docs/src/real_conf.py)...
loading translations [fr]... done
building [html]: targets for 4 source files that are out of date
updating environment: 4 added, 0 changed, 0 removed
reading sources... [ 25%] Configuration
reading sources... [ 50%] Prerequisites
reading sources... [ 75%] Usage
reading sources... [100%] index

/home/travis/build/Erebot/erebot.github.io/tmp/clone/docs/src/Configuration.rst:0: ERROR: Undefined substitution referenced: "project".
/home/travis/build/Erebot/erebot.github.io/tmp/clone/docs/src/Configuration.rst:103: ERROR: Undefined substitution referenced: "project".
/home/travis/build/Erebot/erebot.github.io/tmp/clone/docs/src/Usage.rst:0: ERROR: Undefined substitution referenced: "project".
/home/travis/build/Erebot/erebot.github.io/tmp/clone/docs/src/index.rst:21: WARNING: nonlocal image URI found: https://secure.travis-ci.org/Erebot/Erebot_Module_GoF.png
/home/travis/build/Erebot/erebot.github.io/tmp/clone/docs/src/index.rst:23: WARNING: nonlocal image URI found: https://secure.travis-ci.org/Erebot/Erebot_Module_GoF.png
looking for now-outdated files... none found
pickling environment... done
checking consistency... done
preparing documents... done
writing output... [ 25%] Configuration
writing output... [ 50%] Prerequisites
writing output... [ 75%] Usage
writing output... [100%] index

writing additional files... search
copying static files... done
copying extra files... done
dumping search index... done
dumping object inventory... done
build succeeded, 5 warnings.
