Making output directory...
Running Sphinx v1.2.2
fatal: no tag exactly matches '691fc3fa8bc6f07061ff2b3798fec76bc3a039aa'
Warning: ignoring unsupported tag `ALLOW_UNICODE_NAMES    =' at line 79, file vendor/erebot/buildenv/Doxyfile
Warning: Tag `CLANG_ASSISTED_PARSING' at line 998 of file vendor/erebot/buildenv/Doxyfile belongs to an option that was not enabled at compile time.
To avoid this warning please remove this line from your configuration file, upgrade it using "doxygen -u", or recompile doxygen with this feature enabled.
Warning: Tag `CLANG_OPTIONS' at line 1006 of file vendor/erebot/buildenv/Doxyfile belongs to an option that was not enabled at compile time.
To avoid this warning please remove this line from your configuration file, upgrade it using "doxygen -u", or recompile doxygen with this feature enabled.
Warning: ignoring unsupported tag `MAN_SUBDIR             =' at line 1814, file vendor/erebot/buildenv/Doxyfile
Warning: ignoring unsupported tag `DOCBOOK_PROGRAMLISTING =' at line 1877, file vendor/erebot/buildenv/Doxyfile
Warning: ignoring unsupported tag `PLANTUML_JAR_PATH      =' at line 2302, file vendor/erebot/buildenv/Doxyfile
Warning: tag INPUT: input source `docs/additions/' does not exist
Warning: tag INPUT: input source `vendor/fpoirotte/natives4doxygen/docs/' does not exist
Warning: tag INPUT: input source `vendor/erebot/api/src/' does not exist
Warning: tag INPUT: input source `vendor/erebot/api/docs/additions/' does not exist
Warning: tag INPUT: input source `vendor/erebot/intl/src/' does not exist
Warning: tag INPUT: input source `vendor/erebot/callable-wrapper/src/' does not exist
Warning: tag INPUT: input source `vendor/erebot/timer/src/' does not exist
Warning: tag INPUT: input source `vendor/erebot/styling/src/' does not exist
Warning: tag INPUT: input source `vendor/erebot/dom/src/' does not exist
Warning: tag INPUT: input source `vendor/erebot/uri/src/' does not exist
warning: source docs/additions is not a readable file or directory... skipping.
warning: source vendor/fpoirotte/natives4doxygen/docs is not a readable file or directory... skipping.
warning: source vendor/erebot/api/src is not a readable file or directory... skipping.
warning: source vendor/erebot/api/docs/additions is not a readable file or directory... skipping.
warning: source vendor/erebot/intl/src is not a readable file or directory... skipping.
warning: source vendor/erebot/callable-wrapper/src is not a readable file or directory... skipping.
warning: source vendor/erebot/timer/src is not a readable file or directory... skipping.
warning: source vendor/erebot/styling/src is not a readable file or directory... skipping.
warning: source vendor/erebot/dom/src is not a readable file or directory... skipping.
warning: source vendor/erebot/uri/src is not a readable file or directory... skipping.
Notice: Output directory `docs/api' does not exist. I have created it for you.
Searching for include files...
Searching for example files...
Searching for images...
Searching for dot files...
Searching for msc files...
Searching for dia files...
Searching for files to exclude
Searching for files to process...
Searching for files in directory /home/travis/build/Erebot/erebot.github.io/tmp/clone/src
Searching for files in directory /home/travis/build/Erebot/erebot.github.io/tmp/clone/src/Config
Searching for files in directory /home/travis/build/Erebot/erebot.github.io/tmp/clone/src/Console
Searching for files in directory /home/travis/build/Erebot/erebot.github.io/tmp/clone/src/Event
Searching for files in directory /home/travis/build/Erebot/erebot.github.io/tmp/clone/src/Event/Match
Searching for files in directory /home/travis/build/Erebot/erebot.github.io/tmp/clone/src/Identd
Searching for files in directory /home/travis/build/Erebot/erebot.github.io/tmp/clone/src/IrcCollator
Searching for files in directory /home/travis/build/Erebot/erebot.github.io/tmp/clone/src/NumericProfile
Searching for files in directory /home/travis/build/Erebot/erebot.github.io/tmp/clone/src/Proxy
Searching for files in directory /home/travis/build/Erebot/erebot.github.io/tmp/clone/src/Proxy/EndPoint
Reading and parsing tag files
Parsing files
Reading /home/travis/build/Erebot/erebot.github.io/tmp/clone/src/CLI.php...
Parsing file /home/travis/build/Erebot/erebot.github.io/tmp/clone/src/CLI.php...
Reading /home/travis/build/Erebot/erebot.github.io/tmp/clone/src/Config/Channel.php...
Parsing file /home/travis/build/Erebot/erebot.github.io/tmp/clone/src/Config/Channel.php...
Reading /home/travis/build/Erebot/erebot.github.io/tmp/clone/src/Config/Main.php...
Parsing file /home/travis/build/Erebot/erebot.github.io/tmp/clone/src/Config/Main.php...
Reading /home/travis/build/Erebot/erebot.github.io/tmp/clone/src/Config/Module.php...
Parsing file /home/travis/build/Erebot/erebot.github.io/tmp/clone/src/Config/Module.php...
Reading /home/travis/build/Erebot/erebot.github.io/tmp/clone/src/Config/Network.php...
Parsing file /home/travis/build/Erebot/erebot.github.io/tmp/clone/src/Config/Network.php...
Reading /home/travis/build/Erebot/erebot.github.io/tmp/clone/src/Config/Proxy.php...
Parsing file /home/travis/build/Erebot/erebot.github.io/tmp/clone/src/Config/Proxy.php...
Reading /home/travis/build/Erebot/erebot.github.io/tmp/clone/src/Config/Server.php...
Parsing file /home/travis/build/Erebot/erebot.github.io/tmp/clone/src/Config/Server.php...
Reading /home/travis/build/Erebot/erebot.github.io/tmp/clone/src/ConnectionFactory.php...
Parsing file /home/travis/build/Erebot/erebot.github.io/tmp/clone/src/ConnectionFactory.php...
Reading /home/travis/build/Erebot/erebot.github.io/tmp/clone/src/Console/MessageProvider.php...
Parsing file /home/travis/build/Erebot/erebot.github.io/tmp/clone/src/Console/MessageProvider.php...
Reading /home/travis/build/Erebot/erebot.github.io/tmp/clone/src/Console/ParallelOption.php...
Parsing file /home/travis/build/Erebot/erebot.github.io/tmp/clone/src/Console/ParallelOption.php...
Reading /home/travis/build/Erebot/erebot.github.io/tmp/clone/src/Console/StoreProxyAction.php...
Parsing file /home/travis/build/Erebot/erebot.github.io/tmp/clone/src/Console/StoreProxyAction.php...
Reading /home/travis/build/Erebot/erebot.github.io/tmp/clone/src/Core.php...
Parsing file /home/travis/build/Erebot/erebot.github.io/tmp/clone/src/Core.php...
Reading /home/travis/build/Erebot/erebot.github.io/tmp/clone/src/Event/Ban.php...
Parsing file /home/travis/build/Erebot/erebot.github.io/tmp/clone/src/Event/Ban.php...
Reading /home/travis/build/Erebot/erebot.github.io/tmp/clone/src/Event/ChanAction.php...
Parsing file /home/travis/build/Erebot/erebot.github.io/tmp/clone/src/Event/ChanAction.php...
Reading /home/travis/build/Erebot/erebot.github.io/tmp/clone/src/Event/ChanCtcp.php...
Parsing file /home/travis/build/Erebot/erebot.github.io/tmp/clone/src/Event/ChanCtcp.php...
Reading /home/travis/build/Erebot/erebot.github.io/tmp/clone/src/Event/ChanCtcpReply.php...
Parsing file /home/travis/build/Erebot/erebot.github.io/tmp/clone/src/Event/ChanCtcpReply.php...
Reading /home/travis/build/Erebot/erebot.github.io/tmp/clone/src/Event/ChanNotice.php...
Parsing file /home/travis/build/Erebot/erebot.github.io/tmp/clone/src/Event/ChanNotice.php...
Reading /home/travis/build/Erebot/erebot.github.io/tmp/clone/src/Event/ChanText.php...
Parsing file /home/travis/build/Erebot/erebot.github.io/tmp/clone/src/Event/ChanText.php...
Reading /home/travis/build/Erebot/erebot.github.io/tmp/clone/src/Event/Connect.php...
Parsing file /home/travis/build/Erebot/erebot.github.io/tmp/clone/src/Event/Connect.php...
Reading /home/travis/build/Erebot/erebot.github.io/tmp/clone/src/Event/DeHalfop.php...
Parsing file /home/travis/build/Erebot/erebot.github.io/tmp/clone/src/Event/DeHalfop.php...
Reading /home/travis/build/Erebot/erebot.github.io/tmp/clone/src/Event/DeOp.php...
Parsing file /home/travis/build/Erebot/erebot.github.io/tmp/clone/src/Event/DeOp.php...
Reading /home/travis/build/Erebot/erebot.github.io/tmp/clone/src/Event/DeOwner.php...
Parsing file /home/travis/build/Erebot/erebot.github.io/tmp/clone/src/Event/DeOwner.php...
Reading /home/travis/build/Erebot/erebot.github.io/tmp/clone/src/Event/DeProtect.php...
Parsing file /home/travis/build/Erebot/erebot.github.io/tmp/clone/src/Event/DeProtect.php...
Reading /home/travis/build/Erebot/erebot.github.io/tmp/clone/src/Event/DeVoice.php...
Parsing file /home/travis/build/Erebot/erebot.github.io/tmp/clone/src/Event/DeVoice.php...
Reading /home/travis/build/Erebot/erebot.github.io/tmp/clone/src/Event/Disconnect.php...
Parsing file /home/travis/build/Erebot/erebot.github.io/tmp/clone/src/Event/Disconnect.php...
Reading /home/travis/build/Erebot/erebot.github.io/tmp/clone/src/Event/Error.php...
Parsing file /home/travis/build/Erebot/erebot.github.io/tmp/clone/src/Event/Error.php...
Reading /home/travis/build/Erebot/erebot.github.io/tmp/clone/src/Event/Except.php...
Parsing file /home/travis/build/Erebot/erebot.github.io/tmp/clone/src/Event/Except.php...
Reading /home/travis/build/Erebot/erebot.github.io/tmp/clone/src/Event/ExitEvent.php...
Parsing file /home/travis/build/Erebot/erebot.github.io/tmp/clone/src/Event/ExitEvent.php...
Reading /home/travis/build/Erebot/erebot.github.io/tmp/clone/src/Event/Halfop.php...
Parsing file /home/travis/build/Erebot/erebot.github.io/tmp/clone/src/Event/Halfop.php...
Reading /home/travis/build/Erebot/erebot.github.io/tmp/clone/src/Event/Invite.php...
Parsing file /home/travis/build/Erebot/erebot.github.io/tmp/clone/src/Event/Invite.php...
Reading /home/travis/build/Erebot/erebot.github.io/tmp/clone/src/Event/Join.php...
Parsing file /home/travis/build/Erebot/erebot.github.io/tmp/clone/src/Event/Join.php...
Reading /home/travis/build/Erebot/erebot.github.io/tmp/clone/src/Event/Kick.php...
Parsing file /home/travis/build/Erebot/erebot.github.io/tmp/clone/src/Event/Kick.php...
Reading /home/travis/build/Erebot/erebot.github.io/tmp/clone/src/Event/Logon.php...
Parsing file /home/travis/build/Erebot/erebot.github.io/tmp/clone/src/Event/Logon.php...
Reading /home/travis/build/Erebot/erebot.github.io/tmp/clone/src/Event/Match/All.php...
Parsing file /home/travis/build/Erebot/erebot.github.io/tmp/clone/src/Event/Match/All.php...
Reading /home/travis/build/Erebot/erebot.github.io/tmp/clone/src/Event/Match/Always.php...
Parsing file /home/travis/build/Erebot/erebot.github.io/tmp/clone/src/Event/Match/Always.php...
Reading /home/travis/build/Erebot/erebot.github.io/tmp/clone/src/Event/Match/Any.php...
Parsing file /home/travis/build/Erebot/erebot.github.io/tmp/clone/src/Event/Match/Any.php...
Reading /home/travis/build/Erebot/erebot.github.io/tmp/clone/src/Event/Match/Chan.php...
Parsing file /home/travis/build/Erebot/erebot.github.io/tmp/clone/src/Event/Match/Chan.php...
Reading /home/travis/build/Erebot/erebot.github.io/tmp/clone/src/Event/Match/Never.php...
Parsing file /home/travis/build/Erebot/erebot.github.io/tmp/clone/src/Event/Match/Never.php...
Reading /home/travis/build/Erebot/erebot.github.io/tmp/clone/src/Event/Match/Not.php...
Parsing file /home/travis/build/Erebot/erebot.github.io/tmp/clone/src/Event/Match/Not.php...
Reading /home/travis/build/Erebot/erebot.github.io/tmp/clone/src/Event/Match/Source.php...
Parsing file /home/travis/build/Erebot/erebot.github.io/tmp/clone/src/Event/Match/Source.php...
Reading /home/travis/build/Erebot/erebot.github.io/tmp/clone/src/Event/Match/TextRegex.php...
Parsing file /home/travis/build/Erebot/erebot.github.io/tmp/clone/src/Event/Match/TextRegex.php...
Reading /home/travis/build/Erebot/erebot.github.io/tmp/clone/src/Event/Match/TextStatic.php...
Parsing file /home/travis/build/Erebot/erebot.github.io/tmp/clone/src/Event/Match/TextStatic.php...
Reading /home/travis/build/Erebot/erebot.github.io/tmp/clone/src/Event/Match/TextWildcard.php...
Parsing file /home/travis/build/Erebot/erebot.github.io/tmp/clone/src/Event/Match/TextWildcard.php...
Reading /home/travis/build/Erebot/erebot.github.io/tmp/clone/src/Event/Match/Type.php...
Parsing file /home/travis/build/Erebot/erebot.github.io/tmp/clone/src/Event/Match/Type.php...
Reading /home/travis/build/Erebot/erebot.github.io/tmp/clone/src/Event/ModeGivenAbsract.php...
Parsing file /home/travis/build/Erebot/erebot.github.io/tmp/clone/src/Event/ModeGivenAbsract.php...
Reading /home/travis/build/Erebot/erebot.github.io/tmp/clone/src/Event/Nick.php...
Parsing file /home/travis/build/Erebot/erebot.github.io/tmp/clone/src/Event/Nick.php...
Reading /home/travis/build/Erebot/erebot.github.io/tmp/clone/src/Event/Notify.php...
Parsing file /home/travis/build/Erebot/erebot.github.io/tmp/clone/src/Event/Notify.php...
Reading /home/travis/build/Erebot/erebot.github.io/tmp/clone/src/Event/Numeric.php...
Parsing file /home/travis/build/Erebot/erebot.github.io/tmp/clone/src/Event/Numeric.php...
Reading /home/travis/build/Erebot/erebot.github.io/tmp/clone/src/Event/Op.php...
Parsing file /home/travis/build/Erebot/erebot.github.io/tmp/clone/src/Event/Op.php...
Reading /home/travis/build/Erebot/erebot.github.io/tmp/clone/src/Event/Owner.php...
Parsing file /home/travis/build/Erebot/erebot.github.io/tmp/clone/src/Event/Owner.php...
Reading /home/travis/build/Erebot/erebot.github.io/tmp/clone/src/Event/Part.php...
Parsing file /home/travis/build/Erebot/erebot.github.io/tmp/clone/src/Event/Part.php...
Reading /home/travis/build/Erebot/erebot.github.io/tmp/clone/src/Event/Ping.php...
Parsing file /home/travis/build/Erebot/erebot.github.io/tmp/clone/src/Event/Ping.php...
Reading /home/travis/build/Erebot/erebot.github.io/tmp/clone/src/Event/Pong.php...
Parsing file /home/travis/build/Erebot/erebot.github.io/tmp/clone/src/Event/Pong.php...
Reading /home/travis/build/Erebot/erebot.github.io/tmp/clone/src/Event/PrivateAction.php...
Parsing file /home/travis/build/Erebot/erebot.github.io/tmp/clone/src/Event/PrivateAction.php...
Reading /home/travis/build/Erebot/erebot.github.io/tmp/clone/src/Event/PrivateCtcp.php...
Parsing file /home/travis/build/Erebot/erebot.github.io/tmp/clone/src/Event/PrivateCtcp.php...
Reading /home/travis/build/Erebot/erebot.github.io/tmp/clone/src/Event/PrivateCtcpReply.php...
Parsing file /home/travis/build/Erebot/erebot.github.io/tmp/clone/src/Event/PrivateCtcpReply.php...
Reading /home/travis/build/Erebot/erebot.github.io/tmp/clone/src/Event/PrivateNotice.php...
Parsing file /home/travis/build/Erebot/erebot.github.io/tmp/clone/src/Event/PrivateNotice.php...
Reading /home/travis/build/Erebot/erebot.github.io/tmp/clone/src/Event/PrivateText.php...
Parsing file /home/travis/build/Erebot/erebot.github.io/tmp/clone/src/Event/PrivateText.php...
Reading /home/travis/build/Erebot/erebot.github.io/tmp/clone/src/Event/Protect.php...
Parsing file /home/travis/build/Erebot/erebot.github.io/tmp/clone/src/Event/Protect.php...
Reading /home/travis/build/Erebot/erebot.github.io/tmp/clone/src/Event/Quit.php...
Parsing file /home/travis/build/Erebot/erebot.github.io/tmp/clone/src/Event/Quit.php...
Reading /home/travis/build/Erebot/erebot.github.io/tmp/clone/src/Event/RawMode.php...
Parsing file /home/travis/build/Erebot/erebot.github.io/tmp/clone/src/Event/RawMode.php...
Reading /home/travis/build/Erebot/erebot.github.io/tmp/clone/src/Event/ServerCapabilities.php...
Parsing file /home/travis/build/Erebot/erebot.github.io/tmp/clone/src/Event/ServerCapabilities.php...
Reading /home/travis/build/Erebot/erebot.github.io/tmp/clone/src/Event/Topic.php...
Parsing file /home/travis/build/Erebot/erebot.github.io/tmp/clone/src/Event/Topic.php...
Reading /home/travis/build/Erebot/erebot.github.io/tmp/clone/src/Event/UnBan.php...
Parsing file /home/travis/build/Erebot/erebot.github.io/tmp/clone/src/Event/UnBan.php...
Reading /home/travis/build/Erebot/erebot.github.io/tmp/clone/src/Event/UnExcept.php...
Parsing file /home/travis/build/Erebot/erebot.github.io/tmp/clone/src/Event/UnExcept.php...
Reading /home/travis/build/Erebot/erebot.github.io/tmp/clone/src/Event/UnNotify.php...
Parsing file /home/travis/build/Erebot/erebot.github.io/tmp/clone/src/Event/UnNotify.php...
Reading /home/travis/build/Erebot/erebot.github.io/tmp/clone/src/Event/UserMode.php...
Parsing file /home/travis/build/Erebot/erebot.github.io/tmp/clone/src/Event/UserMode.php...
Reading /home/travis/build/Erebot/erebot.github.io/tmp/clone/src/Event/Voice.php...
Parsing file /home/travis/build/Erebot/erebot.github.io/tmp/clone/src/Event/Voice.php...
Reading /home/travis/build/Erebot/erebot.github.io/tmp/clone/src/EventHandler.php...
Parsing file /home/travis/build/Erebot/erebot.github.io/tmp/clone/src/EventHandler.php...
Reading /home/travis/build/Erebot/erebot.github.io/tmp/clone/src/Identd/Server.php...
Parsing file /home/travis/build/Erebot/erebot.github.io/tmp/clone/src/Identd/Server.php...
Reading /home/travis/build/Erebot/erebot.github.io/tmp/clone/src/Identd/Worker.php...
Parsing file /home/travis/build/Erebot/erebot.github.io/tmp/clone/src/Identd/Worker.php...
Reading /home/travis/build/Erebot/erebot.github.io/tmp/clone/src/Identity.php...
Parsing file /home/travis/build/Erebot/erebot.github.io/tmp/clone/src/Identity.php...
Reading /home/travis/build/Erebot/erebot.github.io/tmp/clone/src/IrcCollator/ASCII.php...
Parsing file /home/travis/build/Erebot/erebot.github.io/tmp/clone/src/IrcCollator/ASCII.php...
Reading /home/travis/build/Erebot/erebot.github.io/tmp/clone/src/IrcCollator/RFC1459.php...
Parsing file /home/travis/build/Erebot/erebot.github.io/tmp/clone/src/IrcCollator/RFC1459.php...
Reading /home/travis/build/Erebot/erebot.github.io/tmp/clone/src/IrcCollator/StrictRFC1459.php...
Parsing file /home/travis/build/Erebot/erebot.github.io/tmp/clone/src/IrcCollator/StrictRFC1459.php...
Reading /home/travis/build/Erebot/erebot.github.io/tmp/clone/src/IrcConnection.php...
Parsing file /home/travis/build/Erebot/erebot.github.io/tmp/clone/src/IrcConnection.php...
Reading /home/travis/build/Erebot/erebot.github.io/tmp/clone/src/IrcParser.php...
Parsing file /home/travis/build/Erebot/erebot.github.io/tmp/clone/src/IrcParser.php...
Reading /home/travis/build/Erebot/erebot.github.io/tmp/clone/src/IrcTextWrapper.php...
Parsing file /home/travis/build/Erebot/erebot.github.io/tmp/clone/src/IrcTextWrapper.php...
Reading /home/travis/build/Erebot/erebot.github.io/tmp/clone/src/LineIO.php...
Parsing file /home/travis/build/Erebot/erebot.github.io/tmp/clone/src/LineIO.php...
Reading /home/travis/build/Erebot/erebot.github.io/tmp/clone/src/NumericHandler.php...
Parsing file /home/travis/build/Erebot/erebot.github.io/tmp/clone/src/NumericHandler.php...
Reading /home/travis/build/Erebot/erebot.github.io/tmp/clone/src/NumericProfile/Bahamut.php...
Parsing file /home/travis/build/Erebot/erebot.github.io/tmp/clone/src/NumericProfile/Bahamut.php...
Reading /home/travis/build/Erebot/erebot.github.io/tmp/clone/src/NumericProfile/Csircd.php...
Parsing file /home/travis/build/Erebot/erebot.github.io/tmp/clone/src/NumericProfile/Csircd.php...
Reading /home/travis/build/Erebot/erebot.github.io/tmp/clone/src/NumericProfile/InspIRCd.php...
Parsing file /home/travis/build/Erebot/erebot.github.io/tmp/clone/src/NumericProfile/InspIRCd.php...
Reading /home/travis/build/Erebot/erebot.github.io/tmp/clone/src/NumericProfile/Irc2.php...
Parsing file /home/travis/build/Erebot/erebot.github.io/tmp/clone/src/NumericProfile/Irc2.php...
Reading /home/travis/build/Erebot/erebot.github.io/tmp/clone/src/NumericProfile/IrcdHybrid.php...
Parsing file /home/travis/build/Erebot/erebot.github.io/tmp/clone/src/NumericProfile/IrcdHybrid.php...
Reading /home/travis/build/Erebot/erebot.github.io/tmp/clone/src/NumericProfile/IrcdRatbox.php...
Parsing file /home/travis/build/Erebot/erebot.github.io/tmp/clone/src/NumericProfile/IrcdRatbox.php...
Reading /home/travis/build/Erebot/erebot.github.io/tmp/clone/src/NumericProfile/Ircu.php...
Parsing file /home/travis/build/Erebot/erebot.github.io/tmp/clone/src/NumericProfile/Ircu.php...
Reading /home/travis/build/Erebot/erebot.github.io/tmp/clone/src/NumericProfile/RFC2812.php...
Parsing file /home/travis/build/Erebot/erebot.github.io/tmp/clone/src/NumericProfile/RFC2812.php...
Reading /home/travis/build/Erebot/erebot.github.io/tmp/clone/src/NumericProfile/Ultimate.php...
Parsing file /home/travis/build/Erebot/erebot.github.io/tmp/clone/src/NumericProfile/Ultimate.php...
Reading /home/travis/build/Erebot/erebot.github.io/tmp/clone/src/NumericProfile/Unreal.php...
Parsing file /home/travis/build/Erebot/erebot.github.io/tmp/clone/src/NumericProfile/Unreal.php...
Reading /home/travis/build/Erebot/erebot.github.io/tmp/clone/src/NumericReference.php...
Parsing file /home/travis/build/Erebot/erebot.github.io/tmp/clone/src/NumericReference.php...
Reading /home/travis/build/Erebot/erebot.github.io/tmp/clone/src/Patches.php...
Parsing file /home/travis/build/Erebot/erebot.github.io/tmp/clone/src/Patches.php...
Reading /home/travis/build/Erebot/erebot.github.io/tmp/clone/src/Prompt.php...
Parsing file /home/travis/build/Erebot/erebot.github.io/tmp/clone/src/Prompt.php...
Reading /home/travis/build/Erebot/erebot.github.io/tmp/clone/src/Proxy/EndPoint/IRC.php...
Parsing file /home/travis/build/Erebot/erebot.github.io/tmp/clone/src/Proxy/EndPoint/IRC.php...
Reading /home/travis/build/Erebot/erebot.github.io/tmp/clone/src/Proxy/EndPoint/IRCS.php...
Parsing file /home/travis/build/Erebot/erebot.github.io/tmp/clone/src/Proxy/EndPoint/IRCS.php...
Reading /home/travis/build/Erebot/erebot.github.io/tmp/clone/src/Proxy/HTTP.php...
Parsing file /home/travis/build/Erebot/erebot.github.io/tmp/clone/src/Proxy/HTTP.php...
Reading /home/travis/build/Erebot/erebot.github.io/tmp/clone/src/Proxy/SOCKS.php...
Parsing file /home/travis/build/Erebot/erebot.github.io/tmp/clone/src/Proxy/SOCKS.php...
Reading /home/travis/build/Erebot/erebot.github.io/tmp/clone/src/TextWrapper.php...
Parsing file /home/travis/build/Erebot/erebot.github.io/tmp/clone/src/TextWrapper.php...
Reading /home/travis/build/Erebot/erebot.github.io/tmp/clone/src/XGlobStream.php...
Parsing file /home/travis/build/Erebot/erebot.github.io/tmp/clone/src/XGlobStream.php...
Building group list...
Building directory list...
Building namespace list...
Building file list...
Building class list...
Associating documentation with classes...
Computing nesting relations for classes...
Building example list...
Searching for enumerations...
Searching for documented typedefs...
Searching for members imported via using declarations...
Searching for included using directives...
Searching for documented variables...
Building interface member list...
Building member list...
Searching for friends...
Searching for documented defines...
Computing class inheritance relations...
Computing class usage relations...
Flushing cached template relations that have become invalid...
Creating members for template instances...
Computing class relations...
Add enum values to enums...
Searching for member function documentation...
Building page list...
Search for main page...
Computing page relations...
Determining the scope of groups...
Sorting lists...
Freeing entry tree
Determining which enums are documented
Computing member relations...
Building full member lists recursively...
Adding members to member groups.
Computing member references...
Inheriting documentation...
Generating disk names...
Adding source references...
Adding /home/travis/build/Erebot/erebot.github.io/tmp/clone/src/Core.php:61: warning: unable to resolve link to `Erebot::Interfaces::Connection' for \link command
/home/travis/build/Erebot/erebot.github.io/tmp/clone/src/Core.php:64: warning: unable to resolve link to `Erebot::TimerInterface' for \link command
xrefitems...
Sorting member lists...
Computing dependencies between directories...
Generating citations page...
Counting data structures...
Resolving user defined references...
Finding anchors and sections in the documentation...
Transferring function references...
Combining using relations...
Adding members to index pages...
Generating style sheet...
Generating example documentation...
Generating file sources...
Generating code for file src/CLI.php...
Generating code for file src/Config/Channel.php...
Generating code for file src/Config/Main.php...
Generating code for file src/Config/Module.php...
Generating code for file src/Config/Network.php...
Generating code for file src/Config/Proxy.php...
Generating code for file src/Config/Server.php...
Generating code for file src/Identd/Server.php...
Generating code for file src/ConnectionFactory.php...
Generating code for file src/Console/MessageProvider.php...
Generating code for file src/Console/ParallelOption.php...
Generating code for file src/Console/StoreProxyAction.php...
Generating code for file src/Core.php...
Generating code for file src/Event/Ban.php...
Generating code for file src/Event/ChanAction.php...
Generating code for file src/Event/ChanCtcp.php...
Generating code for file src/Event/ChanCtcpReply.php...
Generating code for file src/Event/ChanNotice.php...
Generating code for file src/Event/ChanText.php...
Generating code for file src/Event/Connect.php...
Generating code for file src/Event/DeHalfop.php...
Generating code for file src/Event/DeOp.php...
Generating code for file src/Event/DeOwner.php...
Generating code for file src/Event/DeProtect.php...
Generating code for file src/Event/DeVoice.php...
Generating code for file src/Event/Disconnect.php...
Generating code for file src/Event/Error.php...
Generating code for file src/Event/Except.php...
Generating code for file src/Event/ExitEvent.php...
Generating code for file src/Event/Halfop.php...
Generating code for file src/Event/Invite.php...
Generating code for file src/Event/Join.php...
Generating code for file src/Event/Kick.php...
Generating code for file src/Event/Logon.php...
Generating code for file src/Event/Match/All.php...
Generating code for file src/Event/Match/Always.php...
Generating code for file src/Event/Match/Any.php...
Generating code for file src/Event/Match/Chan.php...
Generating code for file src/Event/Match/Never.php...
Generating code for file src/Event/Match/Not.php...
Generating code for file src/Event/Match/Source.php...
Generating code for file src/Event/Match/TextRegex.php...
Generating code for file src/Event/Match/TextStatic.php...
Generating code for file src/Event/Match/TextWildcard.php...
Generating code for file src/Event/Match/Type.php...
Generating code for file src/Event/ModeGivenAbsract.php...
Generating code for file src/Event/Nick.php...
Generating code for file src/Event/Notify.php...
Generating code for file src/Event/Numeric.php...
Generating code for file src/Event/Op.php...
Generating code for file src/Event/Owner.php...
Generating code for file src/Event/Part.php...
Generating code for file src/Event/Ping.php...
Generating code for file src/Event/Pong.php...
Generating code for file src/Event/PrivateAction.php...
Generating code for file src/Event/PrivateCtcp.php...
Generating code for file src/Event/PrivateCtcpReply.php...
Generating code for file src/Event/PrivateNotice.php...
Generating code for file src/Event/PrivateText.php...
Generating code for file src/Event/Protect.php...
Generating code for file src/Event/Quit.php...
Generating code for file src/Event/RawMode.php...
Generating code for file src/Event/ServerCapabilities.php...
Generating code for file src/Event/Topic.php...
Generating code for file src/Event/UnBan.php...
Generating code for file src/Event/UnExcept.php...
Generating code for file src/Event/UnNotify.php...
Generating code for file src/Event/UserMode.php...
Generating code for file src/Event/Voice.php...
Generating code for file src/EventHandler.php...
Generating code for file src/Identd/Worker.php...
Generating code for file src/Identitytodo:2: warning: Illegal command IrcParser as part of a \ref
todo:5: warning: Illegal command IrcParser as part of a \ref
todo:8: warning: Illegal command IrcParser as part of a \ref
todo:11: warning: Illegal command IrcParser as part of a \ref
todo:14: warning: Illegal command IrcParser as part of a \ref
/home/travis/build/Erebot/erebot.github.io/tmp/clone/src/ConnectionFactory.php:52: warning: Member newConnection($bot, $config) (function) of class Erebot::ConnectionFactory is not documented.
/home/travis/build/Erebot/erebot.github.io/tmp/clone/src/Core.php:440: warning: Member addConnection(\Erebot\Interfaces\Connection $connection) (function) of class Erebot::Core is not documented.
/home/travis/build/Erebot/erebot.github.io/tmp/clone/src/Core.php:419: warning: Member addTimer(\Erebot\TimerInterface $timer) (function) of class Erebot::Core is not documented.
/home/travis/build/Erebot/erebot.github.io/tmp/clone/src/Core.php:474: warning: Member getRunningTime() (function) of class Erebot::Core is not documented.
/home/travis/build/Erebot/erebot.github.io/tmp/clone/src/Core.php:469: warning: Member gettext($message) (function) of class Erebot::Core is not documented.
/home/travis/build/Erebot/erebot.github.io/tmp/clone/src/Core.php:414: warning: Member getTimers() (function) of class Erebot::Core is not documented.
/home/travis/build/Erebot/erebot.github.io/tmp/clone/src/Core.php:452: warning: Member removeConnection(\Erebot\Interfaces\Connection $connection) (function) of class Erebot::Core is not documented.
/home/travis/build/Erebot/erebot.github.io/tmp/clone/src/Core.php:430: warning: Member removeTimer(\Erebot\TimerInterface $timer) (function) of class Erebot::Core is not documented.
/home/travis/build/Erebot/erebot.github.io/tmp/clone/src/Core.php:314: warning: Member start(\Erebot\Interfaces\ConnectionFactory $factory) (function) of class Erebot::Core is not documented.
/home/travis/build/Erebot/erebot.github.io/tmp/clone/src/Core.php:325: warning: Member stop() (function) of class Erebot::Core is not documented.
/home/travis/build/Erebot/erebot.github.io/tmp/clone/src/Core.php:61: warning: unable to resolve link to `Erebot::Interfaces::Connection' for \link command
/home/travis/build/Erebot/erebot.github.io/tmp/clone/src/Core.php:64: warning: unable to resolve link to `Erebot::TimerInterface' for \link command
/home/travis/build/Erebot/erebot.github.io/tmp/clone/src/Core.php:49: warning: unable to resolve link to `Erebot::Interfaces::Connection' for \link command
/home/travis/build/Erebot/erebot.github.io/tmp/clone/src/Core.php:50: warning: unable to resolve link to `Erebot::TimerInterface' for \link command
/home/travis/build/Erebot/erebot.github.io/tmp/clone/src/EventHandler.php:71: warning: Member getCallback() (function) of class Erebot::EventHandler is not documented.
/home/travis/build/Erebot/erebot.github.io/tmp/clone/src/EventHandler.php:82: warning: Member getFilter() (function) of class Erebot::EventHandler is not documented.
/home/travis/build/Erebot/erebot.github.io/tmp/clone/src/EventHandler.php:87: warning: Member handleEvent(\Erebot\Interfaces\Event\Base\Generic $event) (function) of class Erebot::EventHandler is not documented.
/home/travis/build/Erebot/erebot.github.io/tmp/clone/src/EventHandler.php:65: warning: Member setCallback(callable $callback) (function) of class Erebot::EventHandler is not documented.
/home/travis/build/Erebot/erebot.github.io/tmp/clone/src/EventHandler.php:76: warning: Member setFilter(\Erebot\Interfaces\Event\Match $filter=null) (function) of class Erebot::EventHandler is not documented.
/home/travis/build/Erebot/erebot.github.io/tmp/clone/src/Identity.php:307: warning: Member __toString() (function) of class Erebot::Identity is not documented.
/home/travis/build/Erebot/erebot.github.io/tmp/clone/src/Identity.php:289: warning: Member getHost($c10n) (function) of class Erebot::Identity is not documented.
/home/travis/build/Erebot/erebot.github.io/tmp/clone/src/Identity.php:98: warning: Member getIdent() (function) of class Erebot::Identity is not documented.
/home/travis/build/Erebot/erebot.github.io/tmp/clone/src/Identity.php:300: warning: Member getMask($c10n) (function) of class Erebot::Identity is not documented.
/home/travis/build/Erebot/erebot.github.io/tmp/clone/src/Identity.php:93: warning: Member getNick() (function) of class Erebot::Identity is not documented.
/home/travis/build/Erebot/erebot.github.io/tmp/clone/src/IrcConnection.php:734: warning: Member addEventHandler(\Erebot\Interfaces\EventHandler $handler) (function) of class Erebot::IrcConnection is not documented.
/home/travis/build/Erebot/erebot.github.io/tmp/clone/src/IrcConnection.php:720: warning: Member addNumericHandler(\Erebot\Interfaces\NumericHandler $handler) (function) of class Erebot::IrcConnection is not documented.
/home/travis/build/Erebot/erebot.github.io/tmp/clone/src/IrcConnection.php:314: warning: Member connect() (function) of class Erebot::IrcConnection is not documented.
/home/travis/build/Erebot/erebot.github.io/tmp/clone/src/IrcConnection.php:464: warning: Member disconnect($quitMessage=null) (function) of class Erebot::IrcConnection is not documented.
/home/travis/build/Erebot/erebot.github.io/tmp/clone/src/IrcConnection.php:802: warning: Member dispatch(\Erebot\Interfaces\Event\Base\Generic $event) (function) of class Erebot::IrcConnection is not documented.
/home/travis/build/Erebot/erebot.github.io/tmp/clone/src/IrcConnection.php:519: warning: Member getBot() (function) of class Erebot::IrcConnection is not documented.
/home/travis/build/Erebot/erebot.github.io/tmp/clone/src/IrcConnection.php:498: warning: Member getConfig($chan) (function) of class Erebot::IrcConnection is not documented.
/home/travis/build/Erebot/erebot.github.io/tmp/clone/src/IrcConnection.php:915: warning: Member getEventsProducer() (function) of class Erebot::IrcConnection is not documented.
/home/travis/build/Erebot/erebot.github.io/tmp/clone/src/IrcConnection.php:524: warning: Member getIO() (function) of class Erebot::IrcConnection is not documented.
/home/travis/build/Erebot/erebot.github.io/tmp/clone/src/IrcConnection.php:690: warning: Member getModule($name, $chan=null, $autoload=true) (function) of class Erebot::IrcConnection is not documented.
/home/travis/build/Erebot/erebot.github.io/tmp/clone/src/IrcConnection.php:679: warning: Member getModules($chan=null) (function) of class Erebot::IrcConnection is not documented.
/home/travis/build/Erebot/erebot.github.io/tmp/clone/src/IrcConnection.php:176: warning: Member getNumericProfile() (function) of class Erebot::IrcConnection is not documented.
/home/travis/build/Erebot/erebot.github.io/tmp/clone/src/IrcConnection.php:514: warning: Member getSocket() (function) of class Erebot::IrcConnection is not documented.
/home/travis/build/Erebot/erebot.github.io/tmp/clone/src/IrcConnection.php:810: warning: Member isChannel($chan) (function) of class Erebot::IrcConnection is not documented.
/home/travis/build/Erebot/erebot.github.io/tmp/clone/src/IrcConnection.php:309: warning: Member isConnected() (function) of class Erebot::IrcConnection is not documented.
/home/travis/build/Erebot/erebot.github.io/tmp/clone/src/IrcConnection.php:668: warning: Member loadModule($module, $chan=null) (function) of class Erebot::IrcConnection is not documented.
/home/travis/build/Erebot/erebot.github.io/tmp/clone/src/IrcConnection.php:529: warning: Member read() (function) of class Erebot::IrcConnection is not documented.
/home/travis/build/Erebot/erebot.github.io/tmp/clone/src/IrcConnection.php:739: warning: Member removeEventHandler(\Erebot\Interfaces\EventHandler $handler) (function) of class Erebot::IrcConnection is not documented.
/home/travis/build/Erebot/erebot.github.io/tmp/clone/src/IrcConnection.php:725: warning: Member removeNumericHandler(\Erebot\Interfaces\NumericHandler $handler) (function) of class Erebot::IrcConnection is not documented.
/home/travis/build/Erebot/erebot.github.io/tmp/clone/src/IrcConnection.php:181: warning: Member setNumericProfile(\Erebot\NumericProfile\Base $profile) (function) of class Erebot::IrcConnection is not documented.
/home/travis/build/Erebot/erebot.github.io/tmp/clone/src/IrcConnection.php:553: warning: Member write() (function) of class Erebot::IrcConnection is not documented.
/home/travis/build/Erebot/erebot.github.io/tmp/clone/src/IrcParser.php:185: warning: parameters of member Erebot\IrcParser\getEventClass are not (all) documented
/home/travis/build/Erebot/erebot.github.io/tmp/clone/src/IrcParser.php:118: warning: parameters of member Erebot\IrcParser\makeEvent are not (all) documented
/home/travis/build/Erebot/erebot.github.io/tmp/clone/src/IrcParser.php:268: warning: parameters of member Erebot\IrcParser\parseLine are not (all) documented
/home/travis/build/Erebot/erebot.github.io/tmp/clone/src/IrcParser.php:236: warning: parameters of member Erebot\IrcParser\setEventClass are not (all) documented
/home/travis/build/Erebot/erebot.github.io/tmp/clone/src/IrcParser.php:221: warning: parameters of member Erebot\IrcParser\setEventClasses are not (all) documented
/home/travis/build/Erebot/erebot.github.io/tmp/clone/src/IrcTextWrapper.php:98: warning: Member __toString() (function) of class Erebot::IrcTextWrapper is not documented.
/home/travis/build/Erebot/erebot.github.io/tmp/clone/src/IrcTextWrapper.php:154: warning: parameters of member Erebot\IrcTextWrapper\offsetExists are not (all) documented
/home/travis/build/Erebot/erebot.github.io/tmp/clone/src/IrcTextWrapper.php:160: warning: parameters of member Erebot\IrcTextWrapper\offsetGet are not (all) documented
/home/travis/build/Erebot/erebot.github.io/tmp/clone/src/IrcTextWrapper.php:172: warning: parameters of member Erebot\IrcTextWrapper\offsetSet are not (all) documented
/home/travis/build/Erebot/erebot.github.io/tmp/clone/src/IrcTextWrapper.php:178: warning: parameters of member Erebot\IrcTextWrapper\offsetUnset are not (all) documented
/home/travis/build/Erebot/erebot.github.io/tmp/clone/src/NumericHandler.php:73: warning: Member getCallback() (function) of class Erebot::NumericHandler is not documented.
/home/travis/build/Erebot/erebot.github.io/tmp/clone/src/NumericHandler.php:62: warning: Member getNumeric() (function) of class Erebot::NumericHandler is not documented.
/home/travis/build/Erebot/erebot.github.io/tmp/clone/src/NumericHandler.php:78: warning: Member handleNumeric(\Erebot\Interfaces\Event\Numeric $numeric) (function) of class Erebot::NumericHandler is not documented.
/home/travis/build/Erebot/erebot.github.io/tmp/clone/src/NumericHandler.php:67: warning: Member setCallback(callable $callback) (function) of class Erebot::NumericHandler is not documented.
/home/travis/build/Erebot/erebot.github.io/tmp/clone/src/NumericHandler.php:56: warning: Member setNumeric($numeric) (function) of class Erebot::NumericHandler is not documented.
/home/travis/build/Erebot/erebot.github.io/tmp/clone/src/NumericReference.php:58: warning: Member getName() (function) of class Erebot::NumericReference is not documented.
/home/travis/build/Erebot/erebot.github.io/tmp/clone/src/NumericReference.php:63: warning: Member getValue() (function) of class Erebot::NumericReference is not documented.
/home/travis/build/Erebot/erebot.github.io/tmp/clone/src/Prompt.php:171: warning: Member connect() (function) of class Erebot::Prompt is not documented.
/home/travis/build/Erebot/erebot.github.io/tmp/clone/src/Prompt.php:176: warning: Member disconnect($quitMessage=null) (function) of class Erebot::Prompt is not documented.
/home/travis/build/Erebot/erebot.github.io/tmp/clone/src/Prompt.php:251: warning: Member getBot() (function) of class Erebot::Prompt is not documented.
/home/travis/build/Erebot/erebot.github.io/tmp/clone/src/Prompt.php:256: warning: Member getConfig($chan) (function) of class Erebot::Prompt is not documented.
/home/travis/build/Erebot/erebot.github.io/tmp/clone/src/Prompt.php:195: warning: Member getIO() (function) of class Erebot::Prompt is not documented.
/home/travis/build/Erebot/erebot.github.io/tmp/clone/src/Prompt.php:190: warning: Member getSocket() (function) of class Erebot::Prompt is not documented.
/home/travis/build/Erebot/erebot.github.io/tmp/clone/src/Prompt.php:185: warning: Member isConnected() (function) of class Erebot::Prompt is not documented.
/home/travis/build/Erebot/erebot.github.io/tmp/clone/src/Prompt.php:200: warning: Member read() (function) of class Erebot::Prompt is not documented.
/home/travis/build/Erebot/erebot.github.io/tmp/clone/src/Prompt.php:35: warning: explicit link request to 'Erebot' could not be resolved
/home/travis/build/Erebot/erebot.github.io/tmp/clone/src/TextWrapper.php:72: warning: Member __toString() (function) of class Erebot::TextWrapper is not documented.
/home/travis/build/Erebot/erebot.github.io/tmp/clone/src/TextWrapper.php:66: warning: Member countTokens($separator= ' ') (function) of class Erebot::TextWrapper is not documented.
/home/travis/build/Erebot/erebot.github.io/tmp/clone/src/TextWrapper.php:48: warning: Member getTokens($start, $length=0, $separator= ' ') (function) of class Erebot::TextWrapper is not documented.
/home/travis/build/Erebot/erebot.github.io/tmp/clone/src/TextWrapper.php:113: warning: parameters of member Erebot\TextWrapper\offsetExists are not (all) documented
/home/travis/build/Erebot/erebot.github.io/tmp/clone/src/TextWrapper.php:123: warning: parameters of member Erebot\TextWrapper\offsetGet are not (all) documented
/home/travis/build/Erebot/erebot.github.io/tmp/clone/src/TextWrapper.php:132: warning: parameters of member Erebot\TextWrapper\offsetSet are not (all) documented
/home/travis/build/Erebot/erebot.github.io/tmp/clone/src/TextWrapper.php:138: warning: parameters of member Erebot\TextWrapper\offsetUnset are not (all) documented
/home/travis/build/Erebot/erebot.github.io/tmp/clone/src/XGlobStream.php:58: warning: Member stream_close() (function) of class Erebot::XGlobStream is not documented.
/home/travis/build/Erebot/erebot.github.io/tmp/clone/src/XGlobStream.php:53: warning: Member stream_eof() (function) of class Erebot::XGlobStream is not documented.
/home/travis/build/Erebot/erebot.github.io/tmp/clone/src/XGlobStream.php:64: warning: Member stream_open($path, $mode, $options, &$openedPath) (function) of class Erebot::XGlobStream is not documented.
/home/travis/build/Erebot/erebot.github.io/tmp/clone/src/XGlobStream.php:107: warning: Member stream_read($count) (function) of class Erebot::XGlobStream is not documented.
/home/travis/build/Erebot/erebot.github.io/tmp/clone/src/XGlobStream.php:114: warning: Member stream_seek($offset, $whence) (function) of class Erebot::XGlobStream is not documented.
/home/travis/build/Erebot/erebot.github.io/tmp/clone/src/XGlobStream.php:48: warning: Member stream_tell() (function) of class Erebot::XGlobStream is not documented.
/home/travis/build/Erebot/erebot.github.io/tmp/clone/src/Config/Proxy.php:102: warning: Member getBaseDir($component) (function) of class Erebot::Config::Proxy is not documented.
/home/travis/build/Erebot/erebot.github.io/tmp/clone/src/Config/Proxy.php:102: warning: Member getBaseDir($component) (function) of class Erebot::Config::Proxy is not documented.
/home/travis/build/Erebot/erebot.github.io/tmp/clone/src/Config/Main.php:288: warning: parameters of member Erebot\Config\Main\getNetworkCfg are not (all) documented
/home/travis/build/Erebot/erebot.github.io/tmp/clone/src/Config/Main.php:351: warning: parameters of member Erebot\Config\Main\getTranslator are not (all) documented
/home/travis/build/Erebot/erebot.github.io/tmp/clone/src/Config/Main.php:141: warning: parameters of member Erebot\Config\Main\load are not (all) documented
/home/travis/build/Erebot/erebot.github.io/tmp/clone/src/Config/Module.php:94: warning: parameters of member Erebot\Config\Module\getParam are not (all) documented
/home/travis/build/Erebot/erebot.github.io/tmp/clone/src/Config/Module.php:73: warning: parameters of member Erebot\Config\Module\isActive are not (all) documented
/home/travis/build/Erebot/erebot.github.io/tmp/clone/src/Config/Proxy.php:102: warning: Member getBaseDir($component) (function) of class Erebot::Config::Proxy is not documented.
/home/travis/build/Erebot/erebot.github.io/tmp/clone/src/Config/Network.php:119: warning: parameters of member Erebot\Config\Network\getChannelCfg are not (all) documented
/home/travis/build/Erebot/erebot.github.io/tmp/clone/src/Config/Network.php:104: warning: parameters of member Erebot\Config\Network\getServerCfg are not (all) documented
/home/travis/build/Erebot/erebot.github.io/tmp/clone/src/Config/Proxy.php:102: warning: Member getBaseDir($component) (function) of class Erebot::Config::Proxy is not documented.
/home/travis/build/Erebot/erebot.github.io/tmp/clone/src/Config/Proxy.php:169: warning: parameters of member Erebot\Config\Proxy\getModule are not (all) documented
/home/travis/build/Erebot/erebot.github.io/tmp/clone/src/Config/Proxy.php:140: warning: parameters of member Erebot\Config\Proxy\getModules are not (all) documented
/home/travis/build/Erebot/erebot.github.io/tmp/clone/src/Config/Proxy.php:115: warning: parameters of member Erebot\Config\Proxy\getTranslator are not (all) documented
/home/travis/build/Erebot/erebot.github.io/tmp/clone/src/Config/Proxy.php:351: warning: parameters of member Erebot\Config\Proxy\parseBool are not (all) documented
/home/travis/build/Erebot/erebot.github.io/tmp/clone/src/Config/Proxy.php:377: warning: parameters of member Erebot\Config\Proxy\parseInt are not (all) documented
/home/travis/build/Erebot/erebot.github.io/tmp/clone/src/Config/Proxy.php:390: warning: parameters of member Erebot\Config\Proxy\parseReal are not (all) documented
/home/travis/build/Erebot/erebot.github.io/tmp/clone/src/Config/Proxy.php:364: warning: parameters of member Erebot\Config\Proxy\parseString are not (all) documented
/home/travis/build/Erebot/erebot.github.io/tmp/clone/src/Config/Proxy.php:102: warning: Member getBaseDir($component) (function) of class Erebot::Config::Proxy is not documented.
.php...
Generating code for file src/IrcCollator/ASCII.php...
Generating code for file src/IrcCollator/RFC1459.php...
Generating code for file src/IrcCollator/StrictRFC1459.php...
Generating code for file src/IrcConnection.php...
Generating code for file src/IrcParser.php...
Generating code for file src/IrcTextWrapper.php...
Generating code for file src/LineIO.php...
Generating code for file src/NumericHandler.php...
Generating code for file src/NumericProfile/Bahamut.php...
Generating code for file src/NumericProfile/Csircd.php...
Generating code for file src/NumericProfile/InspIRCd.php...
Generating code for file src/NumericProfile/Irc2.php...
Generating code for file src/NumericProfile/IrcdHybrid.php...
Generating code for file src/NumericProfile/IrcdRatbox.php...
Generating code for file src/NumericProfile/Ircu.php...
Generating code for file src/NumericProfile/RFC2812.php...
Generating code for file src/NumericProfile/Ultimate.php...
Generating code for file src/NumericProfile/Unreal.php...
Generating code for file src/NumericReference.php...
Generating code for file src/Patches.php...
Generating code for file src/Prompt.php...
Generating code for file src/Proxy/EndPoint/IRC.php...
Generating code for file src/Proxy/EndPoint/IRCS.php...
Generating code for file src/Proxy/HTTP.php...
Generating code for file src/Proxy/SOCKS.php...
Generating code for file src/TextWrapper.php...
Generating code for file src/XGlobStream.php...
Generating file documentation...
Generating page documentation...
Generating docs for page todo...
Generating group documentation...
Generating class documentation...
Generating namespace index...
Generating docs for compound Erebot::CLI...
Generating docs for compound Erebot::ConnectionFactory...
Generating docs for compound Erebot::Core...
Generating docs for compound Erebot::EventHandler...
Generating docs for compound Erebot::Identity...
Generating docs for compound Erebot::IrcConnection...
Generating docs for compound Erebot::IrcParser...
Generating docs for compound Erebot::IrcTextWrapper...
Generating docs for compound Erebot::LineIO...
Generating docs for compound Erebot::NumericHandler...
Generating docs for compound Erebot::NumericReference...
Generating docs for compound Erebot::Patches...
Generating docs for compound Erebot::Prompt...
Generating docs for compound Erebot::TextWrapper...
Generating docs for compound Erebot::XGlobStream...
Generating docs for compound Erebot::Config::Channel...
Generating docs for compound Erebot::Config::Main...
Generating docs for compound Erebot::Config::Module...
Generating docs for compound Erebot::Config::Network...
Generating docs for compound Erebot::Config::Proxy...
Generating docs for compound Erebot::Config::Server...
Generating docs for compound Erebot::Console::MessageProvider...
Generating docs for compound Erebot::Console::ParallelOption...
Generating docs for compound Erebot::Console::StoreProxyAction...
Generating docs for compound Erebot::Event::Ban...
Generating docs for compound Erebot::Event::ChanAction...
Generating docs for compound Erebot::Event::ChanCtcp...
Generating docs for compound Erebot::Event::ChanCtcpReply...
Generating docs for compound Erebot::Event::ChanNotice...
Generating docs for compound Erebot::Event::ChanText...
Generating docs for compound Erebot::Event::Connect...
Generating docs for compound Erebot::Event::DeHalfop...
Generating docs for compound Erebot::Event::DeOp...
Generating docs for compound Erebot::Event::DeOwner...
Generating docs for compound Erebot::Event::DeProtect...
Generating docs for compound Erebot::Event::DeVoice...
Generating docs for compound Erebot::Event::Disconnect...
Generating docs for compound Erebot::Event::Error...
Generating docs for compound Erebot::Event::Except...
Generating docs for compound Erebot::Event::ExitEvent...
Generating docs for compound Erebot::Event::Halfop...
Generating docs for compound Erebot::Event::Invite...
Generating docs for compound Erebot::Event::Join...
Generating docs for compound Erebot::Event::Kick...
Generating docs for compound Erebot::Event::Logon.../home/travis/build/Erebot/erebot.github.io/tmp/clone/src/Event/Numeric.php:90: warning: Member getCode() (function) of class Erebot::Event::Numeric is not documented.
/home/travis/build/Erebot/erebot.github.io/tmp/clone/src/Event/Numeric.php:85: warning: Member getConnection() (function) of class Erebot::Event::Numeric is not documented.
/home/travis/build/Erebot/erebot.github.io/tmp/clone/src/Event/Numeric.php:95: warning: Member getSource() (function) of class Erebot::Event::Numeric is not documented.
/home/travis/build/Erebot/erebot.github.io/tmp/clone/src/Event/Numeric.php:100: warning: Member getTarget() (function) of class Erebot::Event::Numeric is not documented.
/home/travis/build/Erebot/erebot.github.io/tmp/clone/src/Event/Numeric.php:105: warning: Member getText() (function) of class Erebot::Event::Numeric is not documented.
/home/travis/build/Erebot/erebot.github.io/tmp/clone/src/Event/Numeric.php:110: warning: Member preventDefault($prevent=null) (function) of class Erebot::Event::Numeric is not documented.
/home/travis/build/Erebot/erebot.github.io/tmp/clone/src/Event/ServerCapabilities.php:53: warning: Member getModule() (function) of class Erebot::Event::ServerCapabilities is not documented.
/home/travis/build/Erebot/erebot.github.io/tmp/clone/src/Event/Match/All.php:30: warning: Member match(\Erebot\Interfaces\Event\Base\Generic $event) (function) of class Erebot::Event::Match::All is not documented.
/home/travis/build/Erebot/erebot.github.io/tmp/clone/src/Event/Match/Always.php:29: warning: Member match(\Erebot\Interfaces\Event\Base\Generic $event) (function) of class Erebot::Event::Match::Always is not documented.
/home/travis/build/Erebot/erebot.github.io/tmp/clone/src/Event/Match/Any.php:30: warning: Member match(\Erebot\Interfaces\Event\Base\Generic $event) (function) of class Erebot::Event::Match::Any is not documented.
/home/travis/build/Erebot/erebot.github.io/tmp/clone/src/Event/Match/Chan.php:79: warning: Member match(\Erebot\Interfaces\Event\Base\Generic $event) (function) of class Erebot::Event::Match::Chan is not documented.
/home/travis/build/Erebot/erebot.github.io/tmp/clone/src/Event/Match/Never.php:29: warning: Member match(\Erebot\Interfaces\Event\Base\Generic $event) (function) of class Erebot::Event::Match::Never is not documented.
/home/travis/build/Erebot/erebot.github.io/tmp/clone/src/Event/Match/Not.php:69: warning: Member match(\Erebot\Interfaces\Event\Base\Generic $event) (function) of class Erebot::Event::Match::Not is not documented.
/home/travis/build/Erebot/erebot.github.io/tmp/clone/src/Event/Match/Source.php:79: warning: Member match(\Erebot\Interfaces\Event\Base\Generic $event) (function) of class Erebot::Event::Match::Source is not documented.
/home/travis/build/Erebot/erebot.github.io/tmp/clone/src/Event/Match/TextRegex.php:30: warning: Member realMatch($prefix, $text) (function) of class Erebot::Event::Match::TextRegex is not documented.
/home/travis/build/Erebot/erebot.github.io/tmp/clone/src/Event/Match/TextStatic.php:31: warning: Member realMatch($prefix, $text) (function) of class Erebot::Event::Match::TextStatic is not documented.
/home/travis/build/Erebot/erebot.github.io/tmp/clone/src/Event/Match/TextWildcard.php:41: warning: Member realMatch($prefix, $text) (function) of class Erebot::Event::Match::TextWildcard is not documented.
/home/travis/build/Erebot/erebot.github.io/tmp/clone/src/Event/Match/Type.php:89: warning: Member match(\Erebot\Interfaces\Event\Base\Generic $event) (function) of class Erebot::Event::Match::Type is not documented.
/home/travis/build/Erebot/erebot.github.io/tmp/clone/src/Identd/Server.php:84: warning: Member connect() (function) of class Erebot::Identd::Server is not documented.
/home/travis/build/Erebot/erebot.github.io/tmp/clone/src/Identd/Server.php:89: warning: Member disconnect($quitMessage=null) (function) of class Erebot::Identd::Server is not documented.
/home/travis/build/Erebot/erebot.github.io/tmp/clone/src/Identd/Server.php:108: warning: Member emptyReadQueue() (function) of class Erebot::Identd::Server is not documented.
/home/travis/build/Erebot/erebot.github.io/tmp/clone/src/Identd/Server.php:128: warning: Member getBot() (function) of class Erebot::Identd::Server is not documented.
/home/travis/build/Erebot/erebot.github.io/tmp/clone/src/Identd/Server.php:133: warning: Member getConfig($chan) (function) of class Erebot::Identd::Server is not documented.
/home/travis/build/Erebot/erebot.github.io/tmp/clone/src/Identd/Server.php:138: warning: Member getIO() (function) of class Erebot::Identd::Server is not documented.
/home/travis/build/Erebot/erebot.github.io/tmp/clone/src/Identd/Server.php:103: warning: Member getSocket() (function) of class Erebot::Identd::Server is not documented.
/home/travis/build/Erebot/erebot.github.io/tmp/clone/src/Identd/Server.php:98: warning: Member isConnected() (function) of class Erebot::Identd::Server is not documented.
/home/travis/build/Erebot/erebot.github.io/tmp/clone/src/Identd/Server.php:113: warning: Member read() (function) of class Erebot::Identd::Server is not documented.
/home/travis/build/Erebot/erebot.github.io/tmp/clone/src/Identd/Worker.php:75: warning: Member connect() (function) of class Erebot::Identd::Worker is not documented.
/home/travis/build/Erebot/erebot.github.io/tmp/clone/src/Identd/Worker.php:79: warning: Member disconnect($quitMessage=null) (function) of class Erebot::Identd::Worker is not documented.
/home/travis/build/Erebot/erebot.github.io/tmp/clone/src/Identd/Worker.php:193: warning: Member getBot() (function) of class Erebot::Identd::Worker is not documented.
/home/travis/build/Erebot/erebot.github.io/tmp/clone/src/Identd/Worker.php:198: warning: Member getConfig($chan) (function) of class Erebot::Identd::Worker is not documented.
/home/travis/build/Erebot/erebot.github.io/tmp/clone/src/Identd/Worker.php:203: warning: Member getIO() (function) of class Erebot::Identd::Worker is not documented.
/home/travis/build/Erebot/erebot.github.io/tmp/clone/src/Identd/Worker.php:184: warning: Member getSocket() (function) of class Erebot::Identd::Worker is not documented.
/home/travis/build/Erebot/erebot.github.io/tmp/clone/src/Identd/Worker.php:179: warning: Member isConnected() (function) of class Erebot::Identd::Worker is not documented.
/home/travis/build/Erebot/erebot.github.io/tmp/clone/src/Identd/Worker.php:88: warning: Member read() (function) of class Erebot::Identd::Worker is not documented.
/home/travis/build/Erebot/erebot.github.io/tmp/clone/src/Identd/Worker.php:189: warning: Member write() (function) of class Erebot::Identd::Worker is not documented.
/home/travis/build/Erebot/erebot.github.io/tmp/clone/src/IrcCollator/ASCII.php:36: warning: Member realNormalizeNick($nick) (function) of class Erebot::IrcCollator::ASCII is not documented.
/home/travis/build/Erebot/erebot.github.io/tmp/clone/src/IrcCollator/RFC1459.php:46: warning: Member realNormalizeNick($nick) (function) of class Erebot::IrcCollator::RFC1459 is not documented.
/home/travis/build/Erebot/erebot.github.io/tmp/clone/src/IrcCollator/StrictRFC1459.php:42: warning: Member realNormalizeNick($nick) (function) of class Erebot::IrcCollator::StrictRFC1459 is not documented.
/home/travis/build/Erebot/erebot.github.io/tmp/clone/src/Proxy/HTTP.php:29: warning: Member proxify(\Erebot\URIInterface $proxyURI,\Erebot\URIInterface $nextURI) (function) of class Erebot::Proxy::HTTP is not documented.
/home/travis/build/Erebot/erebot.github.io/tmp/clone/src/Proxy/SOCKS.php:29: warning: Member proxify(\Erebot\URIInterface $proxyURI,\Erebot\URIInterface $nextURI) (function) of class Erebot::Proxy::SOCKS is not documented.
/home/travis/build/Erebot/erebot.github.io/tmp/clone/src/Proxy/EndPoint/IRC.php:29: warning: Member requiresSSL() (function) of class Erebot::Proxy::EndPoint::IRC is not documented.
/home/travis/build/Erebot/erebot.github.io/tmp/clone/src/Proxy/EndPoint/IRCS.php:29: warning: Member requiresSSL() (function) of class Erebot::Proxy::EndPoint::IRCS is not documented.

Generating docs for compound Erebot::Event::ModeGivenAbstract...
Generating docs for compound Erebot::Event::Nick...
Generating docs for compound Erebot::Event::Notify...
Generating docs for compound Erebot::Event::Numeric...
Generating docs for compound Erebot::Event::Op...
Generating docs for compound Erebot::Event::Owner...
Generating docs for compound Erebot::Event::Part...
Generating docs for compound Erebot::Event::Ping...
Generating docs for compound Erebot::Event::Pong...
Generating docs for compound Erebot::Event::PrivateAction...
Generating docs for compound Erebot::Event::PrivateCtcp...
Generating docs for compound Erebot::Event::PrivateCtcpReply...
Generating docs for compound Erebot::Event::PrivateNotice...
Generating docs for compound Erebot::Event::PrivateText...
Generating docs for compound Erebot::Event::Protect...
Generating docs for compound Erebot::Event::Quit...
Generating docs for compound Erebot::Event::RawMode...
Generating docs for compound Erebot::Event::ServerCapabilities...
Generating docs for compound Erebot::Event::Topic...
Generating docs for compound Erebot::Event::UnBan...
Generating docs for compound Erebot::Event::UnExcept...
Generating docs for compound Erebot::Event::UnNotify...
Generating docs for compound Erebot::Event::UserMode...
Generating docs for compound Erebot::Event::Voice...
Generating docs for compound Erebot::Event::Match::All...
Generating docs for compound Erebot::Event::Match::Always...
Generating docs for compound Erebot::Event::Match::Any...
Generating docs for compound Erebot::Event::Match::Chan...
Generating docs for compound Erebot::Event::Match::Never...
Generating docs for compound Erebot::Event::Match::Not...
Generating docs for compound Erebot::Event::Match::Source...
Generating docs for compound Erebot::Event::Match::TextRegex...
Generating docs for compound Erebot::Event::Match::TextStatic...
Generating docs for compound Erebot::Event::Match::TextWildcard...
Generating docs for compound Erebot::Event::Match::Type...
Generating docs for compound Erebot::Identd::Server...
Generating docs for compound Erebot::Identd::Worker...
Generating docs for compound Erebot::IrcCollator::ASCII...
Generating docs for compound Erebot::IrcCollator::RFC1459...
Generating docs for compound Erebot::IrcCollator::StrictRFC1459...
Generating docs for compound Erebot::NumericProfile::Bahamut...
Generating docs for compound Erebot::NumericProfile::Csircd...
Generating docs for compound Erebot::NumericProfile::InspIRCd...
Generating docs for compound Erebot::NumericProfile::Irc2...
Generating docs for compound Erebot::NumericProfile::IrcdHybrid...
Generating docs for compound Erebot::NumericProfile::IrcdRatbox...
Generating docs for compound Erebot::NumericProfile::Ircu...
Generating docs for compound Erebot::NumericProfile::RFC2812...
Generating docs for compound Erebot::NumericProfile::Ultimate...
Generating docs for compound Erebot::NumericProfile::Unreal...
Generating docs for compound Erebot::Proxy::HTTP...
Generating docs for compound Erebot::Proxy::SOCKS...
Generating docs for compound Erebot::Proxy::EndPoint::IRC...
Generating docs for compound Erebot::Proxy::EndPoint::IRCS...
Generating graph info page...
Generating directory documentation...
Generating dependency graph for directory src/Config
Generating dependency graph for directory src/Console
Generating dependency graph for directory src/Proxy/EndPoint
Generating dependency graph for directory src/Event
Generating dependency graph for directory src/Identd
Generating dependency graph for directory src/IrcCollator
Generating dependency graph for directory src/Event/Match
Generating dependency graph for directory src/NumericProfile
Generating dependency graph for directory src/Proxy
Generating dependency graph for directory src
Generating index page...
Generating page index...
Generating module index...
Generating namespace index...
Generating namespace member index...
Generating annotated compound index...
Generating alphabetical compound index...
Generating hierarchical class index...
Generating graphical class hierarchy/home/travis/build/Erebot/erebot.github.io/tmp/clone/src/Core.php:61: warning: unable to resolve link to `Erebot::Interfaces::Connection' for \link command
/home/travis/build/Erebot/erebot.github.io/tmp/clone/src/Core.php:64: warning: unable to resolve link to `Erebot::TimerInterface' for \link command
/home/travis/build/Erebot/erebot.github.io/tmp/clone/src/Core.php:49: warning: unable to resolve link to `Erebot::Interfaces::Connection' for \link command
/home/travis/build/Erebot/erebot.github.io/tmp/clone/src/Core.php:50: warning: unable to resolve link to `Erebot::TimerInterface' for \link command
...
Generating member index...
Generating file index...
Generating file member index...
Generating example index...
finalizing index lists...
Generating XML output...
Generating XML output for class Erebot::Event::Match::All
Generating XML output for class Erebot::Event::Match::Always
Generating XML output for class Erebot::Event::Match::Any
Generating XML output for class Erebot::IrcCollator::ASCII
Generating XML output for class Erebot::NumericProfile::Bahamut
Generating XML output for class Erebot::Event::Ban
Generating XML output for class Erebot::Event::Match::Chan
Generating XML output for class Erebot::Event::ChanAction
Generating XML output for class Erebot::Event::ChanCtcp
Generating XML output for class Erebot::Event::ChanCtcpReply
Generating XML output for class Erebot::Config::Channel
Generating XML output for class Erebot::Event::ChanNotice
Generating XML output for class Erebot::Event::ChanText
Generating XML output for class Erebot::CLI
Generating XML output for class Erebot::Event::Connect
Generating XML output for class Erebot::ConnectionFactory
Generating XML output for class Erebot::Core
Generating XML output for class Erebot::NumericProfile::Csircd
Generating XML output for class Erebot::Event::DeHalfop
Generating XML output for class Erebot::Event::DeOp
Generating XML output for class Erebot::Event::DeOwner
Generating XML output for class Erebot::Event::DeProtect
Generating XML output for class Erebot::Event::DeVoice
Generating XML output for class Erebot::Event::Disconnect
Generating XML output for class Erebot::Event::Error
Generating XML output for class Erebot::EventHandler
Generating XML output for class Erebot::Event::Except
Generating XML output for class Erebot::Event::ExitEvent
Generating XML output for class Erebot::Event::Halfop
Generating XML output for class Erebot::Proxy::HTTP
Generating XML output for class Erebot::Identity
Generating XML output for class Erebot::NumericProfile::InspIRCd
Generating XML output for class Erebot::Event::Invite
Generating XML output for class Erebot::Proxy::EndPoint::IRC
Generating XML output for class Erebot::NumericProfile::Irc2
Generating XML output for class Erebot::IrcConnection
Generating XML output for class Erebot::NumericProfile::IrcdHybrid
Generating XML output for class Erebot::NumericProfile::IrcdRatbox
Generating XML output for class Erebot::IrcParser
Generating XML output for class Erebot::Proxy::EndPoint::IRCS
Generating XML output for class Erebot::IrcTextWrapper
Generating XML output for class Erebot::NumericProfile::Ircu
Generating XML output for class Erebot::Event::Join
Generating XML output for class Erebot::Event::Kick
Generating XML output for class Erebot::LineIO
Generating XML output for class Erebot::Event::Logon
Generating XML output for class Erebot::Config::Main
Generating XML output for class Erebot::Console::MessageProvider
Generating XML output for class Erebot::Event::ModeGivenAbstract
Generating XML output for class Erebot::Config::Module
Generating XML output for class Erebot::Config::Network
Generating XML output for class Erebot::Event::Match::Never
Generating XML output for class Erebot::Event::Nick
Generating XML output for class Erebot::Event::Match::Not
Generating XML output for class Erebot::Event::Notify
Generating XML output for class Erebot::Event::Numeric
Generating XML output for class Erebot::NumericHandler
Generating XML output for class Erebot::NumericReference
Generating XML output for class Erebot::Event::Op
Generating XML output for class Erebot::Event::Owner
Generating XML output for class Erebot::Console::ParallelOption
Generating XML output for class Erebot::Event::Part
Generating XML output for class Erebot::Patches
Generating XML output for class Erebot::Event::Ping
Generating XML output for class Erebot::Event::Pong
Generating XML output for class Erebot::Event::PrivateAction
Generating XML output for class Erebot::Event::PrivateCtcp
Generating XML output for class Erebot::Event::PrivateCtcpReply
Generating XML output for class Erebot::Event::PrivateNotice
Generating XML output for class Erebot::Ev/home/travis/build/Erebot/erebot.github.io/tmp/clone/src/Prompt.php:35: warning: explicit link request to 'Erebot' could not be resolved
ent::PrivateText
Generating XML output for class Erebot::Prompt
Generating XML output for class Erebot::Event::Protect
Generating XML output for class Erebot::Config::Proxy
Generating XML output for class Erebot::Event::Quit
Generating XML output for class Erebot::Event::RawMode
Generating XML output for class Erebot::IrcCollator::RFC1459
Generating XML output for class Erebot::NumericProfile::RFC2812
Generating XML output for class Erebot::Identd::Server
Generating XML output for class Erebot::Config::Server
Generating XML output for class Erebot::Event::ServerCapabilities
Generating XML output for class Erebot::Proxy::SOCKS
Generating XML output for class Erebot::Event::Match::Source
Generating XML output for class Erebot::Console::StoreProxyAction
Generating XML output for class Erebot::IrcCollator::StrictRFC1459
Generating XML output for class Erebot::Event::Match::TextRegex
Generating XML output for class Erebot::Event::Match::TextStatic
Generating XML output for class Erebot::Event::Match::TextWildcard
Generating XML output for class Erebot::TextWrapper
Generating XML output for class Erebot::Event::Topic
Generating XML output for class Erebot::Event::Match::Type
Generating XML output for class Erebot::NumericProfile::Ultimate
Generating XML output for class Erebot::Event::UnBan
Generating XML output for class Erebot::Event::UnExcept
Generating XML output for class Erebot::Event::UnNotify
Generating XML output for class Erebot::NumericProfile::Unreal
Generating XML output for class Erebot::Event::UserMode
Generating XML output for class Erebot::Event::Voice
Generating XML output for class Erebot::Identd::Worker
Generating XML output for class Erebot::XGlobStream
Generating XML output for namespace Erebot
Generating XML output for namespace Erebot::Config
Generating XML output for namespace Erebot::Console
Generating XML output for namespace Erebot::Event
Generating XML output for namespace Erebot::Event::Match
Generating XML output for namespace Erebot::Identd
Generating XML output for namespace Erebot::IrcCollator
Generating XML output for namespace Erebot::NumericProfile
Generating XML output for namespace Erebot::Proxy
Generating XML output for namespace Erebot::Proxy::EndPoint
Generating XML output for file CLI.php
Generating XML output for file Channel.php
Generating XML output for file Main.php
Generating XML output for file Module.php
Generating XML output for file Network.php
Generating XML output for file Proxy.php
Generating XML output for file Server.php
Generating XML output for file Server.php
Generating XML output for file ConnectionFactory.php
Generating XML output for file MessageProvider.php
Generating XML output for file ParallelOption.php
Generating XML output for file StoreProxyAction.php
Generating XML output for file Core.php
Generating XML output for file Ban.php
Generating XML output for file ChanAction.php
Generating XML output for file ChanCtcp.php
Generating XML output for file ChanCtcpReply.php
Generating XML output for file ChanNotice.php
Generating XML output for file ChanText.php
Generating XML output for file Connect.php
Generating XML output for file DeHalfop.php
Generating XML output for file DeOp.php
Generating XML output for file DeOwner.php
Generating XML output for file DeProtect.php
Generating XML output for file DeVoice.php
Generating XML output for file Disconnect.php
Generating XML output for file Error.php
Generating XML output for file Except.php
Generating XML output for file ExitEvent.php
Generating XML output for file Halfop.php
Generating XML output for file Invite.php
Generating XML output for file Join.php
Generating XML output for file Kick.php
Generating XML output for file Logon.php
Generating XML output for file All.php
Generating XML output for file Always.php
Generating XML output for file Any.php
Generating XML output for file Chan.php
Generating XML output for file Never.php
Generating XML output for file Not.php
Generating XML output for file Source.php
Generating XML output for file TextRegex.php
Generating XML output for file TextStatic.php
Generating XMLtodo:2: warning: Illegal command IrcParser as part of a \ref
todo:5: warning: Illegal command IrcParser as part of a \ref
todo:8: warning: Illegal command IrcParser as part of a \ref
todo:11: warning: Illegal command IrcParser as part of a \ref
todo:14: warning: Illegal command IrcParser as part of a \ref
 output for file TextWildcard.php
Generating XML output for file Type.php
Generating XML output for file ModeGivenAbsract.php
Generating XML output for file Nick.php
Generating XML output for file Notify.php
Generating XML output for file Numeric.php
Generating XML output for file Op.php
Generating XML output for file Owner.php
Generating XML output for file Part.php
Generating XML output for file Ping.php
Generating XML output for file Pong.php
Generating XML output for file PrivateAction.php
Generating XML output for file PrivateCtcp.php
Generating XML output for file PrivateCtcpReply.php
Generating XML output for file PrivateNotice.php
Generating XML output for file PrivateText.php
Generating XML output for file Protect.php
Generating XML output for file Quit.php
Generating XML output for file RawMode.php
Generating XML output for file ServerCapabilities.php
Generating XML output for file Topic.php
Generating XML output for file UnBan.php
Generating XML output for file UnExcept.php
Generating XML output for file UnNotify.php
Generating XML output for file UserMode.php
Generating XML output for file Voice.php
Generating XML output for file EventHandler.php
Generating XML output for file Worker.php
Generating XML output for file Identity.php
Generating XML output for file ASCII.php
Generating XML output for file RFC1459.php
Generating XML output for file StrictRFC1459.php
Generating XML output for file IrcConnection.php
Generating XML output for file IrcParser.php
Generating XML output for file IrcTextWrapper.php
Generating XML output for file LineIO.php
Generating XML output for file NumericHandler.php
Generating XML output for file Bahamut.php
Generating XML output for file Csircd.php
Generating XML output for file InspIRCd.php
Generating XML output for file Irc2.php
Generating XML output for file IrcdHybrid.php
Generating XML output for file IrcdRatbox.php
Generating XML output for file Ircu.php
Generating XML output for file RFC2812.php
Generating XML output for file Ultimate.php
Generating XML output for file Unreal.php
Generating XML output for file NumericReference.php
Generating XML output for file Patches.php
Generating XML output for file Prompt.php
Generating XML output for file IRC.php
Generating XML output for file IRCS.php
Generating XML output for file HTTP.php
Generating XML output for file SOCKS.php
Generating XML output for file TextWrapper.php
Generating XML output for file XGlobStream.php
Generating XML output for page todo
Generate XML output for dir /home/travis/build/Erebot/erebot.github.io/tmp/clone/src/Config/
Generate XML output for dir /home/travis/build/Erebot/erebot.github.io/tmp/clone/src/Console/
Generate XML output for dir /home/travis/build/Erebot/erebot.github.io/tmp/clone/src/Proxy/EndPoint/
Generate XML output for dir /home/travis/build/Erebot/erebot.github.io/tmp/clone/src/Event/
Generate XML output for dir /home/travis/build/Erebot/erebot.github.io/tmp/clone/src/Identd/
Generate XML output for dir /home/travis/build/Erebot/erebot.github.io/tmp/clone/src/IrcCollator/
Generate XML output for dir /home/travis/build/Erebot/erebot.github.io/tmp/clone/src/Event/Match/
Generate XML output for dir /home/travis/build/Erebot/erebot.github.io/tmp/clone/src/NumericProfile/
Generate XML output for dir /home/travis/build/Erebot/erebot.github.io/tmp/clone/src/Proxy/
Generate XML output for dir /home/travis/build/Erebot/erebot.github.io/tmp/clone/src/
Running dot...
Generating dot graphs using 4 parallel threads...
Running dot for graph 1/148
Running dot for graph 2/148
Running dot for graph 3/148
Running dot for graph 4/148
Running dot for graph 5/148
Running dot for graph 6/148
Running dot for graph 7/148
Running dot for graph 8/148
Running dot for graph 9/148
Running dot for graph 10/148
Running dot for graph 11/148
Running dot for graph 12/148
Running dot for graph 13/148
Running dot for graph 14/148
Running dot for graph 15/148
Running dot for graph 16/148
Running dot for graph 17/148
Running dot for graph 18/148
Running dot for graph 19/148
Running dot for graph 20/148
Running dot for graph 21/148
Running dot for graph 22/148
Running dot for graph 23/148
Running dot for graph 24/148
Running dot for graph 25/148
Running dot for graph 26/148
Running dot for graph 27/148
Running dot for graph 28/148
Running dot for graph 29/148
Running dot for graph 30/148
Running dot for graph 31/148
Running dot for graph 32/148
Running dot for graph 33/148
Running dot for graph 34/148
Running dot for graph 35/148
Running dot for graph 36/148
Running dot for graph 37/148
Running dot for graph 38/148
Running dot for graph 39/148
Running dot for graph 40/148
Running dot for graph 41/148
Running dot for graph 42/148
Running dot for graph 43/148
Running dot for graph 44/148
Running dot for graph 45/148
Running dot for graph 46/148
Running dot for graph 47/148
Running dot for graph 48/148
Running dot for graph 49/148
Running dot for graph 50/148
Running dot for graph 51/148
Running dot for graph 52/148
Running dot for graph 53/148
Running dot for graph 54/148
Running dot for graph 55/148
Running dot for graph 56/148
Running dot for graph 57/148
Running dot for graph 58/148
Running dot for graph 59/148
Running dot for graph 60/148
Running dot for graph 61/148
Running dot for graph 62/148
Running dot for graph 63/148
Running dot for graph 64/148
Running dot for graph 65/148
Running dot for graph 66/148
Running dot for graph 67/148
Running dot for graph 68/148
Running dot for graph 69/148
Running dot for graph 70/148
Running dot for graph 71/148
Running dot for graph 72/148
Running dot for graph 73/148
Running dot for graph 74/148
Running dot for graph 75/148
Running dot for graph 76/148
Running dot for graph 77/148
Running dot for graph 78/148
Running dot for graph 79/148
Running dot for graph 80/148
Running dot for graph 81/148
Running dot for graph 82/148
Running dot for graph 83/148
Running dot for graph 84/148
Running dot for graph 85/148
Running dot for graph 86/148
Running dot for graph 87/148
Running dot for graph 88/148
Running dot for graph 89/148
Running dot for graph 90/148
Running dot for graph 91/148
Running dot for graph 92/148
Running dot for graph 93/148
Running dot for graph 94/148
Running dot for graph 95/148
Running dot for graph 96/148
Running dot for graph 97/148
Running dot for graph 98/148
Running dot for graph 99/148
Running dot for graph 100/148
Running dot for graph 101/148
Running dot for graph 102/148
Running dot for graph 103/148
Running dot for graph 104/148
Running dot for graph 105/148
Running dot for graph 106/148
Running dot for graph 107/148
Running dot for graph 108/148
Running dot for graph 109/148
Running dot for graph 110/148
Running dot for graph 111/148
Running dot for graph 112/148
Running dot for graph 113/148
Running dot for graph 114/148
Running dot for graph 115/148
Running dot for graph 116/148
Running dot for graph 117/148
Running dot for graph 118/148
Running dot for graph 119/148
Running dot for graph 120/148
Running dot for graph 121/148
Running dot for graph 122/148
Running dot for graph 123/148
Running dot for graph 124/148
Running dot for graph 125/148
Running dot for graph 126/148
Running dot for graph 127/148
Running dot for graph 128/148
Running dot for graph 129/148
Running dot for graph 130/148
Running dot for graph 131/148
Running dot for graph 132/148
Running dot for graph 133/148
Running dot for graph 134/148
Running dot for graph 135/148
Running dot for graph 136/148
Running dot for graph 137/148
Running dot for graph 138/148
Running dot for graph 139/148
Running dot for graph 140/148
Running dot for graph 141/148
Running dot for graph 142/148
Running dot for graph 143/148
Running dot for graph 144/148
Running dot for graph 145/148
Running dot for graph 146/148
Running dot for graph 147/148
Running dot for graph 148/148
Patching output file 1/107
Patching output file 2/107
Patching output file 3/107
Patching output file 4/107
Patching output file 5/107
Patching output file 6/107
Patching output file 7/107
Patching output file 8/107
Patching output file 9/107
Patching output file 10/107
Patching output file 11/107
Patching output file 12/107
Patching output file 13/107
Patching output file 14/107
Patching output file 15/107
Patching output file 16/107
Patching output file 17/107
Patching output file 18/107
Patching output file 19/107
Patching output file 20/107
Patching output file 21/107
Patching output file 22/107
Patching output file 23/107
Patching output file 24/107
Patching output file 25/107
Patching output file 26/107
Patching output file 27/107
Patching output file 28/107
Patching output file 29/107
Patching output file 30/107
Patching output file 31/107
Patching output file 32/107
Patching output file 33/107
Patching output file 34/107
Patching output file 35/107
Patching output file 36/107
Patching output file 37/107
Patching output file 38/107
Patching output file 39/107
Patching output file 40/107
Patching output file 41/107
Patching output file 42/107
Patching output file 43/107
Patching output file 44/107
Patching output file 45/107
Patching output file 46/107
Patching output file 47/107
Patching output file 48/107
Patching output file 49/107
Patching output file 50/107
Patching output file 51/107
Patching output file 52/107
Patching output file 53/107
Patching output file 54/107
Patching output file 55/107
Patching output file 56/107
Patching output file 57/107
Patching output file 58/107
Patching output file 59/107
Patching output file 60/107
Patching output file 61/107
Patching output file 62/107
Patching output file 63/107
Patching output file 64/107
Patching output file 65/107
Patching output file 66/107
Patching output file 67/107
Patching output file 68/107
Patching output file 69/107
Patching output file 70/107
Patching output file 71/107
Patching output file 72/107
Patching output file 73/107
Patching output file 74/107
Patching output file 75/107
Patching output file 76/107
Patching output file 77/107
Patching output file 78/107
Patching output file 79/107
Patching output file 80/107
Patching output file 81/107
Patching output file 82/107
Patching output file 83/107
Patching output file 84/107
Patching output file 85/107
Patching output file 86/107
Patching output file 87/107
Patching output file 88/107
Patching output file 89/107
Patching output file 90/107
Patching output file 91/107
Patching output file 92/107
Patching output file 93/107
Patching output file 94/107
Patching output file 95/107
Patching output file 96/107
Patching output file 97/107
Patching output file 98/107
Patching output file 99/107
Patching output file 100/107
Patching output file 101/107
Patching output file 102/107
Patching output file 103/107
Patching output file 104/107
Patching output file 105/107
Patching output file 106/107
Patching output file 107/107
lookup cache used 4900/65536 hits=19733 misses=4967
finished...
Including real configuration file (/home/travis/build/Erebot/erebot.github.io/tmp/clone/docs/src/real_conf.py)...
loading translations [en]... done
building [html]: targets for 40 source files that are out of date
updating environment: 40 added, 0 changed, 0 removed
reading sources... [  2%] Configuration
reading sources... [  5%] Contribute
reading sources... [  7%] Developers/Coding_Standard
reading sources... [ 10%] Developers/Formatting
reading sources... [ 12%] Developers/I18n
reading sources... [ 15%] Developers/New_module
reading sources... [ 17%] Developers/index
reading sources... [ 20%] HowTo/External_Process_Interaction
reading sources... [ 22%] HowTo/index
reading sources... [ 25%] Installation
reading sources... [ 27%] License
reading sources... [ 30%] Modules
reading sources... [ 32%] Modules/AZ
reading sources... [ 35%] Modules/Admin
reading sources... [ 37%] Modules/AutoConnect
reading sources... [ 40%] Modules/AutoIdent
reading sources... [ 42%] Modules/AutoJoin
reading sources... [ 45%] Modules/Countdown
reading sources... [ 47%] Modules/CtcpResponder
reading sources... [ 50%] Modules/GoF
reading sources... [ 52%] Modules/Helper
reading sources... [ 55%] Modules/IrcConnector
reading sources... [ 57%] Modules/IrcTracker
reading sources... [ 60%] Modules/LagChecker
reading sources... [ 62%] Modules/Math
reading sources... [ 65%] Modules/MiniSed
reading sources... [ 67%] Modules/PhpFilter
reading sources... [ 70%] Modules/PingReply
reading sources... [ 72%] Modules/RateLimiter
reading sources... [ 75%] Modules/Roulette
reading sources... [ 77%] Modules/ServerCapabilities
reading sources... [ 80%] Modules/TV
reading sources... [ 82%] Modules/TriggerRegistry
reading sources... [ 85%] Modules/Uno
reading sources... [ 87%] Modules/WatchList
reading sources... [ 90%] Modules/WebGetter
reading sources... [ 92%] Modules/Wordlists
reading sources... [ 95%] Prerequisites
reading sources... [ 97%] Usage
reading sources... [100%] index

/home/travis/build/Erebot/erebot.github.io/tmp/clone/docs/src/Developers/New_module.rst:169: ERROR: Unknown interpreted text role "api:erebot".
/home/travis/build/Erebot/erebot.github.io/tmp/clone/docs/src/Developers/New_module.rst:183: ERROR: Unknown interpreted text role "api:erebot".
/home/travis/build/Erebot/erebot.github.io/tmp/clone/docs/src/Modules/Countdown.rst:: ERROR: Undefined substitution referenced: "project".
/home/travis/build/Erebot/erebot.github.io/tmp/clone/docs/src/Modules/CtcpResponder.rst:73: ERROR: Malformed table.

+-------------------+-----------------------+---------------------------+
| CTCP type         | Default response      | Example                   |
+===================+=======================+===========================+
| FINGER            | Information about who | clicky@madlax (started 23 |
|                   | started the bot, the  | secondes ago)             |
|                   | name of the machine   |                           |
|                   | it is running on and  |                           |
|                   | its uptime.           |                           |
+-------------------+-----------------------+---------------------------+
| VERSION           | The bot's current     | Erebot v0.5.0-dev1 /      |
|                   | version, as well as   | PHP 5.3.2-1ubuntu4.5 /    |
|                   | PHP's version and     | Linux 2.6.32-27-generic   |
|                   | information on the    |                           |
|                   | operating system the  |                           |
|                   | bot is running on     |                           |
|                   | (name and version).   |                           |
+-------------------+-----------------------+---------------------------+
| SOURCE            | URL to use to         | http://pear.erebot.net/   |
|                   | download the bot      |                           |
+-------------------+-----------------------+---------------------------+
| CLIENTINFO        | URL to use to get     | http://www.erebot.net/    |
|                   | information on the    |                           |
|                   | bot.                  |                           |
+-------------------+-----------------------+---------------------------+
| ERRMSG            | The latest error      | Success                   |
|                   | message detected by   |                           |
|                   | the bot or "Success". |                           |
+-------------------+-----------------------+---------------------------+
| PING              | Exactly the same text | n/a  |
|                   | as in the request     |                           |
|                   | (eg. some timestamp). |                           |
+-------------------+-----------------------+---------------------------+
| TIME              | The current date and  | Thu, 21 Dec 2000 16:01:07 |
|                   | time where the bot is | +0200                     |
|                   | running, using the    |                           |
|                   | format from           |                           |
|                   | :rfc:`2822`.          |                           |
+-------------------+-----------------------+---------------------------+
/home/travis/build/Erebot/erebot.github.io/tmp/clone/docs/src/Modules/CtcpResponder.rst:71: ERROR: Error parsing content block for the "table" directive: exactly one table expected.

..  table:: Default responses to the usual CTCP requests

    +-------------------+-----------------------+---------------------------+
    | CTCP type         | Default response      | Example                   |
    +===================+=======================+===========================+
    | FINGER            | Information about who | clicky@madlax (started 23 |
    |                   | started the bot, the  | secondes ago)             |
    |                   | name of the machine   |                           |
    |                   | it is running on and  |                           |
    |                   | its uptime.           |                           |
    +-------------------+-----------------------+---------------------------+
    | VERSION           | The bot's current     | Erebot v0.5.0-dev1 /      |
    |                   | version, as well as   | PHP 5.3.2-1ubuntu4.5 /    |
    |                   | PHP's version and     | Linux 2.6.32-27-generic   |
    |                   | information on the    |                           |
    |                   | operating system the  |                           |
    |                   | bot is running on     |                           |
    |                   | (name and version).   |                           |
    +-------------------+-----------------------+---------------------------+
    | SOURCE            | URL to use to         | http://pear.erebot.net/   |
    |                   | download the bot      |                           |
    +-------------------+-----------------------+---------------------------+
    | CLIENTINFO        | URL to use to get     | http://www.erebot.net/    |
    |                   | information on the    |                           |
    |                   | bot.                  |                           |
    +-------------------+-----------------------+---------------------------+
    | ERRMSG            | The latest error      | Success                   |
    |                   | message detected by   |                           |
    |                   | the bot or "Success". |                           |
    +-------------------+-----------------------+---------------------------+
    | PING              | Exactly the same text | n/a  |
    |                   | as in the request     |                           |
    |                   | (eg. some timestamp). |                           |
    +-------------------+-----------------------+---------------------------+
    | TIME              | The current date and  | Thu, 21 Dec 2000 16:01:07 |
    |                   | time where the bot is | +0200                     |
    |                   | running, using the    |                           |
    |                   | format from           |                           |
    |                   | :rfc:`2822`.          |                           |
    +-------------------+-----------------------+---------------------------+
/home/travis/build/Erebot/erebot.github.io/tmp/clone/docs/src/Modules/Uno.rst:13: ERROR: Unknown target name: "mattel's uno game".
looking for now-outdated files... none found
pickling environment... done
checking consistency... done
preparing documents... done
writing output... [  2%] Configuration
writing output... [  5%] Contribute
writing output... [  7%] Developers/Coding_Standard
writing output... [ 10%] Developers/Formatting
writing output... [ 12%] Developers/I18n
writing output... [ 15%] Developers/New_module
writing output... [ 17%] Developers/index
writing output... [ 20%] HowTo/External_Process_Interaction
writing output... [ 22%] HowTo/index
writing output... [ 25%] Installation
writing output... [ 27%] License
writing output... [ 30%] Modules
writing output... [ 32%] Modules/AZ
writing output... [ 35%] Modules/Admin
writing output... [ 37%] Modules/AutoConnect
writing output... [ 40%] Modules/AutoIdent
writing output... [ 42%] Modules/AutoJoin
writing output... [ 45%] Modules/Countdown
writing output... [ 47%] Modules/CtcpResponder
writing output... [ 50%] Modules/GoF
writing output... [ 52%] Modules/Helper
writing output... [ 55%] Modules/IrcConnector
writing output... [ 57%] Modules/IrcTracker
writing output... [ 60%] Modules/LagChecker
writing output... [ 62%] Modules/Math
writing output... [ 65%] Modules/MiniSed
writing output... [ 67%] Modules/PhpFilter
writing output... [ 70%] Modules/PingReply
writing output... [ 72%] Modules/RateLimiter
writing output... [ 75%] Modules/Roulette
writing output... [ 77%] Modules/ServerCapabilities
writing output... [ 80%] Modules/TV
writing output... [ 82%] Modules/TriggerRegistry
writing output... [ 85%] Modules/Uno
writing output... [ 87%] Modules/WatchList
writing output... [ 90%] Modules/WebGetter
writing output... [ 92%] Modules/Wordlists
writing output... [ 95%] Prerequisites
writing output... [ 97%] Usage
/home/travis/build/Erebot/erebot.github.io/tmp/clone/docs/src/Usage.rst:70: WARNING: Pygments lexer name u'shell' is not known
/home/travis/build/Erebot/erebot.github.io/tmp/clone/docs/src/Usage.rst:104: WARNING: Pygments lexer name u'shell' is not known
writing output... [100%] index

/home/travis/build/Erebot/erebot.github.io/tmp/clone/docs/src/Modules/AZ.rst:79: WARNING: undefined label: configuration options (if the link has no caption the label must precede a section header)
/home/travis/build/Erebot/erebot.github.io/tmp/clone/docs/src/Modules/Countdown.rst:112: WARNING: undefined label: configuration options (if the link has no caption the label must precede a section header)
/home/travis/build/Erebot/erebot.github.io/tmp/clone/docs/src/Modules/GoF.rst:160: WARNING: undefined label: configuration options (if the link has no caption the label must precede a section header)
/home/travis/build/Erebot/erebot.github.io/tmp/clone/docs/src/Modules/Helper.rst:70: WARNING: undefined label: configuration options (if the link has no caption the label must precede a section header)
/home/travis/build/Erebot/erebot.github.io/tmp/clone/docs/src/Modules/Helper.rst:103: WARNING: undefined label: commands_provided (if the link has no caption the label must precede a section header)
/home/travis/build/Erebot/erebot.github.io/tmp/clone/docs/src/Modules/LagChecker.rst:116: WARNING: undefined label: configuration options (if the link has no caption the label must precede a section header)
/home/travis/build/Erebot/erebot.github.io/tmp/clone/docs/src/Modules/Math.rst:68: WARNING: undefined label: configuration options (if the link has no caption the label must precede a section header)
/home/travis/build/Erebot/erebot.github.io/tmp/clone/docs/src/Modules/PhpFilter.rst:79: WARNING: undefined label: configuration options (if the link has no caption the label must precede a section header)
/home/travis/build/Erebot/erebot.github.io/tmp/clone/docs/src/Modules/Roulette.rst:80: WARNING: undefined label: configuration options (if the link has no caption the label must precede a section header)
/home/travis/build/Erebot/erebot.github.io/tmp/clone/docs/src/Modules/TV.rst:108: WARNING: undefined label: configuration options (if the link has no caption the label must precede a section header)
/home/travis/build/Erebot/erebot.github.io/tmp/clone/docs/src/Modules/Uno.rst:126: WARNING: undefined label: configuration options (if the link has no caption the label must precede a section header)
/home/travis/build/Erebot/erebot.github.io/tmp/clone/docs/src/Modules/Uno.rst:173: WARNING: undefined label: variations (if the link has no caption the label must precede a section header)
/home/travis/build/Erebot/erebot.github.io/tmp/clone/docs/src/Modules/Uno.rst:183: WARNING: undefined label: variations (if the link has no caption the label must precede a section header)
writing additional files... search
copying static files... done
copying extra files... done
dumping search index... done
dumping object inventory... done
build succeeded, 21 warnings.
