Making output directory...
Running Sphinx v1.2.2
Warning: ignoring unsupported tag `ALLOW_UNICODE_NAMES    =' at line 79, file vendor/erebot/buildenv/Doxyfile
Warning: Tag `CLANG_ASSISTED_PARSING' at line 998 of file vendor/erebot/buildenv/Doxyfile belongs to an option that was not enabled at compile time.
To avoid this warning please remove this line from your configuration file, upgrade it using "doxygen -u", or recompile doxygen with this feature enabled.
Warning: Tag `CLANG_OPTIONS' at line 1006 of file vendor/erebot/buildenv/Doxyfile belongs to an option that was not enabled at compile time.
To avoid this warning please remove this line from your configuration file, upgrade it using "doxygen -u", or recompile doxygen with this feature enabled.
Warning: ignoring unsupported tag `MAN_SUBDIR             =' at line 1814, file vendor/erebot/buildenv/Doxyfile
Warning: ignoring unsupported tag `DOCBOOK_PROGRAMLISTING =' at line 1877, file vendor/erebot/buildenv/Doxyfile
Warning: ignoring unsupported tag `PLANTUML_JAR_PATH      =' at line 2302, file vendor/erebot/buildenv/Doxyfile
Searching for include files...
Searching for example files...
Searching for images...
Searching for dot files...
Searching for msc files...
Searching for dia files...
Searching for files to exclude
Searching for files to process...
Searching for files in directory /home/travis/build/Erebot/erebot.github.io/tmp/clone/src
Searching for files in directory /home/travis/build/Erebot/erebot.github.io/tmp/clone/src/Countdown
Searching for files in directory /home/travis/build/Erebot/erebot.github.io/tmp/clone/src/Countdown/Solver
Reading and parsing tag files
Parsing files
Reading /home/travis/build/Erebot/erebot.github.io/tmp/clone/src/Countdown/DivisionByZeroException.php...
Parsing file /home/travis/build/Erebot/erebot.github.io/tmp/clone/src/Countdown/DivisionByZeroException.php...
Reading /home/travis/build/Erebot/erebot.github.io/tmp/clone/src/Countdown/Exception.php...
Parsing file /home/travis/build/Erebot/erebot.github.io/tmp/clone/src/Countdown/Exception.php...
Reading /home/travis/build/Erebot/erebot.github.io/tmp/clone/src/Countdown/Formula.php...
Parsing file /home/travis/build/Erebot/erebot.github.io/tmp/clone/src/Countdown/Formula.php...
Reading /home/travis/build/Erebot/erebot.github.io/tmp/clone/src/Countdown/FormulaMustBeAStringException.php...
Parsing file /home/travis/build/Erebot/erebot.github.io/tmp/clone/src/Countdown/FormulaMustBeAStringException.php...
Reading /home/travis/build/Erebot/erebot.github.io/tmp/clone/src/Countdown/Game.php...
Parsing file /home/travis/build/Erebot/erebot.github.io/tmp/clone/src/Countdown/Game.php...
Reading /home/travis/build/Erebot/erebot.github.io/tmp/clone/src/Countdown/InvalidValueException.php...
Parsing file /home/travis/build/Erebot/erebot.github.io/tmp/clone/src/Countdown/InvalidValueException.php...
Reading /home/travis/build/Erebot/erebot.github.io/tmp/clone/src/Countdown/Lexer.php...
Parsing file /home/travis/build/Erebot/erebot.github.io/tmp/clone/src/Countdown/Lexer.php...
Reading /home/travis/build/Erebot/erebot.github.io/tmp/clone/src/Countdown/NonIntegralDivisionException.php...
Parsing file /home/travis/build/Erebot/erebot.github.io/tmp/clone/src/Countdown/NonIntegralDivisionException.php...
Reading /home/travis/build/Erebot/erebot.github.io/tmp/clone/src/Countdown/Parser.php...
Parsing file /home/travis/build/Erebot/erebot.github.io/tmp/clone/src/Countdown/Parser.php...
Reading /home/travis/build/Erebot/erebot.github.io/tmp/clone/src/Countdown/Solver/ContainerInterface.php...
Parsing file /home/travis/build/Erebot/erebot.github.io/tmp/clone/src/Countdown/Solver/ContainerInterface.php...
Reading /home/travis/build/Erebot/erebot.github.io/tmp/clone/src/Countdown/Solver/Number.php...
Parsing file /home/travis/build/Erebot/erebot.github.io/tmp/clone/src/Countdown/Solver/Number.php...
Reading /home/travis/build/Erebot/erebot.github.io/tmp/clone/src/Countdown/Solver/Operation.php...
Parsing file /home/travis/build/Erebot/erebot.github.io/tmp/clone/src/Countdown/Solver/Operation.php...
Reading /home/travis/build/Erebot/erebot.github.io/tmp/clone/src/Countdown/Solver/SkipException.php...
Parsing file /home/travis/build/Erebot/erebot.github.io/tmp/clone/src/Countdown/Solver/SkipException.php...
Reading /home/travis/build/Erebot/erebot.github.io/tmp/clone/src/Countdown/Solver.php...
Parsing file /home/travis/build/Erebot/erebot.github.io/tmp/clone/src/Countdown/Solver.php...
Reading /home/travis/build/Erebot/erebot.github.io/tmp/clone/src/Countdown/SolverInterface.php...
Parsing file /home/travis/build/Erebot/erebot.github.io/tmp/clone/src/Countdown/SolverInterface.php...
Reading /home/travis/build/Erebot/erebot.github.io/tmp/clone/src/Countdown/SyntaxErrorException.php...
Parsing file /home/travis/build/Erebot/erebot.github.io/tmp/clone/src/Countdown/SyntaxErrorException.php...
Reading /home/travis/build/Erebot/erebot.github.io/tmp/clone/src/Countdown/UnavailableNumberException.php...
Parsing file /home/travis/build/Erebot/erebot.github.io/tmp/clone/src/Countdown/UnavailableNumberException.php...
Reading /home/travis/build/Erebot/erebot.github.io/tmp/clone/src/Count/home/travis/build/Erebot/erebot.github.io/tmp/clone/src/Countdown/Parser.php:106: warning: Compound Erebot::Module::Countdown::Parser is not documented.
/home/travis/build/Erebot/erebot.github.io/tmp/clone/src/Countdown/Parser.php:300: warning: documented symbol `Erebot\Module\Countdown\Parser::resource' was not declared or defined.
/home/travis/build/Erebot/erebot.github.io/tmp/clone/src/Countdown/Parser.php:305: warning: documented symbol `Erebot\Module\Countdown\Parser::string' was not declared or defined.
/home/travis/build/Erebot/erebot.github.io/tmp/clone/src/Countdown/Parser.php:309: warning: documented symbol `Erebot\Module\Countdown\Parser::int' was not declared or defined.
/home/travis/build/Erebot/erebot.github.io/tmp/clone/src/Countdown/Parser.php:313: warning: documented symbol `Erebot\Module\Countdown\Parser::int' was not declared or defined.
/home/travis/build/Erebot/erebot.github.io/tmp/clone/src/Countdown/Parser.php:317: warning: documented symbol `Erebot\Module\Countdown\Parser::array' was not declared or defined.
/home/travis/build/Erebot/erebot.github.io/tmp/clone/src/Countdown/Parser.php:324: warning: documented symbol `Erebot\Module\Countdown\Parser::array' was not declared or defined.
/home/travis/build/Erebot/erebot.github.io/tmp/clone/src/Countdown/Parser.php:334: warning: documented symbol `Erebot\Module\Countdown\Parser::array' was not declared or defined.
todo:2: warning: Illegal command Module as part of a \ref
todo:2: warning: Illegal command Countdown as part of a \ref
todo:2: warning: Illegal command Game as part of a \ref
todo:2: warning: Illegal command Erebot as part of a <dt> tag
todo:2: warning: Illegal command Module as part of a <dt> tag
todo:2: warning: Illegal command Countdown as part of a <dt> tag
todo:2: warning: Illegal command Formula as part of a <dt> tag
/home/travis/build/Erebot/erebot.github.io/tmp/clone/src/Countdown/Parser.php:112: warning: Member getResult() (function) of class Erebot::Module::Countdown::Parser is not documented.
/home/travis/build/Erebot/erebot.github.io/tmp/clone/src/Countdown/Parser.php:739: warning: Member yy_r0() (function) of class Erebot::Module::Countdown::Parser is not documented.
/home/travis/build/Erebot/erebot.github.io/tmp/clone/src/Countdown/Parser.php:742: warning: Member yy_r1() (function) of class Erebot::Module::Countdown::Parser is not documented.
/home/travis/build/Erebot/erebot.github.io/tmp/clone/src/Countdown/Parser.php:745: warning: Member yy_r2() (function) of class Erebot::Module::Countdown::Parser is not documented.
/home/travis/build/Erebot/erebot.github.io/tmp/clone/src/Countdown/Parser.php:748: warning: Member yy_r3() (function) of class Erebot::Module::Countdown::Parser is not documented.
/home/travis/build/Erebot/erebot.github.io/tmp/clone/src/Countdown/Parser.php:751: warning: Member yy_r4() (function) of class Erebot::Module::Countdown::Parser is not documented.
/home/travis/build/Erebot/erebot.github.io/tmp/clone/src/Countdown/Parser.php:754: warning: Member yy_r5() (function) of class Erebot::Module::Countdown::Parser is not documented.
/home/travis/build/Erebot/erebot.github.io/tmp/clone/src/Countdown/Parser.php:767: warning: Member yy_r6() (function) of class Erebot::Module::Countdown::Parser is not documented.
/home/travis/build/Erebot/erebot.github.io/tmp/clone/src/Countdown/Parser.php:315: warning: Member $yyerrcnt (variable) of class Erebot::Module::Countdown::Parser is not documented.
/home/travis/build/Erebot/erebot.github.io/tmp/clone/src/Countdown/Parser.php:311: warning: Member $yyidx (variable) of class Erebot::Module::Countdown::Parser is not documented.
/home/travis/build/Erebot/erebot.github.io/tmp/clone/src/Countdown/Parser.php:319: warning: Member $yystack (variable) of class Erebot::Module::Countdown::Parser is not documented.
/home/travis/build/Erebot/erebot.github.io/tmp/clone/src/Countdown/Parser.php:130: warning: Member TK_INTEGER (variable) of class Erebot::Module::Countdown::Parser is not documented.
/home/travis/build/Erebot/erebot.github.io/tmp/clone/src/Countdown/Parser.php:124: warning: Member TK_OP_ADD (variable) of class Erebot::Module::Countdown::Parser is not documented.
/home/travis/build/Erebot/erebot.github.io/tmp/clone/src/Countdown/Parser.php:127: warning: Member TK_OP_DIV (variable) of class Erebot::Module::Countdown::Parser is not documented.
/home/travis/build/Erebot/erebot.github.io/tmp/clone/src/Countdown/Parser.php:126: warning: Member TK_OP_MUL (variable) of class Erebot::Module::Countdown::Parser is not documented.
/home/travis/build/Erebot/erebot.github.io/tmp/clone/src/Countdown/Parser.php:125: warning: Member TK_OP_SUB (variable) of class Erebot::Module::Countdown::Parser is not documented.
/home/travis/build/Erebot/erebot.github.io/tmp/clone/src/Countdown/Parser.php:129: warning: Member TK_PAR_CLOSE (variable) of class Erebot::Module::Countdown::Parser is not documented.
/home/travis/build/Erebot/erebot.github.io/tmp/clone/src/Countdown/Parser.php:128: warning: Member TK_PAR_OPEN (variable) of class Erebot::Module::Countdown::Parser is not documented.
/home/travis/build/Erebot/erebot.github.io/tmp/clone/src/Countdown/Parser.php:132: warning: Member YY_ACCEPT_ACTION (variable) of class Erebot::Module::Countdown::Parser is not documented.
/home/travis/build/Erebot/erebot.github.io/tmp/clone/src/Countdown/Parser.php:133: warning: Member YY_ERROR_ACTION (variable) of class Erebot::Module::Countdown::Parser is not documented.
/home/travis/build/Erebot/erebot.github.io/tmp/clone/src/Countdown/Parser.php:131: warning: Member YY_NO_ACTION (variable) of class Erebot::Module::Countdown::Parser is not documented.
/home/travis/build/Erebot/erebot.github.io/tmp/clone/src/Countdown/Parser.php:202: warning: Member YY_REDUCE_MAX (variable) of class Erebot::Module::Countdown::Parser is not documented.
/home/travis/build/Erebot/erebot.github.io/tmp/clone/src/Countdown/Parser.php:201: warning: Member YY_REDUCE_USE_DFLT (variable) of class Erebot::Module::Countdown::Parser is not documented.
/home/travis/build/Erebot/erebot.github.io/tmp/clone/src/Countdown/Parser.php:197: warning: Member YY_SHIFT_MAX (variable) of class Erebot::Module::Countdown::Parser is not documented.
/home/travis/build/Erebot/erebot.github.io/tmp/clone/src/Countdown/Parser.php:196: warning: Member YY_SHIFT_USE_DFLT (variable) of class Erebot::Module::Countdown::Parser is not documented.
/home/travis/build/Erebot/erebot.github.io/tmp/clone/src/Countdown/Parser.php:185: warning: Member YY_SZ_ACTTAB (variable) of class Erebot::Module::Countdown::Parser is not documented.
/home/travis/build/Erebot/erebot.github.io/tmp/clone/src/Countdown/Parser.php:245: warning: Member YYERRORSYMBOL (variable) of class Erebot::Module::Countdown::Parser is not documented.
/home/travis/build/Erebot/erebot.github.io/tmp/clone/src/Countdown/Parser.php:246: warning: Member YYERRSYMDT (variable) of class Erebot::Module::Countdown::Parser is not documented.
/home/travis/build/Erebot/erebot.github.io/tmp/clone/src/Countdown/Parser.php:247: warning: Member YYFALLBACK (variable) of class Erebot::Module::Countdown::Parser is not documented.
/home/travis/build/Erebot/erebot.github.io/tmp/clone/src/Countdown/Parser.php:241: warning: Member YYNOCODE (variable) of class Erebot::Module::Countdown::Parser is not documented.
/home/travis/build/Erebot/erebot.github.io/tmp/clone/src/Countdown/Parser.php:244: warning: Member YYNRULE (variable) of class Erebot::Module::Countdown::Parser is not documented.
/home/travis/build/Erebot/erebot.github.io/tmp/clone/src/Countdown/Parser.php:243: warning: Member YYNSTATE (variable) of class Erebot::Module::Countdown::Parser is not documented.
/home/travis/build/Erebot/erebot.github.io/tmp/clone/src/Countdown/Parser.php:242: warning: Member YYSTACKDEPTH (variable) of class Erebot::Module::Countdown::Parser is not documented.
/home/travis/build/Erebot/erebot.github.io/tmp/clone/src/Countdown/Parser.php:186: warning: Member $yy_action (variable) of class Erebot::Module::Countdown::Parser is not documented.
/home/travis/build/Erebot/erebot.github.io/tmp/clone/src/Countdown/Parser.php:222: warning: Member $yy_default (variable) of class Erebot::Module::Countdown::Parser is not documented.
/home/travis/build/Erebot/erebot.github.io/tmp/clone/src/Countdown/Parser.php:191: warning: Member $yy_lookahead (variable) of class Erebot::Module::Countdown::Parser is not documented.
/home/travis/build/Erebot/erebot.github.io/tmp/clone/src/Countdown/Parser.php:203: warning: Member $yy_reduce_ofst (variable) of class Erebot::Module::Countdown::Parser is not documented.
/home/travis/build/Erebot/erebot.github.io/tmp/clone/src/Countdown/Parser.php:198: warning: Member $yy_shift_ofst (variable) of class Erebot::Module::Countdown::Parser is not documented.
/home/travis/build/Erebot/erebot.github.io/tmp/clone/src/Countdown/Parser.php:206: warning: Member $yyExpectedTokens (variable) of class Erebot::Module::Countdown::Parser is not documented.
/home/travis/build/Erebot/erebot.github.io/tmp/clone/src/Countdown/Parser.php:336: warning: Member $yyRuleName (variable) of class Erebot::Module::Countdown::Parser is not documented.
/home/travis/build/Erebot/erebot.github.io/tmp/clone/src/Countdown/Parser.php:326: warning: Member $yyTokenName (variable) of class Erebot::Module::Countdown::Parser is not documented.
/home/travis/build/Erebot/erebot.github.io/tmp/clone/src/Countdown/Parser.php:302: warning: Member $yyTraceFILE (variable) of class Erebot::Module::Countdown::Parser is not documented.
/home/travis/build/Erebot/erebot.github.io/tmp/clone/src/Countdown/Parser.php:307: warning: Member $yyTracePrompt (variable) of class Erebot::Module::Countdown::Parser is not documented.
/home/travis/build/Erebot/erebot.github.io/tmp/clone/src/Countdown/Parser.php:111: warning: Member $formulaResult (variable) of class Erebot::Module::Countdown::Parser is not documented.
/home/travis/build/Erebot/erebot.github.io/tmp/clone/src/Countdown/Parser.php:902: warning: argument 'mixed' of command @param is not found in the argument list of Erebot\Module\Countdown\Parser::doParse($yymajor,$yytokenvalue)
/home/travis/build/Erebot/erebot.github.io/tmp/clone/src/Countdown/Parser.php:291: warning: return type of member Erebot\Module\Countdown\Parser\PrintTrace is not documented
/home/travis/build/Erebot/erebot.github.io/tmp/clone/src/Countdown/Parser.php:347: warning: argument 'int' of command @param is not found in the argument list of Erebot\Module\Countdown\Parser::tokenName($tokenType)
/home/travis/build/Erebot/erebot.github.io/tmp/clone/src/Countdown/Parser.php:347: warning: The following parameters of Erebot\Module\Countdown\Parser\tokenName($tokenType) are not documented:
  parameter '$tokenType'
/home/travis/build/Erebot/erebot.github.io/tmp/clone/src/Countdown/Parser.php:261: warning: argument 'resource' of command @param is not found in the argument list of Erebot\Module\Countdown\Parser::Trace($TraceFILE,$zTracePrompt)
/home/travis/build/Erebot/erebot.github.io/tmp/clone/src/Countdown/Parser.php:261: warning: argument 'string' of command @param is not found in the argument list of Erebot\Module\Countdown\Parser::Trace($TraceFILE,$zTracePrompt)
/home/travis/build/Erebot/erebot.github.io/tmp/clone/src/Countdown/Parser.php:261: warning: The following parameters of Erebot\Module\Countdown\Parser\Trace($TraceFILE,$zTracePrompt) are not documented:
  parameter '$TraceFILE'
  parameter '$zTracePrompt'
/home/travis/build/Erebot/erebot.github.io/tmp/clone/src/Countdown/Parser.php:261: warning: return type of member Erebot\Module\Countdown\Parser\Trace is not documented
/home/travis/build/Erebot/erebot.github.io/tmp/clone/src/Countdown/Parser.php:365: warning: argument 'int' of command @param is not found in the argument list of Erebot\Module\Countdown\Parser::yy_destructor($yymajor,$yypminor)
/home/travis/build/Erebot/erebot.github.io/tmp/clone/src/Countdown/Parser.php:365: warning: argument 'mixed' of command @param is not found in the argument list of Erebot\Module\Countdown\Parser::yy_destructor($yymajor,$yypminor)
/home/travis/build/Erebot/erebot.github.io/tmp/clone/src/Countdown/Parser.php:365: warning: The following parameters of Erebot\Module\Countdown\Parser\yy_destructor($yymajor,$yypminor) are not documented:
  parameter '$yymajor'
  parameter '$yypminor'
/home/travis/build/Erebot/erebot.github.io/tmp/clone/src/Countdown/Parser.php:365: warning: return type of member Erebot\Module\Countdown\Parser\yy_destructor is not documented
/home/travis/build/Erebot/erebot.github.io/tmp/clone/src/Countdown/Parser.php:624: warning: argument 'int' of command @param is not found in the argument list of Erebot\Module\Countdown\Parser::yy_find_reduce_action($stateno,$iLookAhead)
/home/travis/build/Erebot/erebot.github.io/tmp/clone/src/Countdown/Parser.php:624: warning: argument 'int' of command @param is not found in the argument list of Erebot\Module\Countdown\Parser::yy_find_reduce_action($stateno,$iLookAhead)
/home/travis/build/Erebot/erebot.github.io/tmp/clone/src/Countdown/Parser.php:624: warning: The following parameters of Erebot\Module\Countdown\Parser\yy_find_reduce_action($stateno,$iLookAhead) are not documented:
  parameter '$stateno'
  parameter '$iLookAhead'
/home/travis/build/Erebot/erebot.github.io/tmp/clone/src/Countdown/Parser.php:581: warning: argument 'int' of command @param is not found in the argument list of Erebot\Module\Countdown\Parser::yy_find_shift_action($iLookAhead)
/home/travis/build/Erebot/erebot.github.io/tmp/clone/src/Countdown/Parser.php:581: warning: The following parameters of Erebot\Module\Countdown\Parser\yy_find_shift_action($iLookAhead) are not documented:
  parameter '$iLookAhead'
/home/travis/build/Erebot/erebot.github.io/tmp/clone/src/Countdown/Parser.php:429: warning: argument 'int' of command @param is not found in the argument list of Erebot\Module\Countdown\Parser::yy_get_expected_tokens($token)
/home/travis/build/Erebot/erebot.github.io/tmp/clone/src/Countdown/Parser.php:429: warning: The following parameters of Erebot\Module\Countdown\Parser\yy_get_expected_tokens($token) are not documented:
  parameter '$token'
/home/travis/build/Erebot/erebot.github.io/tmp/clone/src/Countdown/Parser.php:501: warning: argument 'int' of command @param is not found in the argument list of Erebot\Module\Countdown\Parser::yy_is_expected_token($token)
/home/travis/build/Erebot/erebot.github.io/tmp/clone/src/Countdown/Parser.php:501: warning: The following parameters of Erebot\Module\Countdown\Parser\yy_is_expected_token($token) are not documented:
  parameter '$token'
/home/travis/build/Erebot/erebot.github.io/tmp/clone/src/Countdown/Parser.php:388: warning: argument 'ParseyyParser' of command @param is not found in the argument list of Erebot\Module\Countdown\Parser::yy_pop_parser_stack()
/home/travis/build/Erebot/erebot.github.io/tmp/clone/src/Countdown/Parser.php:787: warning: argument 'int' of command @param is not found in the argument list of Erebot\Module\Countdown\Parser::yy_reduce($yyruleno)
/home/travis/build/Erebot/erebot.github.io/tmp/clone/src/Countdown/Parser.php:787: warning: The following parameters of Erebot\Module\Countdown\Parser\yy_reduce($yyruleno) are not documented:
  parameter '$yyruleno'
/home/travis/build/Erebot/erebot.github.io/tmp/clone/src/Countdown/Parser.php:657: warning: argument 'int' of command @param is not found in the argument list of Erebot\Module\Countdown\Parser::yy_shift($yyNewState,$yyMajor,$yypMinor)
/home/travis/build/Erebot/erebot.github.io/tmp/clone/src/Countdown/Parser.php:657: warning: argument 'int' of command @param is not found in the argument list of Erebot\Module\Countdown\Parser::yy_shift($yyNewState,$yyMajor,$yypMinor)
/home/travis/build/Erebot/erebot.github.io/tmp/clone/src/Countdown/Parser.php:657: warning: argument 'mixed' of command @param is not found in the argument list of Erebot\Module\Countdown\Parser::yy_shift($yyNewState,$yyMajor,$yypMinor)
/home/travis/build/Erebot/erebot.github.io/tmp/clone/src/Countdown/Parser.php:657: warning: The following parameters of Erebot\Module\Countdown\Parser\yy_shift($yyNewState,$yyMajor,$yypMinor) are not documented:
  parameter '$yyNewState'
  parameter '$yyMajor'
  parameter '$yypMinor'
/home/travis/build/Erebot/erebot.github.io/tmp/clone/src/Countdown/Parser.php:872: warning: argument 'int' of command @param is not found in the argument list of Erebot\Module\Countdown\Parser::yy_syntax_error($yymajor,$TOKEN)
/home/travis/build/Erebot/erebot.github.io/tmp/clone/src/Countdown/Parser.php:872: warning: argument 'mixed' of command @param is not found in the argument list of Erebot\Module\Countdown\Parser::yy_syntax_error($yymajor,$TOKEN)
/home/travis/build/Erebot/erebot.github.io/tmp/clone/src/Countdown/Parser.php:872: warning: The following parameters of Erebot\Module\Countdown\Parser\yy_syntax_error($yymajor,$TOKEN) are not documented:
  parameter '$yymajor'
  parameter '$TOKEN'
<$yy_action>:1: warning: parameters of member Erebot\Module\Countdown\Parser\$yy_action are not (all) documented
<$yy_default>:1: warning: parameters of member Erebot\Module\Countdown\Parser\$yy_default are not (all) documented
<$yy_lookahead>:1: warning: parameters of member Erebot\Module\Countdown\Parser\$yy_lookahead are not (all) documented
<$yy_reduce_ofst>:1: warning: parameters of member Erebot\Module\Countdown\Parser\$yy_reduce_ofst are not (all) documented
<$yy_shift_ofst>:1: warning: parameters of member Erebot\Module\Countdown\Parser\$yy_shift_ofst are not (all) documented
<$yyExpectedTokens>:1: warning: parameters of member Erebot\Module\Countdown\Parser\$yyExpectedTokens are not (all) documented
<$yyRuleName>:1: warning: parameters of member Erebot\Module\Countdown\Parser\$yyRuleName are not (all) documented
<$yyTokenName>:1: warning: parameters of member Erebot\Module\Countdown\Parser\$yyTokenName are not (all) documented
/home/travis/build/Erebot/erebot.github.io/tmp/clone/src/Countdown/Parser.php:97: warning: Member $major (variable) of class Erebot::Module::Countdown::ParseyyStackEntry is not documented.
/home/travis/build/Erebot/erebot.github.io/tmp/clone/src/Countdown/Parser.php:99: warning: Member $minor (variable) of class Erebot::Module::Countdown::ParseyyStackEntry is not documented.
/home/travis/build/Erebot/erebot.github.io/tmp/clone/src/Countdown/Parser.php:96: warning: Member $stateno (variable) of class Erebot::Module::Countdown::ParseyyStackEntry is not documented.
/home/travis/build/Erebot/erebot.github.io/tmp/clone/src/Countdown/Parser.php:23: warning: Member __construct($s, $m=array()) (function) of class Erebot::Module::Countdown::ParseyyToken is not documented.
/home/travis/build/Erebot/erebot.github.io/tmp/clone/src/Countdown/Parser.php:38: warning: Member __toString() (function) of class Erebot::Module::Countdown::ParseyyToken is not documented.
/home/travis/build/Erebot/erebot.github.io/tmp/clone/src/Countdown/Parser.php:43: warning: Member offsetExists($offset) (function) of class Erebot::Module::Countdown::ParseyyToken is not documented.
/home/travis/build/Erebot/erebot.github.io/tmp/clone/src/Countdown/Parser.php:48: warning: Member offsetGet($offset) (function) of class Erebot::Module::Countdown::ParseyyToken is not documented.
/home/travis/build/Erebot/erebot.github.io/tmp/clone/src/Countdown/Parser.php:53: warning: Member offsetSet($offset, $value) (function) of class Erebot::Module::Countdown::ParseyyToken is not documented.
/home/travis/build/Erebot/erebot.github.io/tmp/clone/src/Countdown/Parser.php:76: warning: Member offsetUnset($offset) (function) of class Erebot::Module::Countdown::ParseyyToken is not documented.
/home/travis/build/Erebot/erebot.github.io/tmp/clone/src/Countdown/Parser.php:21: warning: Member $metadata (variable) of class Erebot::Module::Countdown::ParseyyToken is not documented.
/home/travis/build/Erebot/erebot.github.io/tmp/clone/src/Countdown/Parser.php:20: warning: Member $string (variable) of class Erebot::Module::Countdown::ParseyyToken is not documented.
down.php...
Parsing file /home/travis/build/Erebot/erebot.github.io/tmp/clone/src/Countdown.php...
Building group list...
Building directory list...
Building namespace list...
Building file list...
Building class list...
Associating documentation with classes...
Computing nesting relations for classes...
Building example list...
Searching for enumerations...
Searching for documented typedefs...
Searching for members imported via using declarations...
Searching for included using directives...
Searching for documented variables...
Building interface member list...
Building member list...
Searching for friends...
Searching for documented defines...
Computing class inheritance relations...
Computing class usage relations...
Flushing cached template relations that have become invalid...
Creating members for template instances...
Computing class relations...
Add enum values to enums...
Searching for member function documentation...
Building page list...
Search for main page...
Computing page relations...
Determining the scope of groups...
Sorting lists...
Freeing entry tree
Determining which enums are documented
Computing member relations...
Building full member lists recursively...
Adding members to member groups.
Computing member references...
Inheriting documentation...
Generating disk names...
Adding source references...
Adding xrefitems...
Sorting member lists...
Computing dependencies between directories...
Generating citations page...
Counting data structures...
Resolving user defined references...
Finding anchors and sections in the documentation...
Transferring function references...
Combining using relations...
Adding members to index pages...
Generating style sheet...
Generating example documentation...
Generating file sources...
Generating code for file src/Countdown.php...
Generating code for file src/Countdown/DivisionByZeroException.php...
Generating code for file src/Countdown/Exception.php...
Generating code for file src/Countdown/Formula.php...
Generating code for file src/Countdown/FormulaMustBeAStringException.php...
Generating code for file src/Countdown/Game.php...
Generating code for file src/Countdown/InvalidValueException.php...
Generating code for file src/Countdown/Lexer.php...
Generating code for file src/Countdown/NonIntegralDivisionException.php...
Generating code for file src/Countdown/Parser.php...
Generating code for file src/Countdown/Solver.php...
Generating code for file src/Countdown/Solver/ContainerInterface.php...
Generating code for file src/Countdown/Solver/Number.php...
Generating code for file src/Countdown/Solver/Operation.php...
Generating code for file src/Countdown/Solver/SkipException.php...
Generating code for file src/Countdown/SolverInterface.php...
Generating code for file src/Countdown/SyntaxErrorException.php...
Generating code for file src/Countdown/UnavailableNumberException.php...
Generating file documentation...
Generating page documentation...
Generating docs for page todo...
Generating group documentation...
Generating class documentation...
Generating namespace index...
Generating docs for compound Erebot::Module::Countdown...
Generating docs for compound Erebot::Module::Countdown::DivisionByZeroException...
Generating docs for compound Erebot::Module::Countdown::Exception...
Generating docs for compound Erebot::Module::Countdown::Formula...
Generating docs for compound Erebot::Module::Countdown::FormulaMustBeAStringException...
Generating docs for compound Erebot::Module::Countdown::Game...
Generating docs for compound Erebot::Module::Countdown::InvalidValueException...
Generating docs for compound Erebot::Module::Countdown::Lexer...
Generating docs for compound Erebot::Module::Countdown::NonIntegralDivisionException...
Generating docs for compound Erebot::Module::Countdown::Parser...
Generating docs for compound Erebot::Module::Countdown::ParseyyStackEntry...
Generating docs for compound Erebot::Module::Countdown::ParseyyToken...
Generating docs for compound Erebot::Module::Countdown::Solver...
Generating docs for compound Erebot::Module::Countdown::SolverInterfac/home/travis/build/Erebot/erebot.github.io/tmp/clone/src/Countdown/Parser.php:902: warning: argument 'mixed' of command @param is not found in the argument list of Erebot\Module\Countdown\Parser::doParse($yymajor,$yytokenvalue)
/home/travis/build/Erebot/erebot.github.io/tmp/clone/src/Countdown/Parser.php:347: warning: argument 'int' of command @param is not found in the argument list of Erebot\Module\Countdown\Parser::tokenName($tokenType)
/home/travis/build/Erebot/erebot.github.io/tmp/clone/src/Countdown/Parser.php:347: warning: The following parameters of Erebot\Module\Countdown\Parser\tokenName($tokenType) are not documented:
  parameter '$tokenType'
/home/travis/build/Erebot/erebot.github.io/tmp/clone/src/Countdown/Parser.php:624: warning: argument 'int' of command @param is not found in the argument list of Erebot\Module\Countdown\Parser::yy_find_reduce_action($stateno,$iLookAhead)
/home/travis/build/Erebot/erebot.github.io/tmp/clone/src/Countdown/Parser.php:624: warning: argument 'int' of command @param is not found in the argument list of Erebot\Module\Countdown\Parser::yy_find_reduce_action($stateno,$iLookAhead)
/home/travis/build/Erebot/erebot.github.io/tmp/clone/src/Countdown/Parser.php:624: warning: The following parameters of Erebot\Module\Countdown\Parser\yy_find_reduce_action($stateno,$iLookAhead) are not documented:
  parameter '$stateno'
  parameter '$iLookAhead'
/home/travis/build/Erebot/erebot.github.io/tmp/clone/src/Countdown/Parser.php:581: warning: argument 'int' of command @param is not found in the argument list of Erebot\Module\Countdown\Parser::yy_find_shift_action($iLookAhead)
/home/travis/build/Erebot/erebot.github.io/tmp/clone/src/Countdown/Parser.php:581: warning: The following parameters of Erebot\Module\Countdown\Parser\yy_find_shift_action($iLookAhead) are not documented:
  parameter '$iLookAhead'
/home/travis/build/Erebot/erebot.github.io/tmp/clone/src/Countdown/Parser.php:429: warning: argument 'int' of command @param is not found in the argument list of Erebot\Module\Countdown\Parser::yy_get_expected_tokens($token)
/home/travis/build/Erebot/erebot.github.io/tmp/clone/src/Countdown/Parser.php:429: warning: The following parameters of Erebot\Module\Countdown\Parser\yy_get_expected_tokens($token) are not documented:
  parameter '$token'
/home/travis/build/Erebot/erebot.github.io/tmp/clone/src/Countdown/Parser.php:501: warning: argument 'int' of command @param is not found in the argument list of Erebot\Module\Countdown\Parser::yy_is_expected_token($token)
/home/travis/build/Erebot/erebot.github.io/tmp/clone/src/Countdown/Parser.php:501: warning: The following parameters of Erebot\Module\Countdown\Parser\yy_is_expected_token($token) are not documented:
  parameter '$token'
/home/travis/build/Erebot/erebot.github.io/tmp/clone/src/Countdown/Parser.php:388: warning: argument 'ParseyyParser' of command @param is not found in the argument list of Erebot\Module\Countdown\Parser::yy_pop_parser_stack()
/home/travis/build/Erebot/erebot.github.io/tmp/clone/src/Countdown/Parser.php:787: warning: argument 'int' of command @param is not found in the argument list of Erebot\Module\Countdown\Parser::yy_reduce($yyruleno)
/home/travis/build/Erebot/erebot.github.io/tmp/clone/src/Countdown/Parser.php:787: warning: The following parameters of Erebot\Module\Countdown\Parser\yy_reduce($yyruleno) are not documented:
  parameter '$yyruleno'
/home/travis/build/Erebot/erebot.github.io/tmp/clone/src/Countdown/Parser.php:657: warning: argument 'int' of command @param is not found in the argument list of Erebot\Module\Countdown\Parser::yy_shift($yyNewState,$yyMajor,$yypMinor)
/home/travis/build/Erebot/erebot.github.io/tmp/clone/src/Countdown/Parser.php:657: warning: argument 'int' of command @param is not found in the argument list of Erebot\Module\Countdown\Parser::yy_shift($yyNewState,$yyMajor,$yypMinor)
/home/travis/build/Erebot/erebot.github.io/tmp/clone/src/Countdown/Parser.php:657: warning: argument 'mixed' of command @param is not found in the argument list of Erebot\Module\Countdown\Parser::yy_shift($yyNewState,$yyMajor,$yypMinor)
/home/travis/build/Erebot/erebot.github.io/tmp/clone/src/Countdown/Parser.php:657: warning: The following parameters of Erebot\Module\Countdown\Parser\yy_shift($yyNewState,$yyMajor,$yypMinor) are not documented:
  parameter '$yyNewState'
  parameter '$yyMajor'
  parameter '$yypMinor'
/home/travis/build/Erebot/erebot.github.io/tmp/clone/src/Countdown/Parser.php:872: warning: argument 'int' of command @param is not found in the argument list of Erebot\Module\Countdown\Parser::yy_syntax_error($yymajor,$TOKEN)
/home/travis/build/Erebot/erebot.github.io/tmp/clone/src/Countdown/Parser.php:872: warning: argument 'mixed' of command @param is not found in the argument list of Erebot\Module\Countdown\Parser::yy_syntax_error($yymajor,$TOKEN)
/home/travis/build/Erebot/erebot.github.io/tmp/clone/src/Countdown/Parser.php:872: warning: The following parameters of Erebot\Module\Countdown\Parser\yy_syntax_error($yymajor,$TOKEN) are not documented:
  parameter '$yymajor'
  parameter '$TOKEN'
/home/travis/build/Erebot/erebot.github.io/tmp/clone/src/Countdown/Parser.php:261: warning: argument 'resource' of command @param is not found in the argument list of Erebot\Module\Countdown\Parser::Trace($TraceFILE,$zTracePrompt)
/home/travis/build/Erebot/erebot.github.io/tmp/clone/src/Countdown/Parser.php:261: warning: argument 'string' of command @param is not found in the argument list of Erebot\Module\Countdown\Parser::Trace($TraceFILE,$zTracePrompt)
/home/travis/build/Erebot/erebot.github.io/tmp/clone/src/Countdown/Parser.php:261: warning: The following parameters of Erebot\Module\Countdown\Parser\Trace($TraceFILE,$zTracePrompt) are not documented:
  parameter '$TraceFILE'
  parameter '$zTracePrompt'
/home/travis/build/Erebot/erebot.github.io/tmp/clone/src/Countdown/Parser.php:365: warning: argument 'int' of command @param is not found in the argument list of Erebot\Module\Countdown\Parser::yy_destructor($yymajor,$yypminor)
/home/travis/build/Erebot/erebot.github.io/tmp/clone/src/Countdown/Parser.php:365: warning: argument 'mixed' of command @param is not found in the argument list of Erebot\Module\Countdown\Parser::yy_destructor($yymajor,$yypminor)
/home/travis/build/Erebot/erebot.github.io/tmp/clone/src/Countdown/Parser.php:365: warning: The following parameters of Erebot\Module\Countdown\Parser\yy_destructor($yymajor,$yypminor) are not documented:
  parameter '$yymajor'
  parameter '$yypminor'
todo:2: warning: Illegal command Module as part of a \ref
todo:2: warning: Illegal command Countdown as part of a \ref
todo:2: warning: Illegal command Game as part of a \ref
todo:2: warning: Illegal command Erebot as part of a <dt> tag
todo:2: warning: Illegal command Module as part of a <dt> tag
todo:2: warning: Illegal command Countdown as part of a <dt> tag
todo:2: warning: Illegal command Formula as part of a <dt> tag
e...
Generating docs for compound Erebot::Module::Countdown::SyntaxErrorException...
Generating docs for compound Erebot::Module::Countdown::UnavailableNumberException...
Generating docs for compound Erebot::Module::Countdown::Solver::ContainerInterface...
Generating docs for compound Erebot::Module::Countdown::Solver::Number...
Generating docs for compound Erebot::Module::Countdown::Solver::Operation...
Generating docs for compound Erebot::Module::Countdown::Solver::SkipException...
Generating graph info page...
Generating directory documentation...
Generating dependency graph for directory src/Countdown
Generating dependency graph for directory src/Countdown/Solver
Generating dependency graph for directory src
Generating index page...
Generating page index...
Generating module index...
Generating namespace index...
Generating namespace member index...
Generating annotated compound index...
Generating alphabetical compound index...
Generating hierarchical class index...
Generating graphical class hierarchy...
Generating member index...
Generating file index...
Generating file member index...
Generating example index...
finalizing index lists...
Generating XML output...
Generating XML output for class Erebot::Module::Countdown::Solver::ContainerInterface
Generating XML output for class Erebot::Module::Countdown
Generating XML output for class Erebot::Module::Countdown::DivisionByZeroException
Generating XML output for class Erebot::Module::Countdown::Exception
Generating XML output for class Erebot::Module::Countdown::Formula
Generating XML output for class Erebot::Module::Countdown::FormulaMustBeAStringException
Generating XML output for class Erebot::Module::Countdown::Game
Generating XML output for class Erebot::Module::Countdown::InvalidValueException
Generating XML output for class Erebot::Module::Countdown::Lexer
Generating XML output for class Erebot::Module::Countdown::NonIntegralDivisionException
Generating XML output for class Erebot::Module::Countdown::Solver::Number
Generating XML output for class Erebot::Module::Countdown::Solver::Operation
Generating XML output for class Erebot::Module::Countdown::Parser
Generating XML output for class Erebot::Module::Countdown::ParseyyStackEntry
Generating XML output for class Erebot::Module::Countdown::ParseyyToken
Generating XML output for class Erebot::Module::Countdown::Solver::SkipException
Generating XML output for class Erebot::Module::Countdown::Solver
Generating XML output for class Erebot::Module::Countdown::SolverInterface
Generating XML output for class Erebot::Module::Countdown::SyntaxErrorException
Generating XML output for class Erebot::Module::Countdown::UnavailableNumberException
Generating XML output for namespace ArrayAccess
Generating XML output for namespace Erebot
Generating XML output for namespace Erebot::Module
Generating XML output for namespace Erebot::Module::Countdown
Generating XML output for namespace Erebot::Module::Countdown::Solver
Generating XML output for file Countdown.php
Generating XML output for file DivisionByZeroException.php
Generating XML output for file Exception.php
Generating XML output for file Formula.php
Generating XML output for file FormulaMustBeAStringException.php
Generating XML output for file Game.php
Generating XML output for file InvalidValueException.php
Generating XML output for file Lexer.php
Generating XML output for file NonIntegralDivisionException.php
Generating XML output for file Parser.php
Generating XML output for file Solver.php
Generating XML output for file ContainerInterface.php
Generating XML output for file Number.php
Generating XML output for file Operation.php
Generating XML output for file SkipException.php
Generating XML output for file SolverInterface.php
Generating XML output for file SyntaxErrorException.php
Generating XML output for file UnavailableNumberException.php
Generating XML output for page todo
Generate XML output for dir /home/travis/build/Erebot/erebot.github.io/tmp/clone/src/Countdown/
Generate XML output for dir /home/travis/build/Erebot/erebot.github.io/tmp/clone/src/Countdown/Solver/
Generate XML output for dir /home/travis/build/Erebot/erebot.github.io/tmp/clone/src/
Running dot...
Generating dot graphs using 4 parallel threads...
Running dot for graph 1/29
Running dot for graph 2/29
Running dot for graph 3/29
Running dot for graph 4/29
Running dot for graph 5/29
Running dot for graph 6/29
Running dot for graph 7/29
Running dot for graph 8/29
Running dot for graph 9/29
Running dot for graph 10/29
Running dot for graph 11/29
Running dot for graph 12/29
Running dot for graph 13/29
Running dot for graph 14/29
Running dot for graph 15/29
Running dot for graph 16/29
Running dot for graph 17/29
Running dot for graph 18/29
Running dot for graph 19/29
Running dot for graph 20/29
Running dot for graph 21/29
Running dot for graph 22/29
Running dot for graph 23/29
Running dot for graph 24/29
Running dot for graph 25/29
Running dot for graph 26/29
Running dot for graph 27/29
Running dot for graph 28/29
Running dot for graph 29/29
Patching output file 1/19
Patching output file 2/19
Patching output file 3/19
Patching output file 4/19
Patching output file 5/19
Patching output file 6/19
Patching output file 7/19
Patching output file 8/19
Patching output file 9/19
Patching output file 10/19
Patching output file 11/19
Patching output file 12/19
Patching output file 13/19
Patching output file 14/19
Patching output file 15/19
Patching output file 16/19
Patching output file 17/19
Patching output file 18/19
Patching output file 19/19
lookup cache used 288/65536 hits=2156 misses=294
finished...
Building version clone for erebot.github.io in /home/travis/build/Erebot/erebot.github.io/tmp/clone [builder: html]
Including real configuration file (/home/travis/build/Erebot/erebot.github.io/tmp/clone/docs/src/real_conf.py)...
loading translations [fr]... done
building [html]: targets for 4 source files that are out of date
updating environment: 4 added, 0 changed, 0 removed
reading sources... [ 25%] Configuration
reading sources... [ 50%] Prerequisites
reading sources... [ 75%] Usage
reading sources... [100%] index

/home/travis/build/Erebot/erebot.github.io/tmp/clone/docs/src/Configuration.rst:0: ERROR: Undefined substitution referenced: "project".
/home/travis/build/Erebot/erebot.github.io/tmp/clone/docs/src/Configuration.rst:60: ERROR: Undefined substitution referenced: "project".
/home/travis/build/Erebot/erebot.github.io/tmp/clone/docs/src/Usage.rst:0: ERROR: Undefined substitution referenced: "project".
/home/travis/build/Erebot/erebot.github.io/tmp/clone/docs/src/index.rst:19: WARNING: toctree contains reference to nonexisting document u'generic/Installation'
/home/travis/build/Erebot/erebot.github.io/tmp/clone/docs/src/index.rst:28: WARNING: nonlocal image URI found: https://secure.travis-ci.org/Erebot/Erebot_Module_Countdown.png
/home/travis/build/Erebot/erebot.github.io/tmp/clone/docs/src/index.rst:30: WARNING: nonlocal image URI found: https://secure.travis-ci.org/Erebot/Erebot_Module_Countdown.png
looking for now-outdated files... none found
pickling environment... done
checking consistency... done
preparing documents... done
writing output... [ 25%] Configuration
writing output... [ 50%] Prerequisites
writing output... [ 75%] Usage
writing output... [100%] index

writing additional files... search
copying static files... done
copying extra files... done
dumping search index... done
dumping object inventory... done
build succeeded, 6 warnings.
